<?xml version="1.0" encoding="UTF-8"?>
<coverage generated="1560113820453" clover="3.2.0">
  <project timestamp="1560113820454" name="All files">
    <metrics statements="1717" coveredstatements="1083" conditionals="924" coveredconditionals="550" methods="275" coveredmethods="134" elements="2916" coveredelements="1767" complexity="0" loc="1717" ncloc="1717" packages="13" files="36" classes="36"/>
    <package name="utils">
      <metrics statements="13" coveredstatements="0" conditionals="0" coveredconditionals="0" methods="6" coveredmethods="0"/>
      <file name="tileUtils.js" path="D:\Schooldocumenten\Masterproef_projects\geo_data_integration\src\utils\tileUtils.js">
        <metrics statements="13" coveredstatements="0" conditionals="0" coveredconditionals="0" methods="6" coveredmethods="0"/>
        <line num="2" count="0" type="stmt"/>
        <line num="3" count="0" type="stmt"/>
        <line num="4" count="0" type="stmt"/>
        <line num="8" count="0" type="stmt"/>
        <line num="9" count="0" type="stmt"/>
        <line num="10" count="0" type="stmt"/>
        <line num="11" count="0" type="stmt"/>
        <line num="12" count="0" type="stmt"/>
        <line num="23" count="0" type="stmt"/>
        <line num="24" count="0" type="stmt"/>
        <line num="27" count="0" type="stmt"/>
        <line num="30" count="0" type="stmt"/>
        <line num="31" count="0" type="stmt"/>
      </file>
    </package>
    <package name="utils.Integration.Data">
      <metrics statements="98" coveredstatements="85" conditionals="61" coveredconditionals="52" methods="27" coveredmethods="21"/>
      <file name="LoadData.js" path="D:\Schooldocumenten\Masterproef_projects\geo_data_integration\src\utils\Integration\Data\LoadData.js">
        <metrics statements="17" coveredstatements="9" conditionals="0" coveredconditionals="0" methods="12" coveredmethods="6"/>
        <line num="6" count="7" type="stmt"/>
        <line num="9" count="3" type="stmt"/>
        <line num="10" count="3" type="stmt"/>
        <line num="11" count="3" type="stmt"/>
        <line num="12" count="0" type="stmt"/>
        <line num="17" count="6" type="stmt"/>
        <line num="18" count="6" type="stmt"/>
        <line num="19" count="6" type="stmt"/>
        <line num="20" count="6" type="stmt"/>
        <line num="22" count="6" type="stmt"/>
        <line num="27" count="0" type="stmt"/>
        <line num="33" count="0" type="stmt"/>
        <line num="34" count="0" type="stmt"/>
        <line num="35" count="0" type="stmt"/>
        <line num="37" count="0" type="stmt"/>
        <line num="43" count="0" type="stmt"/>
        <line num="44" count="0" type="stmt"/>
      </file>
      <file name="LoadTestData.js" path="D:\Schooldocumenten\Masterproef_projects\geo_data_integration\src\utils\Integration\Data\LoadTestData.js">
        <metrics statements="2" coveredstatements="2" conditionals="0" coveredconditionals="0" methods="2" coveredmethods="2"/>
        <line num="4" count="24" type="stmt"/>
        <line num="5" count="24" type="stmt"/>
      </file>
      <file name="ParseData.js" path="D:\Schooldocumenten\Masterproef_projects\geo_data_integration\src\utils\Integration\Data\ParseData.js">
        <metrics statements="78" coveredstatements="73" conditionals="61" coveredconditionals="52" methods="13" coveredmethods="13"/>
        <line num="8" count="6" type="stmt"/>
        <line num="9" count="6" type="stmt"/>
        <line num="10" count="6" type="stmt"/>
        <line num="12" count="6" type="stmt"/>
        <line num="13" count="6" type="stmt"/>
        <line num="14" count="6" type="stmt"/>
        <line num="15" count="367904" type="cond" truecount="4" falsecount="1"/>
        <line num="16" count="367904" type="stmt"/>
        <line num="17" count="367904" type="stmt"/>
        <line num="19" count="367904" type="stmt"/>
        <line num="24" count="367904" type="cond" truecount="2" falsecount="0"/>
        <line num="25" count="30739" type="cond" truecount="1" falsecount="1"/>
        <line num="26" count="30739" type="cond" truecount="2" falsecount="0"/>
        <line num="27" count="3619" type="stmt"/>
        <line num="29" count="30739" type="stmt"/>
        <line num="32" count="0" type="stmt"/>
        <line num="35" count="337165" type="cond" truecount="2" falsecount="0"/>
        <line num="37" count="50071" type="cond" truecount="2" falsecount="0"/>
        <line num="38" count="16100" type="cond" truecount="1" falsecount="1"/>
        <line num="39" count="16100" type="stmt"/>
        <line num="41" count="16100" type="stmt"/>
        <line num="43" count="33971" type="cond" truecount="2" falsecount="0"/>
        <line num="44" count="16100" type="cond" truecount="1" falsecount="1"/>
        <line num="45" count="0" type="stmt"/>
        <line num="47" count="16100" type="stmt"/>
        <line num="53" count="287094" type="cond" truecount="2" falsecount="0"/>
        <line num="54" count="29021" type="cond" truecount="2" falsecount="0"/>
        <line num="55" count="4790" type="cond" truecount="1" falsecount="1"/>
        <line num="56" count="4790" type="stmt"/>
        <line num="61" count="4790" type="stmt"/>
        <line num="62" count="4790" type="stmt"/>
        <line num="63" count="4790" type="stmt"/>
        <line num="66" count="24231" type="stmt"/>
        <line num="67" count="24231" type="cond" truecount="2" falsecount="0"/>
        <line num="68" count="19441" type="cond" truecount="1" falsecount="1"/>
        <line num="69" count="0" type="stmt"/>
        <line num="74" count="19441" type="cond" truecount="2" falsecount="0"/>
        <line num="75" count="9631" type="cond" truecount="1" falsecount="1"/>
        <line num="76" count="9631" type="stmt"/>
        <line num="77" count="9631" type="cond" truecount="4" falsecount="0"/>
        <line num="78" count="107" type="stmt"/>
        <line num="83" count="9810" type="stmt"/>
        <line num="88" count="258073" type="cond" truecount="2" falsecount="0"/>
        <line num="89" count="142360" type="cond" truecount="4" falsecount="0"/>
        <line num="90" count="18876" type="cond" truecount="1" falsecount="1"/>
        <line num="91" count="0" type="stmt"/>
        <line num="94" count="18876" type="stmt"/>
        <line num="95" count="18876" type="stmt"/>
        <line num="99" count="123484" type="stmt"/>
        <line num="100" count="123484" type="stmt"/>
        <line num="109" count="6" type="stmt"/>
        <line num="114" count="24" type="stmt"/>
        <line num="115" count="24" type="stmt"/>
        <line num="133" count="24" type="cond" truecount="1" falsecount="1"/>
        <line num="134" count="24" type="stmt"/>
        <line num="136" count="0" type="stmt"/>
        <line num="143" count="24" type="stmt"/>
        <line num="144" count="24" type="stmt"/>
        <line num="145" count="24" type="stmt"/>
        <line num="146" count="24" type="stmt"/>
        <line num="147" count="24" type="stmt"/>
        <line num="148" count="173448" type="stmt"/>
        <line num="150" count="24" type="stmt"/>
        <line num="151" count="36792" type="stmt"/>
        <line num="153" count="24" type="stmt"/>
        <line num="154" count="912" type="stmt"/>
        <line num="156" count="24" type="stmt"/>
        <line num="161" count="24" type="stmt"/>
        <line num="162" count="24" type="stmt"/>
        <line num="163" count="24" type="stmt"/>
        <line num="164" count="36792" type="cond" truecount="4" falsecount="0"/>
        <line num="165" count="36360" type="cond" truecount="2" falsecount="0"/>
        <line num="166" count="33744" type="stmt"/>
        <line num="167" count="126696" type="cond" truecount="2" falsecount="0"/>
        <line num="168" count="1896" type="stmt"/>
        <line num="172" count="2616" type="cond" truecount="4" falsecount="0"/>
        <line num="173" count="192" type="stmt"/>
        <line num="177" count="24" type="stmt"/>
      </file>
      <file name="const.js" path="D:\Schooldocumenten\Masterproef_projects\geo_data_integration\src\utils\Integration\Data\const.js">
        <metrics statements="1" coveredstatements="1" conditionals="0" coveredconditionals="0" methods="0" coveredmethods="0"/>
        <line num="1" count="7" type="stmt"/>
      </file>
    </package>
    <package name="utils.Integration.Data.testdata">
      <metrics statements="1" coveredstatements="1" conditionals="0" coveredconditionals="0" methods="0" coveredmethods="0"/>
      <file name="osmMap.js" path="D:\Schooldocumenten\Masterproef_projects\geo_data_integration\src\utils\Integration\Data\testdata\osmMap.js">
        <metrics statements="1" coveredstatements="1" conditionals="0" coveredconditionals="0" methods="0" coveredmethods="0"/>
        <line num="1" count="4" type="stmt"/>
      </file>
    </package>
    <package name="utils.Integration.Demo">
      <metrics statements="375" coveredstatements="11" conditionals="169" coveredconditionals="0" methods="105" coveredmethods="0"/>
      <file name="EncodeDecodeDemoTestFunctions.js" path="D:\Schooldocumenten\Masterproef_projects\geo_data_integration\src\utils\Integration\Demo\EncodeDecodeDemoTestFunctions.js">
        <metrics statements="375" coveredstatements="11" conditionals="169" coveredconditionals="0" methods="105" coveredmethods="0"/>
        <line num="23" count="2" type="stmt"/>
        <line num="40" count="2" type="stmt"/>
        <line num="57" count="2" type="stmt"/>
        <line num="58" count="2" type="stmt"/>
        <line num="59" count="2" type="stmt"/>
        <line num="60" count="2" type="stmt"/>
        <line num="61" count="2" type="stmt"/>
        <line num="62" count="2" type="stmt"/>
        <line num="63" count="2" type="stmt"/>
        <line num="66" count="0" type="cond" truecount="0" falsecount="2"/>
        <line num="67" count="0" type="stmt"/>
        <line num="68" count="0" type="stmt"/>
        <line num="71" count="2" type="stmt"/>
        <line num="72" count="2" type="stmt"/>
        <line num="73" count="0" type="stmt"/>
        <line num="74" count="0" type="stmt"/>
        <line num="78" count="0" type="cond" truecount="0" falsecount="2"/>
        <line num="80" count="0" type="stmt"/>
        <line num="81" count="0" type="stmt"/>
        <line num="82" count="0" type="stmt"/>
        <line num="84" count="0" type="stmt"/>
        <line num="85" count="0" type="stmt"/>
        <line num="86" count="0" type="stmt"/>
        <line num="88" count="0" type="stmt"/>
        <line num="90" count="0" type="stmt"/>
        <line num="91" count="0" type="stmt"/>
        <line num="92" count="0" type="stmt"/>
        <line num="93" count="0" type="stmt"/>
        <line num="94" count="0" type="stmt"/>
        <line num="95" count="0" type="stmt"/>
        <line num="96" count="0" type="stmt"/>
        <line num="97" count="0" type="cond" truecount="0" falsecount="5"/>
        <line num="103" count="0" type="stmt"/>
        <line num="104" count="0" type="cond" truecount="0" falsecount="2"/>
        <line num="105" count="0" type="stmt"/>
        <line num="107" count="0" type="cond" truecount="0" falsecount="2"/>
        <line num="108" count="0" type="stmt"/>
        <line num="110" count="0" type="stmt"/>
        <line num="111" count="0" type="stmt"/>
        <line num="112" count="0" type="stmt"/>
        <line num="113" count="0" type="stmt"/>
        <line num="114" count="0" type="stmt"/>
        <line num="115" count="0" type="stmt"/>
        <line num="119" count="0" type="stmt"/>
        <line num="120" count="0" type="cond" truecount="0" falsecount="2"/>
        <line num="121" count="0" type="stmt"/>
        <line num="123" count="0" type="stmt"/>
        <line num="124" count="0" type="stmt"/>
        <line num="128" count="0" type="stmt"/>
        <line num="129" count="0" type="cond" truecount="0" falsecount="2"/>
        <line num="130" count="0" type="cond" truecount="0" falsecount="2"/>
        <line num="131" count="0" type="cond" truecount="0" falsecount="2"/>
        <line num="136" count="0" type="cond" truecount="0" falsecount="2"/>
        <line num="137" count="0" type="cond" truecount="0" falsecount="2"/>
        <line num="139" count="0" type="stmt"/>
        <line num="140" count="0" type="stmt"/>
        <line num="141" count="0" type="stmt"/>
        <line num="142" count="0" type="stmt"/>
        <line num="145" count="0" type="stmt"/>
        <line num="146" count="0" type="stmt"/>
        <line num="147" count="0" type="stmt"/>
        <line num="148" count="0" type="stmt"/>
        <line num="149" count="0" type="stmt"/>
        <line num="150" count="0" type="stmt"/>
        <line num="153" count="0" type="stmt"/>
        <line num="154" count="0" type="cond" truecount="0" falsecount="2"/>
        <line num="155" count="0" type="stmt"/>
        <line num="157" count="0" type="stmt"/>
        <line num="158" count="0" type="stmt"/>
        <line num="159" count="0" type="stmt"/>
        <line num="160" count="0" type="stmt"/>
        <line num="163" count="0" type="stmt"/>
        <line num="164" count="0" type="cond" truecount="0" falsecount="2"/>
        <line num="165" count="0" type="cond" truecount="0" falsecount="2"/>
        <line num="166" count="0" type="cond" truecount="0" falsecount="2"/>
        <line num="171" count="0" type="cond" truecount="0" falsecount="2"/>
        <line num="173" count="0" type="cond" truecount="0" falsecount="2"/>
        <line num="175" count="0" type="stmt"/>
        <line num="176" count="0" type="stmt"/>
        <line num="179" count="0" type="stmt"/>
        <line num="180" count="0" type="stmt"/>
        <line num="181" count="0" type="stmt"/>
        <line num="182" count="0" type="cond" truecount="0" falsecount="2"/>
        <line num="183" count="0" type="cond" truecount="0" falsecount="2"/>
        <line num="184" count="0" type="stmt"/>
        <line num="186" count="0" type="cond" truecount="0" falsecount="2"/>
        <line num="187" count="0" type="stmt"/>
        <line num="191" count="0" type="cond" truecount="0" falsecount="2"/>
        <line num="193" count="0" type="stmt"/>
        <line num="202" count="0" type="cond" truecount="0" falsecount="2"/>
        <line num="203" count="0" type="stmt"/>
        <line num="204" count="0" type="stmt"/>
        <line num="205" count="0" type="stmt"/>
        <line num="206" count="0" type="stmt"/>
        <line num="207" count="0" type="stmt"/>
        <line num="209" count="0" type="stmt"/>
        <line num="210" count="0" type="stmt"/>
        <line num="211" count="0" type="stmt"/>
        <line num="213" count="0" type="stmt"/>
        <line num="215" count="0" type="stmt"/>
        <line num="216" count="0" type="stmt"/>
        <line num="217" count="0" type="stmt"/>
        <line num="218" count="0" type="stmt"/>
        <line num="219" count="0" type="stmt"/>
        <line num="220" count="0" type="cond" truecount="0" falsecount="9"/>
        <line num="227" count="0" type="stmt"/>
        <line num="228" count="0" type="stmt"/>
        <line num="229" count="0" type="stmt"/>
        <line num="231" count="0" type="stmt"/>
        <line num="232" count="0" type="stmt"/>
        <line num="233" count="0" type="stmt"/>
        <line num="234" count="0" type="stmt"/>
        <line num="235" count="0" type="stmt"/>
        <line num="238" count="0" type="stmt"/>
        <line num="239" count="0" type="cond" truecount="0" falsecount="2"/>
        <line num="240" count="0" type="stmt"/>
        <line num="242" count="0" type="stmt"/>
        <line num="243" count="0" type="stmt"/>
        <line num="244" count="0" type="stmt"/>
        <line num="248" count="0" type="stmt"/>
        <line num="249" count="0" type="cond" truecount="0" falsecount="2"/>
        <line num="250" count="0" type="cond" truecount="0" falsecount="2"/>
        <line num="251" count="0" type="cond" truecount="0" falsecount="2"/>
        <line num="256" count="0" type="cond" truecount="0" falsecount="2"/>
        <line num="258" count="0" type="stmt"/>
        <line num="259" count="0" type="stmt"/>
        <line num="260" count="0" type="stmt"/>
        <line num="261" count="0" type="stmt"/>
        <line num="264" count="0" type="stmt"/>
        <line num="265" count="0" type="stmt"/>
        <line num="266" count="0" type="stmt"/>
        <line num="267" count="0" type="stmt"/>
        <line num="268" count="0" type="stmt"/>
        <line num="269" count="0" type="stmt"/>
        <line num="272" count="0" type="cond" truecount="0" falsecount="2"/>
        <line num="273" count="0" type="stmt"/>
        <line num="275" count="0" type="stmt"/>
        <line num="276" count="0" type="stmt"/>
        <line num="277" count="0" type="stmt"/>
        <line num="278" count="0" type="stmt"/>
        <line num="279" count="0" type="stmt"/>
        <line num="280" count="0" type="stmt"/>
        <line num="281" count="0" type="stmt"/>
        <line num="284" count="0" type="stmt"/>
        <line num="285" count="0" type="cond" truecount="0" falsecount="2"/>
        <line num="286" count="0" type="cond" truecount="0" falsecount="2"/>
        <line num="287" count="0" type="cond" truecount="0" falsecount="4"/>
        <line num="292" count="0" type="cond" truecount="0" falsecount="2"/>
        <line num="294" count="0" type="stmt"/>
        <line num="295" count="0" type="stmt"/>
        <line num="296" count="0" type="stmt"/>
        <line num="297" count="0" type="stmt"/>
        <line num="298" count="0" type="stmt"/>
        <line num="299" count="0" type="stmt"/>
        <line num="300" count="0" type="stmt"/>
        <line num="301" count="0" type="stmt"/>
        <line num="302" count="0" type="stmt"/>
        <line num="303" count="0" type="stmt"/>
        <line num="304" count="0" type="stmt"/>
        <line num="305" count="0" type="cond" truecount="0" falsecount="4"/>
        <line num="306" count="0" type="stmt"/>
        <line num="307" count="0" type="stmt"/>
        <line num="308" count="0" type="stmt"/>
        <line num="309" count="0" type="cond" truecount="0" falsecount="2"/>
        <line num="310" count="0" type="cond" truecount="0" falsecount="2"/>
        <line num="311" count="0" type="stmt"/>
        <line num="312" count="0" type="stmt"/>
        <line num="315" count="0" type="stmt"/>
        <line num="316" count="0" type="stmt"/>
        <line num="319" count="0" type="cond" truecount="0" falsecount="2"/>
        <line num="320" count="0" type="stmt"/>
        <line num="321" count="0" type="cond" truecount="0" falsecount="4"/>
        <line num="322" count="0" type="stmt"/>
        <line num="323" count="0" type="stmt"/>
        <line num="326" count="0" type="cond" truecount="0" falsecount="2"/>
        <line num="327" count="0" type="stmt"/>
        <line num="328" count="0" type="stmt"/>
        <line num="331" count="0" type="stmt"/>
        <line num="332" count="0" type="stmt"/>
        <line num="345" count="0" type="cond" truecount="0" falsecount="2"/>
        <line num="346" count="0" type="stmt"/>
        <line num="347" count="0" type="cond" truecount="0" falsecount="5"/>
        <line num="348" count="0" type="stmt"/>
        <line num="349" count="0" type="stmt"/>
        <line num="352" count="0" type="stmt"/>
        <line num="353" count="0" type="stmt"/>
        <line num="354" count="0" type="stmt"/>
        <line num="357" count="0" type="cond" truecount="0" falsecount="2"/>
        <line num="358" count="0" type="stmt"/>
        <line num="359" count="0" type="stmt"/>
        <line num="360" count="0" type="cond" truecount="0" falsecount="2"/>
        <line num="361" count="0" type="stmt"/>
        <line num="363" count="0" type="cond" truecount="0" falsecount="2"/>
        <line num="364" count="0" type="stmt"/>
        <line num="365" count="0" type="stmt"/>
        <line num="368" count="0" type="stmt"/>
        <line num="369" count="0" type="stmt"/>
        <line num="370" count="0" type="stmt"/>
        <line num="371" count="0" type="stmt"/>
        <line num="373" count="0" type="stmt"/>
        <line num="374" count="0" type="stmt"/>
        <line num="376" count="0" type="stmt"/>
        <line num="377" count="0" type="stmt"/>
        <line num="381" count="0" type="cond" truecount="0" falsecount="2"/>
        <line num="383" count="0" type="cond" truecount="0" falsecount="4"/>
        <line num="384" count="0" type="stmt"/>
        <line num="386" count="0" type="cond" truecount="0" falsecount="4"/>
        <line num="387" count="0" type="stmt"/>
        <line num="389" count="0" type="cond" truecount="0" falsecount="4"/>
        <line num="390" count="0" type="stmt"/>
        <line num="392" count="0" type="cond" truecount="0" falsecount="4"/>
        <line num="393" count="0" type="stmt"/>
        <line num="396" count="0" type="cond" truecount="0" falsecount="4"/>
        <line num="398" count="0" type="cond" truecount="0" falsecount="2"/>
        <line num="399" count="0" type="cond" truecount="0" falsecount="2"/>
        <line num="400" count="0" type="cond" truecount="0" falsecount="2"/>
        <line num="401" count="0" type="cond" truecount="0" falsecount="2"/>
        <line num="404" count="0" type="stmt"/>
        <line num="405" count="0" type="stmt"/>
        <line num="406" count="0" type="stmt"/>
        <line num="407" count="0" type="stmt"/>
        <line num="409" count="0" type="cond" truecount="0" falsecount="4"/>
        <line num="410" count="0" type="stmt"/>
        <line num="418" count="0" type="stmt"/>
        <line num="419" count="0" type="stmt"/>
        <line num="420" count="0" type="cond" truecount="0" falsecount="4"/>
        <line num="421" count="0" type="stmt"/>
        <line num="426" count="0" type="stmt"/>
        <line num="431" count="0" type="cond" truecount="0" falsecount="2"/>
        <line num="432" count="0" type="cond" truecount="0" falsecount="2"/>
        <line num="433" count="0" type="cond" truecount="0" falsecount="2"/>
        <line num="434" count="0" type="cond" truecount="0" falsecount="4"/>
        <line num="435" count="0" type="cond" truecount="0" falsecount="2"/>
        <line num="436" count="0" type="cond" truecount="0" falsecount="2"/>
        <line num="438" count="0" type="stmt"/>
        <line num="448" count="0" type="stmt"/>
        <line num="449" count="0" type="stmt"/>
        <line num="450" count="0" type="stmt"/>
        <line num="451" count="0" type="stmt"/>
        <line num="453" count="0" type="stmt"/>
        <line num="454" count="0" type="stmt"/>
        <line num="455" count="0" type="stmt"/>
        <line num="456" count="0" type="stmt"/>
        <line num="458" count="0" type="stmt"/>
        <line num="459" count="0" type="stmt"/>
        <line num="461" count="0" type="stmt"/>
        <line num="462" count="0" type="stmt"/>
        <line num="468" count="0" type="stmt"/>
        <line num="469" count="0" type="stmt"/>
        <line num="470" count="0" type="stmt"/>
        <line num="471" count="0" type="stmt"/>
        <line num="473" count="0" type="stmt"/>
        <line num="474" count="0" type="stmt"/>
        <line num="476" count="0" type="stmt"/>
        <line num="477" count="0" type="stmt"/>
        <line num="479" count="0" type="stmt"/>
        <line num="481" count="0" type="stmt"/>
        <line num="487" count="0" type="stmt"/>
        <line num="488" count="0" type="stmt"/>
        <line num="489" count="0" type="stmt"/>
        <line num="490" count="0" type="stmt"/>
        <line num="491" count="0" type="stmt"/>
        <line num="493" count="0" type="stmt"/>
        <line num="494" count="0" type="stmt"/>
        <line num="496" count="0" type="stmt"/>
        <line num="497" count="0" type="stmt"/>
        <line num="499" count="0" type="stmt"/>
        <line num="500" count="0" type="stmt"/>
        <line num="503" count="0" type="stmt"/>
        <line num="504" count="0" type="stmt"/>
        <line num="505" count="0" type="stmt"/>
        <line num="506" count="0" type="stmt"/>
        <line num="507" count="0" type="stmt"/>
        <line num="509" count="0" type="stmt"/>
        <line num="510" count="0" type="stmt"/>
        <line num="512" count="0" type="stmt"/>
        <line num="513" count="0" type="stmt"/>
        <line num="519" count="0" type="stmt"/>
        <line num="520" count="0" type="stmt"/>
        <line num="521" count="0" type="stmt"/>
        <line num="522" count="0" type="stmt"/>
        <line num="524" count="0" type="stmt"/>
        <line num="525" count="0" type="stmt"/>
        <line num="526" count="0" type="stmt"/>
        <line num="527" count="0" type="stmt"/>
        <line num="529" count="0" type="stmt"/>
        <line num="530" count="0" type="stmt"/>
        <line num="532" count="0" type="stmt"/>
        <line num="533" count="0" type="stmt"/>
        <line num="539" count="0" type="stmt"/>
        <line num="540" count="0" type="stmt"/>
        <line num="541" count="0" type="stmt"/>
        <line num="542" count="0" type="stmt"/>
        <line num="544" count="0" type="stmt"/>
        <line num="545" count="0" type="stmt"/>
        <line num="547" count="0" type="stmt"/>
        <line num="548" count="0" type="stmt"/>
        <line num="550" count="0" type="stmt"/>
        <line num="552" count="0" type="stmt"/>
        <line num="558" count="0" type="stmt"/>
        <line num="559" count="0" type="stmt"/>
        <line num="560" count="0" type="stmt"/>
        <line num="561" count="0" type="stmt"/>
        <line num="562" count="0" type="stmt"/>
        <line num="564" count="0" type="stmt"/>
        <line num="565" count="0" type="stmt"/>
        <line num="567" count="0" type="stmt"/>
        <line num="568" count="0" type="stmt"/>
        <line num="570" count="0" type="stmt"/>
        <line num="571" count="0" type="stmt"/>
        <line num="574" count="0" type="stmt"/>
        <line num="575" count="0" type="stmt"/>
        <line num="576" count="0" type="stmt"/>
        <line num="577" count="0" type="stmt"/>
        <line num="578" count="0" type="stmt"/>
        <line num="580" count="0" type="stmt"/>
        <line num="581" count="0" type="stmt"/>
        <line num="583" count="0" type="stmt"/>
        <line num="584" count="0" type="stmt"/>
        <line num="591" count="0" type="stmt"/>
        <line num="592" count="0" type="stmt"/>
        <line num="593" count="0" type="stmt"/>
        <line num="594" count="0" type="stmt"/>
        <line num="595" count="0" type="stmt"/>
        <line num="597" count="0" type="stmt"/>
        <line num="598" count="0" type="stmt"/>
        <line num="600" count="0" type="stmt"/>
        <line num="602" count="0" type="stmt"/>
        <line num="607" count="0" type="stmt"/>
        <line num="608" count="0" type="stmt"/>
        <line num="609" count="0" type="stmt"/>
        <line num="610" count="0" type="stmt"/>
        <line num="611" count="0" type="stmt"/>
        <line num="613" count="0" type="stmt"/>
        <line num="614" count="0" type="stmt"/>
        <line num="616" count="0" type="stmt"/>
        <line num="618" count="0" type="stmt"/>
        <line num="624" count="0" type="stmt"/>
        <line num="625" count="0" type="stmt"/>
        <line num="626" count="0" type="stmt"/>
        <line num="627" count="0" type="stmt"/>
        <line num="629" count="0" type="stmt"/>
        <line num="631" count="0" type="stmt"/>
        <line num="636" count="0" type="stmt"/>
        <line num="637" count="0" type="stmt"/>
        <line num="638" count="0" type="stmt"/>
        <line num="639" count="0" type="stmt"/>
        <line num="641" count="0" type="stmt"/>
        <line num="643" count="0" type="stmt"/>
        <line num="649" count="0" type="stmt"/>
        <line num="650" count="0" type="stmt"/>
        <line num="651" count="0" type="stmt"/>
        <line num="653" count="0" type="stmt"/>
        <line num="654" count="0" type="stmt"/>
        <line num="656" count="0" type="stmt"/>
        <line num="658" count="0" type="stmt"/>
        <line num="663" count="0" type="stmt"/>
        <line num="664" count="0" type="stmt"/>
        <line num="665" count="0" type="stmt"/>
        <line num="667" count="0" type="stmt"/>
        <line num="668" count="0" type="stmt"/>
        <line num="670" count="0" type="stmt"/>
        <line num="672" count="0" type="stmt"/>
        <line num="832" count="0" type="stmt"/>
        <line num="833" count="0" type="stmt"/>
        <line num="834" count="0" type="stmt"/>
        <line num="835" count="0" type="stmt"/>
        <line num="837" count="0" type="stmt"/>
        <line num="839" count="0" type="stmt"/>
        <line num="844" count="0" type="stmt"/>
        <line num="845" count="0" type="stmt"/>
        <line num="846" count="0" type="stmt"/>
        <line num="847" count="0" type="stmt"/>
        <line num="849" count="0" type="stmt"/>
        <line num="851" count="0" type="stmt"/>
      </file>
    </package>
    <package name="utils.Integration.OpenLR">
      <metrics statements="25" coveredstatements="11" conditionals="17" coveredconditionals="4" methods="2" coveredmethods="1"/>
      <file name="Decoder.js" path="D:\Schooldocumenten\Masterproef_projects\geo_data_integration\src\utils\Integration\OpenLR\Decoder.js">
        <metrics statements="22" coveredstatements="11" conditionals="15" coveredconditionals="4" methods="1" coveredmethods="1"/>
        <line num="45" count="6" type="stmt"/>
        <line num="46" count="6" type="stmt"/>
        <line num="47" count="6" type="stmt"/>
        <line num="48" count="78" type="cond" truecount="1" falsecount="1"/>
        <line num="49" count="78" type="stmt"/>
        <line num="52" count="6" type="cond" truecount="2" falsecount="0"/>
        <line num="53" count="2" type="stmt"/>
        <line num="55" count="6" type="cond" truecount="1" falsecount="1"/>
        <line num="56" count="6" type="stmt"/>
        <line num="57" count="6" type="stmt"/>
        <line num="58" count="6" type="stmt"/>
        <line num="61" count="0" type="cond" truecount="0" falsecount="2"/>
        <line num="64" count="0" type="stmt"/>
        <line num="67" count="0" type="cond" truecount="0" falsecount="5"/>
        <line num="68" count="0" type="stmt"/>
        <line num="69" count="0" type="cond" truecount="0" falsecount="2"/>
        <line num="70" count="0" type="stmt"/>
        <line num="72" count="0" type="stmt"/>
        <line num="73" count="0" type="stmt"/>
        <line num="74" count="0" type="stmt"/>
        <line num="75" count="0" type="stmt"/>
        <line num="78" count="0" type="stmt"/>
      </file>
      <file name="Encoder.js" path="D:\Schooldocumenten\Masterproef_projects\geo_data_integration\src\utils\Integration\OpenLR\Encoder.js">
        <metrics statements="3" coveredstatements="0" conditionals="2" coveredconditionals="0" methods="1" coveredmethods="0"/>
        <line num="7" count="0" type="cond" truecount="0" falsecount="2"/>
        <line num="8" count="0" type="stmt"/>
        <line num="10" count="0" type="stmt"/>
      </file>
    </package>
    <package name="utils.Integration.OpenLR.SearchTree">
      <metrics statements="165" coveredstatements="92" conditionals="100" coveredconditionals="38" methods="22" coveredmethods="19"/>
      <file name="GeoJSONRbushLineSearchTree.js" path="D:\Schooldocumenten\Masterproef_projects\geo_data_integration\src\utils\Integration\OpenLR\SearchTree\GeoJSONRbushLineSearchTree.js">
        <metrics statements="9" coveredstatements="8" conditionals="6" coveredconditionals="4" methods="2" coveredmethods="2"/>
        <line num="6" count="100" type="stmt"/>
        <line num="7" count="100" type="stmt"/>
        <line num="12" count="103" type="stmt"/>
        <line num="15" count="103" type="stmt"/>
        <line num="16" count="1605815" type="cond" truecount="1" falsecount="1"/>
        <line num="17" count="1605815" type="cond" truecount="3" falsecount="1"/>
        <line num="18" count="0" type="stmt"/>
        <line num="20" count="1605815" type="stmt"/>
        <line num="26" count="103" type="stmt"/>
      </file>
      <file name="GeoJSONRbushNodeSearchTree.js" path="D:\Schooldocumenten\Masterproef_projects\geo_data_integration\src\utils\Integration\OpenLR\SearchTree\GeoJSONRbushNodeSearchTree.js">
        <metrics statements="10" coveredstatements="9" conditionals="6" coveredconditionals="4" methods="2" coveredmethods="2"/>
        <line num="6" count="100" type="stmt"/>
        <line num="7" count="100" type="stmt"/>
        <line num="12" count="103" type="stmt"/>
        <line num="15" count="103" type="stmt"/>
        <line num="16" count="827323" type="cond" truecount="1" falsecount="1"/>
        <line num="17" count="827323" type="cond" truecount="3" falsecount="1"/>
        <line num="18" count="0" type="stmt"/>
        <line num="20" count="827323" type="stmt"/>
        <line num="21" count="827323" type="stmt"/>
        <line num="24" count="103" type="stmt"/>
      </file>
      <file name="GeoJSONRbushSearchTree.js" path="D:\Schooldocumenten\Masterproef_projects\geo_data_integration\src\utils\Integration\OpenLR\SearchTree\GeoJSONRbushSearchTree.js">
        <metrics statements="14" coveredstatements="13" conditionals="0" coveredconditionals="0" methods="5" coveredmethods="4"/>
        <line num="6" count="200" type="stmt"/>
        <line num="10" count="0" type="stmt"/>
        <line num="19" count="89" type="stmt"/>
        <line num="20" count="89" type="stmt"/>
        <line num="21" count="89" type="stmt"/>
        <line num="22" count="89" type="stmt"/>
        <line num="23" count="89" type="stmt"/>
        <line num="24" count="89" type="stmt"/>
        <line num="25" count="89" type="stmt"/>
        <line num="26" count="89" type="stmt"/>
        <line num="27" count="89" type="stmt"/>
        <line num="28" count="89" type="stmt"/>
        <line num="32" count="89" type="stmt"/>
        <line num="36" count="178" type="stmt"/>
      </file>
      <file name="RbushLineSearchTree.js" path="D:\Schooldocumenten\Masterproef_projects\geo_data_integration\src\utils\Integration\OpenLR\SearchTree\RbushLineSearchTree.js">
        <metrics statements="71" coveredstatements="36" conditionals="46" coveredconditionals="17" methods="6" coveredmethods="5"/>
        <line num="5" count="2" type="stmt"/>
        <line num="6" count="2" type="stmt"/>
        <line num="11" count="2" type="stmt"/>
        <line num="14" count="2" type="stmt"/>
        <line num="15" count="52" type="cond" truecount="1" falsecount="1"/>
        <line num="16" count="52" type="cond" truecount="3" falsecount="1"/>
        <line num="17" count="0" type="stmt"/>
        <line num="23" count="52" type="cond" truecount="2" falsecount="0"/>
        <line num="24" count="22" type="stmt"/>
        <line num="25" count="22" type="stmt"/>
        <line num="28" count="30" type="stmt"/>
        <line num="29" count="30" type="stmt"/>
        <line num="31" count="52" type="cond" truecount="2" falsecount="0"/>
        <line num="32" count="20" type="stmt"/>
        <line num="33" count="20" type="stmt"/>
        <line num="36" count="32" type="stmt"/>
        <line num="37" count="32" type="stmt"/>
        <line num="39" count="52" type="stmt"/>
        <line num="50" count="2" type="stmt"/>
        <line num="55" count="0" type="stmt"/>
        <line num="64" count="2" type="stmt"/>
        <line num="65" count="2" type="stmt"/>
        <line num="66" count="2" type="stmt"/>
        <line num="67" count="2" type="stmt"/>
        <line num="68" count="2" type="stmt"/>
        <line num="69" count="2" type="stmt"/>
        <line num="70" count="2" type="stmt"/>
        <line num="71" count="2" type="stmt"/>
        <line num="72" count="2" type="stmt"/>
        <line num="73" count="2" type="stmt"/>
        <line num="74" count="2" type="stmt"/>
        <line num="75" count="2" type="stmt"/>
        <line num="76" count="2" type="cond" truecount="4" falsecount="2"/>
        <line num="77" count="0" type="stmt"/>
        <line num="78" count="0" type="stmt"/>
        <line num="80" count="2" type="cond" truecount="5" falsecount="1"/>
        <line num="81" count="2" type="stmt"/>
        <line num="93" count="0" type="cond" truecount="0" falsecount="2"/>
        <line num="94" count="0" type="stmt"/>
        <line num="95" count="0" type="stmt"/>
        <line num="96" count="0" type="stmt"/>
        <line num="97" count="0" type="stmt"/>
        <line num="99" count="0" type="cond" truecount="0" falsecount="2"/>
        <line num="100" count="0" type="stmt"/>
        <line num="101" count="0" type="stmt"/>
        <line num="102" count="0" type="stmt"/>
        <line num="103" count="0" type="stmt"/>
        <line num="105" count="0" type="cond" truecount="0" falsecount="2"/>
        <line num="106" count="0" type="stmt"/>
        <line num="107" count="0" type="stmt"/>
        <line num="108" count="0" type="stmt"/>
        <line num="109" count="0" type="stmt"/>
        <line num="111" count="0" type="cond" truecount="0" falsecount="2"/>
        <line num="112" count="0" type="stmt"/>
        <line num="113" count="0" type="stmt"/>
        <line num="114" count="0" type="stmt"/>
        <line num="115" count="0" type="stmt"/>
        <line num="117" count="0" type="cond" truecount="0" falsecount="8"/>
        <line num="118" count="0" type="stmt"/>
        <line num="124" count="0" type="stmt"/>
        <line num="130" count="0" type="stmt"/>
        <line num="136" count="0" type="stmt"/>
        <line num="143" count="0" type="cond" truecount="0" falsecount="4"/>
        <line num="144" count="0" type="stmt"/>
        <line num="150" count="0" type="stmt"/>
        <line num="157" count="0" type="cond" truecount="0" falsecount="4"/>
        <line num="158" count="0" type="stmt"/>
        <line num="164" count="0" type="stmt"/>
        <line num="172" count="2" type="stmt"/>
        <line num="176" count="2" type="stmt"/>
        <line num="180" count="4" type="stmt"/>
      </file>
      <file name="RbushNodeSearchTree.js" path="D:\Schooldocumenten\Masterproef_projects\geo_data_integration\src\utils\Integration\OpenLR\SearchTree\RbushNodeSearchTree.js">
        <metrics statements="61" coveredstatements="26" conditionals="42" coveredconditionals="13" methods="7" coveredmethods="6"/>
        <line num="9" count="2" type="stmt"/>
        <line num="10" count="2" type="stmt"/>
        <line num="15" count="2" type="stmt"/>
        <line num="18" count="2" type="stmt"/>
        <line num="19" count="20" type="cond" truecount="1" falsecount="1"/>
        <line num="20" count="20" type="cond" truecount="3" falsecount="1"/>
        <line num="21" count="0" type="stmt"/>
        <line num="23" count="20" type="stmt"/>
        <line num="26" count="2" type="stmt"/>
        <line num="31" count="0" type="stmt"/>
        <line num="40" count="2" type="stmt"/>
        <line num="41" count="2" type="stmt"/>
        <line num="42" count="2" type="stmt"/>
        <line num="43" count="2" type="stmt"/>
        <line num="44" count="2" type="stmt"/>
        <line num="45" count="2" type="stmt"/>
        <line num="46" count="2" type="stmt"/>
        <line num="47" count="2" type="stmt"/>
        <line num="48" count="2" type="stmt"/>
        <line num="49" count="2" type="stmt"/>
        <line num="50" count="2" type="stmt"/>
        <line num="51" count="2" type="stmt"/>
        <line num="52" count="2" type="cond" truecount="4" falsecount="2"/>
        <line num="53" count="0" type="stmt"/>
        <line num="54" count="0" type="stmt"/>
        <line num="56" count="2" type="cond" truecount="5" falsecount="1"/>
        <line num="57" count="2" type="stmt"/>
        <line num="69" count="0" type="cond" truecount="0" falsecount="2"/>
        <line num="70" count="0" type="stmt"/>
        <line num="71" count="0" type="stmt"/>
        <line num="72" count="0" type="stmt"/>
        <line num="73" count="0" type="stmt"/>
        <line num="75" count="0" type="cond" truecount="0" falsecount="2"/>
        <line num="76" count="0" type="stmt"/>
        <line num="77" count="0" type="stmt"/>
        <line num="78" count="0" type="stmt"/>
        <line num="79" count="0" type="stmt"/>
        <line num="81" count="0" type="cond" truecount="0" falsecount="2"/>
        <line num="82" count="0" type="stmt"/>
        <line num="83" count="0" type="stmt"/>
        <line num="84" count="0" type="stmt"/>
        <line num="85" count="0" type="stmt"/>
        <line num="87" count="0" type="cond" truecount="0" falsecount="2"/>
        <line num="88" count="0" type="stmt"/>
        <line num="89" count="0" type="stmt"/>
        <line num="90" count="0" type="stmt"/>
        <line num="91" count="0" type="stmt"/>
        <line num="93" count="0" type="cond" truecount="0" falsecount="8"/>
        <line num="94" count="0" type="stmt"/>
        <line num="100" count="0" type="stmt"/>
        <line num="106" count="0" type="stmt"/>
        <line num="112" count="0" type="stmt"/>
        <line num="119" count="0" type="cond" truecount="0" falsecount="4"/>
        <line num="120" count="0" type="stmt"/>
        <line num="126" count="0" type="stmt"/>
        <line num="133" count="0" type="cond" truecount="0" falsecount="4"/>
        <line num="134" count="0" type="stmt"/>
        <line num="140" count="0" type="stmt"/>
        <line num="149" count="14" type="stmt"/>
        <line num="155" count="2" type="stmt"/>
        <line num="159" count="4" type="stmt"/>
      </file>
    </package>
    <package name="utils.Integration.OpenLR.coder">
      <metrics statements="542" coveredstatements="424" conditionals="394" coveredconditionals="319" methods="38" coveredmethods="33"/>
      <file name="CoderSettings.js" path="D:\Schooldocumenten\Masterproef_projects\geo_data_integration\src\utils\Integration\OpenLR\coder\CoderSettings.js">
        <metrics statements="2" coveredstatements="2" conditionals="0" coveredconditionals="0" methods="0" coveredmethods="0"/>
        <line num="3" count="17" type="stmt"/>
        <line num="20" count="17" type="stmt"/>
      </file>
      <file name="Dijkstra.js" path="D:\Schooldocumenten\Masterproef_projects\geo_data_integration\src\utils\Integration\OpenLR\coder\Dijkstra.js">
        <metrics statements="37" coveredstatements="34" conditionals="37" coveredconditionals="34" methods="3" coveredmethods="3"/>
        <line num="6" count="57" type="cond" truecount="2" falsecount="0"/>
        <line num="7" count="21" type="stmt"/>
        <line num="13" count="36" type="stmt"/>
        <line num="14" count="36" type="stmt"/>
        <line num="16" count="36" type="stmt"/>
        <line num="17" count="437" type="cond" truecount="2" falsecount="0"/>
        <line num="18" count="169" type="stmt"/>
        <line num="20" count="268" type="cond" truecount="1" falsecount="1"/>
        <line num="21" count="268" type="stmt"/>
        <line num="23" count="0" type="stmt"/>
        <line num="27" count="36" type="stmt"/>
        <line num="28" count="36" type="stmt"/>
        <line num="29" count="36" type="stmt"/>
        <line num="30" count="274" type="stmt"/>
        <line num="31" count="274" type="stmt"/>
        <line num="33" count="274" type="stmt"/>
        <line num="34" count="680" type="stmt"/>
        <line num="35" count="680" type="cond" truecount="1" falsecount="1"/>
        <line num="36" count="0" type="stmt"/>
        <line num="38" count="680" type="cond" truecount="6" falsecount="0"/>
        <line num="41" count="680" type="cond" truecount="5" falsecount="0"/>
        <line num="43" count="350" type="stmt"/>
        <line num="44" count="350" type="stmt"/>
        <line num="45" count="350" type="cond" truecount="4" falsecount="0"/>
        <line num="50" count="260" type="cond" truecount="4" falsecount="0"/>
        <line num="64" count="245" type="cond" truecount="2" falsecount="0"/>
        <line num="65" count="223" type="stmt"/>
        <line num="69" count="15" type="stmt"/>
        <line num="76" count="36" type="stmt"/>
        <line num="77" count="36" type="stmt"/>
        <line num="79" count="36" type="cond" truecount="2" falsecount="0"/>
        <line num="80" count="76" type="stmt"/>
        <line num="81" count="76" type="stmt"/>
        <line num="82" count="76" type="stmt"/>
        <line num="87" count="36" type="cond" truecount="1" falsecount="1"/>
        <line num="88" count="0" type="stmt"/>
        <line num="90" count="36" type="stmt"/>
      </file>
      <file name="JsonFormat.js" path="D:\Schooldocumenten\Masterproef_projects\geo_data_integration\src\utils\Integration\OpenLR\coder\JsonFormat.js">
        <metrics statements="6" coveredstatements="0" conditionals="2" coveredconditionals="0" methods="2" coveredmethods="0"/>
        <line num="5" count="0" type="cond" truecount="0" falsecount="2"/>
        <line num="6" count="0" type="stmt"/>
        <line num="11" count="0" type="stmt"/>
        <line num="33" count="0" type="stmt"/>
        <line num="34" count="0" type="stmt"/>
        <line num="50" count="0" type="stmt"/>
      </file>
      <file name="LRPNodeHelper.js" path="D:\Schooldocumenten\Masterproef_projects\geo_data_integration\src\utils\Integration\OpenLR\coder\LRPNodeHelper.js">
        <metrics statements="37" coveredstatements="36" conditionals="16" coveredconditionals="15" methods="2" coveredmethods="2"/>
        <line num="10" count="35" type="cond" truecount="1" falsecount="1"/>
        <line num="11" count="0" type="stmt"/>
        <line num="13" count="35" type="stmt"/>
        <line num="14" count="35" type="stmt"/>
        <line num="15" count="89" type="stmt"/>
        <line num="16" count="89" type="stmt"/>
        <line num="17" count="89" type="stmt"/>
        <line num="18" count="89" type="stmt"/>
        <line num="24" count="89" type="cond" truecount="2" falsecount="0"/>
        <line num="25" count="54" type="stmt"/>
        <line num="26" count="54" type="stmt"/>
        <line num="27" count="54" type="stmt"/>
        <line num="28" count="54" type="stmt"/>
        <line num="29" count="54" type="stmt"/>
        <line num="30" count="54" type="stmt"/>
        <line num="31" count="54" type="cond" truecount="4" falsecount="0"/>
        <line num="32" count="28" type="stmt"/>
        <line num="36" count="35" type="stmt"/>
        <line num="37" count="35" type="stmt"/>
        <line num="38" count="35" type="stmt"/>
        <line num="39" count="35" type="stmt"/>
        <line num="40" count="35" type="stmt"/>
        <line num="41" count="35" type="stmt"/>
        <line num="43" count="89" type="stmt"/>
        <line num="54" count="89" type="stmt"/>
        <line num="56" count="35" type="stmt"/>
        <line num="60" count="54" type="stmt"/>
        <line num="61" count="54" type="stmt"/>
        <line num="62" count="54" type="stmt"/>
        <line num="63" count="54" type="stmt"/>
        <line num="64" count="54" type="cond" truecount="2" falsecount="0"/>
        <line num="65" count="24" type="stmt"/>
        <line num="66" count="24" type="cond" truecount="4" falsecount="0"/>
        <line num="67" count="18" type="stmt"/>
        <line num="68" count="18" type="stmt"/>
        <line num="70" count="24" type="stmt"/>
        <line num="72" count="54" type="stmt"/>
      </file>
      <file name="LineDecoder.js" path="D:\Schooldocumenten\Masterproef_projects\geo_data_integration\src\utils\Integration\OpenLR\coder\LineDecoder.js">
        <metrics statements="162" coveredstatements="142" conditionals="161" coveredconditionals="138" methods="14" coveredmethods="14"/>
        <line num="10" count="12" type="stmt"/>
        <line num="14" count="12" type="stmt"/>
        <line num="19" count="12" type="stmt"/>
        <line num="22" count="12" type="stmt"/>
        <line num="26" count="12" type="stmt"/>
        <line num="28" count="12" type="stmt"/>
        <line num="36" count="25" type="stmt"/>
        <line num="37" count="25" type="stmt"/>
        <line num="38" count="58" type="stmt"/>
        <line num="40" count="58" type="stmt"/>
        <line num="44" count="58" type="cond" truecount="2" falsecount="0"/>
        <line num="45" count="49" type="stmt"/>
        <line num="47" count="58" type="cond" truecount="4" falsecount="0"/>
        <line num="49" count="21" type="stmt"/>
        <line num="50" count="21" type="cond" truecount="2" falsecount="2"/>
        <line num="51" count="0" type="stmt"/>
        <line num="53" count="21" type="stmt"/>
        <line num="54" count="21" type="stmt"/>
        <line num="55" count="293" type="stmt"/>
        <line num="56" count="293" type="cond" truecount="6" falsecount="0"/>
        <line num="64" count="80" type="stmt"/>
        <line num="65" count="80" type="stmt"/>
        <line num="66" count="80" type="stmt"/>
        <line num="70" count="21" type="stmt"/>
        <line num="73" count="25" type="stmt"/>
        <line num="78" count="22" type="stmt"/>
        <line num="79" count="22" type="stmt"/>
        <line num="80" count="52" type="stmt"/>
        <line num="82" count="52" type="stmt"/>
        <line num="83" count="307" type="cond" truecount="2" falsecount="0"/>
        <line num="85" count="66" type="cond" truecount="2" falsecount="0"/>
        <line num="89" count="66" type="cond" truecount="2" falsecount="5"/>
        <line num="91" count="0" type="stmt"/>
        <line num="94" count="66" type="cond" truecount="4" falsecount="0"/>
        <line num="97" count="20" type="stmt"/>
        <line num="108" count="20" type="stmt"/>
        <line num="109" count="20" type="stmt"/>
        <line num="114" count="241" type="cond" truecount="2" falsecount="0"/>
        <line num="118" count="241" type="stmt"/>
        <line num="119" count="428" type="cond" truecount="2" falsecount="0"/>
        <line num="123" count="428" type="cond" truecount="7" falsecount="0"/>
        <line num="125" count="114" type="stmt"/>
        <line num="127" count="428" type="cond" truecount="4" falsecount="0"/>
        <line num="130" count="119" type="stmt"/>
        <line num="140" count="119" type="stmt"/>
        <line num="141" count="119" type="stmt"/>
        <line num="148" count="52" type="cond" truecount="1" falsecount="1"/>
        <line num="149" count="0" type="stmt"/>
        <line num="151" count="52" type="stmt"/>
        <line num="153" count="22" type="stmt"/>
        <line num="158" count="52" type="stmt"/>
        <line num="160" count="263" type="stmt"/>
        <line num="165" count="140" type="stmt"/>
        <line num="166" count="140" type="stmt"/>
        <line num="171" count="140" type="stmt"/>
        <line num="172" count="140" type="stmt"/>
        <line num="173" count="140" type="stmt"/>
        <line num="176" count="140" type="cond" truecount="4" falsecount="0"/>
        <line num="177" count="36" type="stmt"/>
        <line num="178" count="36" type="stmt"/>
        <line num="179" count="36" type="stmt"/>
        <line num="183" count="140" type="cond" truecount="9" falsecount="0"/>
        <line num="186" count="36" type="cond" truecount="2" falsecount="0"/>
        <line num="187" count="36" type="stmt"/>
        <line num="188" count="36" type="stmt"/>
        <line num="191" count="140" type="stmt"/>
        <line num="192" count="140" type="stmt"/>
        <line num="193" count="140" type="stmt"/>
        <line num="194" count="140" type="stmt"/>
        <line num="201" count="27" type="cond" truecount="2" falsecount="0"/>
        <line num="202" count="16" type="stmt"/>
        <line num="205" count="11" type="stmt"/>
        <line num="217" count="24" type="cond" truecount="1" falsecount="1"/>
        <line num="218" count="0" type="stmt"/>
        <line num="220" count="24" type="stmt"/>
        <line num="221" count="24" type="cond" truecount="2" falsecount="0"/>
        <line num="222" count="18" type="stmt"/>
        <line num="224" count="24" type="cond" truecount="1" falsecount="1"/>
        <line num="225" count="24" type="stmt"/>
        <line num="227" count="24" type="stmt"/>
        <line num="228" count="24" type="stmt"/>
        <line num="229" count="24" type="stmt"/>
        <line num="231" count="24" type="stmt"/>
        <line num="233" count="24" type="cond" truecount="2" falsecount="0"/>
        <line num="235" count="27" type="stmt"/>
        <line num="238" count="27" type="cond" truecount="5" falsecount="0"/>
        <line num="243" count="4" type="stmt"/>
        <line num="247" count="23" type="stmt"/>
        <line num="250" count="27" type="cond" truecount="2" falsecount="0"/>
        <line num="253" count="7" type="stmt"/>
        <line num="256" count="27" type="cond" truecount="2" falsecount="0"/>
        <line num="259" count="11" type="stmt"/>
        <line num="262" count="11" type="cond" truecount="2" falsecount="0"/>
        <line num="263" count="10" type="stmt"/>
        <line num="267" count="27" type="cond" truecount="5" falsecount="0"/>
        <line num="274" count="8" type="stmt"/>
        <line num="277" count="27" type="cond" truecount="2" falsecount="0"/>
        <line num="280" count="24" type="stmt"/>
        <line num="284" count="27" type="cond" truecount="5" falsecount="0"/>
        <line num="288" count="4" type="cond" truecount="2" falsecount="0"/>
        <line num="290" count="3" type="stmt"/>
        <line num="292" count="3" type="stmt"/>
        <line num="294" count="1" type="cond" truecount="1" falsecount="1"/>
        <line num="296" count="0" type="stmt"/>
        <line num="299" count="0" type="stmt"/>
        <line num="300" count="0" type="stmt"/>
        <line num="302" count="0" type="stmt"/>
        <line num="305" count="1" type="stmt"/>
        <line num="310" count="26" type="stmt"/>
        <line num="312" count="23" type="cond" truecount="3" falsecount="1"/>
        <line num="313" count="0" type="stmt"/>
        <line num="315" count="23" type="stmt"/>
        <line num="316" count="23" type="cond" truecount="2" falsecount="2"/>
        <line num="320" count="0" type="stmt"/>
        <line num="325" count="18" type="stmt"/>
        <line num="326" count="18" type="stmt"/>
        <line num="327" count="18" type="stmt"/>
        <line num="328" count="18" type="stmt"/>
        <line num="329" count="24" type="stmt"/>
        <line num="332" count="17" type="stmt"/>
        <line num="336" count="17" type="cond" truecount="1" falsecount="1"/>
        <line num="337" count="0" type="stmt"/>
        <line num="339" count="17" type="stmt"/>
        <line num="340" count="17" type="stmt"/>
        <line num="341" count="23" type="cond" truecount="4" falsecount="0"/>
        <line num="343" count="19" type="stmt"/>
        <line num="345" count="23" type="stmt"/>
        <line num="346" count="3" type="stmt"/>
        <line num="349" count="17" type="cond" truecount="4" falsecount="0"/>
        <line num="351" count="5" type="stmt"/>
        <line num="353" count="17" type="stmt"/>
        <line num="411" count="15" type="stmt"/>
        <line num="412" count="15" type="stmt"/>
        <line num="413" count="15" type="cond" truecount="1" falsecount="1"/>
        <line num="414" count="0" type="stmt"/>
        <line num="416" count="15" type="stmt"/>
        <line num="417" count="15" type="stmt"/>
        <line num="418" count="15" type="cond" truecount="3" falsecount="0"/>
        <line num="419" count="15" type="cond" truecount="3" falsecount="0"/>
        <line num="420" count="15" type="cond" truecount="3" falsecount="0"/>
        <line num="421" count="2" type="cond" truecount="4" falsecount="0"/>
        <line num="422" count="1" type="stmt"/>
        <line num="423" count="1" type="stmt"/>
        <line num="424" count="1" type="cond" truecount="1" falsecount="1"/>
        <line num="425" count="0" type="stmt"/>
        <line num="426" count="0" type="stmt"/>
        <line num="427" count="0" type="stmt"/>
        <line num="430" count="1" type="stmt"/>
        <line num="431" count="1" type="stmt"/>
        <line num="432" count="1" type="stmt"/>
        <line num="435" count="1" type="cond" truecount="1" falsecount="1"/>
        <line num="436" count="1" type="stmt"/>
        <line num="437" count="1" type="stmt"/>
        <line num="438" count="1" type="stmt"/>
        <line num="440" count="0" type="cond" truecount="0" falsecount="2"/>
        <line num="441" count="0" type="stmt"/>
        <line num="442" count="0" type="stmt"/>
        <line num="443" count="0" type="stmt"/>
        <line num="445" count="2" type="cond" truecount="3" falsecount="0"/>
        <line num="446" count="2" type="cond" truecount="3" falsecount="0"/>
        <line num="448" count="15" type="cond" truecount="1" falsecount="1"/>
        <line num="449" count="0" type="stmt"/>
      </file>
      <file name="LineEncoder.js" path="D:\Schooldocumenten\Masterproef_projects\geo_data_integration\src\utils\Integration\OpenLR\coder\LineEncoder.js">
        <metrics statements="284" coveredstatements="196" conditionals="178" coveredconditionals="132" methods="15" coveredmethods="12"/>
        <line num="8" count="32" type="stmt"/>
        <line num="9" count="32" type="stmt"/>
        <line num="10" count="32" type="stmt"/>
        <line num="11" count="32" type="stmt"/>
        <line num="17" count="32" type="stmt"/>
        <line num="20" count="32" type="stmt"/>
        <line num="21" count="32" type="stmt"/>
        <line num="25" count="32" type="stmt"/>
        <line num="26" count="32" type="stmt"/>
        <line num="27" count="98" type="stmt"/>
        <line num="34" count="32" type="cond" truecount="2" falsecount="0"/>
        <line num="36" count="5" type="stmt"/>
        <line num="40" count="5" type="stmt"/>
        <line num="47" count="27" type="stmt"/>
        <line num="48" count="27" type="stmt"/>
        <line num="50" count="32" type="stmt"/>
        <line num="53" count="32" type="stmt"/>
        <line num="56" count="32" type="stmt"/>
        <line num="57" count="32" type="stmt"/>
        <line num="58" count="32" type="cond" truecount="1" falsecount="1"/>
        <line num="59" count="0" type="stmt"/>
        <line num="64" count="32" type="stmt"/>
        <line num="69" count="0" type="cond" truecount="0" falsecount="2"/>
        <line num="71" count="0" type="stmt"/>
        <line num="72" count="0" type="stmt"/>
        <line num="74" count="0" type="cond" truecount="0" falsecount="2"/>
        <line num="76" count="0" type="stmt"/>
        <line num="77" count="0" type="stmt"/>
        <line num="79" count="0" type="cond" truecount="0" falsecount="2"/>
        <line num="81" count="0" type="stmt"/>
        <line num="83" count="0" type="stmt"/>
        <line num="86" count="0" type="stmt"/>
        <line num="87" count="0" type="cond" truecount="0" falsecount="2"/>
        <line num="88" count="0" type="stmt"/>
        <line num="93" count="32" type="stmt"/>
        <line num="94" count="32" type="stmt"/>
        <line num="103" count="37" type="cond" truecount="4" falsecount="0"/>
        <line num="104" count="36" type="stmt"/>
        <line num="105" count="36" type="stmt"/>
        <line num="106" count="36" type="stmt"/>
        <line num="107" count="36" type="cond" truecount="3" falsecount="0"/>
        <line num="109" count="48" type="stmt"/>
        <line num="110" count="48" type="stmt"/>
        <line num="111" count="48" type="stmt"/>
        <line num="114" count="36" type="cond" truecount="2" falsecount="0"/>
        <line num="115" count="1" type="stmt"/>
        <line num="117" count="35" type="cond" truecount="2" falsecount="0"/>
        <line num="118" count="1" type="stmt"/>
        <line num="121" count="34" type="cond" truecount="2" falsecount="0"/>
        <line num="122" count="2" type="stmt"/>
        <line num="123" count="2" type="stmt"/>
        <line num="124" count="2" type="stmt"/>
        <line num="126" count="34" type="cond" truecount="2" falsecount="0"/>
        <line num="127" count="4" type="stmt"/>
        <line num="128" count="4" type="stmt"/>
        <line num="129" count="4" type="stmt"/>
        <line num="138" count="39" type="stmt"/>
        <line num="143" count="39" type="stmt"/>
        <line num="144" count="39" type="stmt"/>
        <line num="145" count="80" type="stmt"/>
        <line num="148" count="39" type="cond" truecount="3" falsecount="1"/>
        <line num="153" count="39" type="cond" truecount="3" falsecount="1"/>
        <line num="155" count="39" type="stmt"/>
        <line num="156" count="39" type="cond" truecount="2" falsecount="0"/>
        <line num="159" count="44" type="cond" truecount="2" falsecount="0"/>
        <line num="160" count="31" type="stmt"/>
        <line num="161" count="31" type="stmt"/>
        <line num="163" count="13" type="cond" truecount="1" falsecount="1"/>
        <line num="165" count="13" type="cond" truecount="2" falsecount="0"/>
        <line num="167" count="3" type="stmt"/>
        <line num="168" count="3" type="stmt"/>
        <line num="170" count="10" type="cond" truecount="1" falsecount="1"/>
        <line num="172" count="10" type="stmt"/>
        <line num="173" count="10" type="stmt"/>
        <line num="176" count="0" type="stmt"/>
        <line num="180" count="0" type="stmt"/>
        <line num="183" count="39" type="cond" truecount="4" falsecount="0"/>
        <line num="186" count="2" type="stmt"/>
        <line num="188" count="39" type="stmt"/>
        <line num="190" count="39" type="cond" truecount="2" falsecount="0"/>
        <line num="193" count="47" type="cond" truecount="2" falsecount="0"/>
        <line num="194" count="33" type="stmt"/>
        <line num="195" count="33" type="stmt"/>
        <line num="197" count="14" type="cond" truecount="1" falsecount="1"/>
        <line num="199" count="14" type="cond" truecount="2" falsecount="0"/>
        <line num="201" count="2" type="stmt"/>
        <line num="202" count="2" type="stmt"/>
        <line num="204" count="12" type="cond" truecount="1" falsecount="1"/>
        <line num="206" count="12" type="stmt"/>
        <line num="207" count="12" type="stmt"/>
        <line num="210" count="0" type="stmt"/>
        <line num="214" count="0" type="stmt"/>
        <line num="217" count="39" type="cond" truecount="4" falsecount="0"/>
        <line num="220" count="2" type="stmt"/>
        <line num="224" count="39" type="stmt"/>
        <line num="229" count="192" type="cond" truecount="2" falsecount="0"/>
        <line num="230" count="192" type="cond" truecount="2" falsecount="0"/>
        <line num="232" count="192" type="stmt"/>
        <line num="233" count="192" type="cond" truecount="2" falsecount="0"/>
        <line num="235" count="78" type="stmt"/>
        <line num="237" count="114" type="cond" truecount="2" falsecount="0"/>
        <line num="239" count="30" type="stmt"/>
        <line num="240" count="30" type="stmt"/>
        <line num="241" count="30" type="stmt"/>
        <line num="242" count="30" type="stmt"/>
        <line num="244" count="30" type="cond" truecount="4" falsecount="0"/>
        <line num="247" count="192" type="stmt"/>
        <line num="251" count="91" type="cond" truecount="1" falsecount="1"/>
        <line num="252" count="91" type="stmt"/>
        <line num="253" count="91" type="cond" truecount="2" falsecount="0"/>
        <line num="254" count="44" type="stmt"/>
        <line num="255" count="44" type="stmt"/>
        <line num="258" count="47" type="stmt"/>
        <line num="259" count="47" type="stmt"/>
        <line num="263" count="0" type="stmt"/>
        <line num="268" count="4" type="cond" truecount="2" falsecount="0"/>
        <line num="269" count="2" type="cond" truecount="1" falsecount="1"/>
        <line num="271" count="2" type="stmt"/>
        <line num="272" count="2" type="stmt"/>
        <line num="273" count="2" type="stmt"/>
        <line num="276" count="0" type="stmt"/>
        <line num="278" count="2" type="stmt"/>
        <line num="279" count="28" type="stmt"/>
        <line num="280" count="28" type="stmt"/>
        <line num="281" count="28" type="stmt"/>
        <line num="283" count="2" type="cond" truecount="1" falsecount="1"/>
        <line num="284" count="0" type="stmt"/>
        <line num="288" count="2" type="cond" truecount="1" falsecount="1"/>
        <line num="290" count="2" type="stmt"/>
        <line num="291" count="2" type="stmt"/>
        <line num="292" count="2" type="stmt"/>
        <line num="295" count="0" type="stmt"/>
        <line num="297" count="2" type="stmt"/>
        <line num="298" count="28" type="stmt"/>
        <line num="299" count="28" type="stmt"/>
        <line num="300" count="28" type="stmt"/>
        <line num="302" count="2" type="cond" truecount="1" falsecount="1"/>
        <line num="303" count="0" type="stmt"/>
        <line num="309" count="92" type="cond" truecount="6" falsecount="0"/>
        <line num="310" count="4" type="stmt"/>
        <line num="312" count="88" type="cond" truecount="2" falsecount="0"/>
        <line num="313" count="1" type="stmt"/>
        <line num="315" count="87" type="cond" truecount="2" falsecount="0"/>
        <line num="316" count="1" type="stmt"/>
        <line num="318" count="86" type="stmt"/>
        <line num="319" count="86" type="stmt"/>
        <line num="321" count="86" type="cond" truecount="4" falsecount="0"/>
        <line num="322" count="1" type="stmt"/>
        <line num="329" count="85" type="cond" truecount="3" falsecount="0"/>
        <line num="332" count="135" type="stmt"/>
        <line num="333" count="135" type="stmt"/>
        <line num="338" count="85" type="cond" truecount="4" falsecount="0"/>
        <line num="339" count="64" type="stmt"/>
        <line num="346" count="21" type="stmt"/>
        <line num="356" count="36" type="stmt"/>
        <line num="357" count="36" type="stmt"/>
        <line num="358" count="36" type="stmt"/>
        <line num="360" count="16" type="stmt"/>
        <line num="361" count="16" type="stmt"/>
        <line num="362" count="23" type="stmt"/>
        <line num="367" count="16" type="cond" truecount="1" falsecount="1"/>
        <line num="370" count="16" type="stmt"/>
        <line num="373" count="16" type="stmt"/>
        <line num="374" count="16" type="stmt"/>
        <line num="375" count="16" type="stmt"/>
        <line num="383" count="0" type="cond" truecount="0" falsecount="2"/>
        <line num="387" count="0" type="stmt"/>
        <line num="391" count="0" type="stmt"/>
        <line num="407" count="0" type="stmt"/>
        <line num="413" count="36" type="stmt"/>
        <line num="418" count="0" type="stmt"/>
        <line num="419" count="0" type="cond" truecount="0" falsecount="2"/>
        <line num="421" count="0" type="cond" truecount="0" falsecount="2"/>
        <line num="423" count="0" type="stmt"/>
        <line num="424" count="0" type="cond" truecount="0" falsecount="2"/>
        <line num="426" count="0" type="stmt"/>
        <line num="427" count="0" type="stmt"/>
        <line num="428" count="0" type="stmt"/>
        <line num="429" count="0" type="stmt"/>
        <line num="430" count="0" type="stmt"/>
        <line num="436" count="0" type="stmt"/>
        <line num="437" count="0" type="stmt"/>
        <line num="438" count="0" type="stmt"/>
        <line num="439" count="0" type="stmt"/>
        <line num="440" count="0" type="cond" truecount="0" falsecount="2"/>
        <line num="441" count="0" type="stmt"/>
        <line num="442" count="0" type="cond" truecount="0" falsecount="4"/>
        <line num="446" count="0" type="stmt"/>
        <line num="447" count="0" type="stmt"/>
        <line num="451" count="0" type="stmt"/>
        <line num="452" count="0" type="stmt"/>
        <line num="453" count="0" type="stmt"/>
        <line num="456" count="0" type="stmt"/>
        <line num="457" count="0" type="stmt"/>
        <line num="459" count="0" type="stmt"/>
        <line num="461" count="0" type="cond" truecount="0" falsecount="2"/>
        <line num="464" count="0" type="stmt"/>
        <line num="465" count="0" type="stmt"/>
        <line num="466" count="0" type="stmt"/>
        <line num="467" count="0" type="stmt"/>
        <line num="469" count="0" type="stmt"/>
        <line num="473" count="0" type="cond" truecount="0" falsecount="2"/>
        <line num="475" count="0" type="stmt"/>
        <line num="483" count="0" type="stmt"/>
        <line num="484" count="0" type="stmt"/>
        <line num="485" count="0" type="stmt"/>
        <line num="493" count="0" type="stmt"/>
        <line num="494" count="0" type="stmt"/>
        <line num="498" count="0" type="stmt"/>
        <line num="499" count="0" type="stmt"/>
        <line num="500" count="0" type="stmt"/>
        <line num="507" count="0" type="stmt"/>
        <line num="508" count="0" type="stmt"/>
        <line num="509" count="0" type="stmt"/>
        <line num="510" count="0" type="stmt"/>
        <line num="511" count="0" type="stmt"/>
        <line num="512" count="0" type="stmt"/>
        <line num="513" count="0" type="stmt"/>
        <line num="514" count="0" type="cond" truecount="0" falsecount="4"/>
        <line num="515" count="0" type="stmt"/>
        <line num="516" count="0" type="stmt"/>
        <line num="517" count="0" type="stmt"/>
        <line num="519" count="0" type="stmt"/>
        <line num="520" count="0" type="stmt"/>
        <line num="521" count="0" type="stmt"/>
        <line num="523" count="0" type="stmt"/>
        <line num="532" count="38" type="cond" truecount="4" falsecount="1"/>
        <line num="533" count="0" type="stmt"/>
        <line num="535" count="38" type="stmt"/>
        <line num="536" count="38" type="stmt"/>
        <line num="537" count="38" type="stmt"/>
        <line num="538" count="38" type="stmt"/>
        <line num="539" count="38" type="stmt"/>
        <line num="540" count="38" type="stmt"/>
        <line num="542" count="38" type="cond" truecount="2" falsecount="0"/>
        <line num="543" count="37" type="stmt"/>
        <line num="544" count="37" type="cond" truecount="4" falsecount="0"/>
        <line num="547" count="6" type="stmt"/>
        <line num="550" count="31" type="stmt"/>
        <line num="551" count="49" type="stmt"/>
        <line num="552" count="49" type="cond" truecount="2" falsecount="0"/>
        <line num="553" count="31" type="stmt"/>
        <line num="555" count="49" type="stmt"/>
        <line num="556" count="49" type="stmt"/>
        <line num="559" count="49" type="cond" truecount="3" falsecount="0"/>
        <line num="560" count="27" type="stmt"/>
        <line num="561" count="27" type="stmt"/>
        <line num="562" count="27" type="cond" truecount="2" falsecount="0"/>
        <line num="563" count="16" type="stmt"/>
        <line num="565" count="27" type="cond" truecount="2" falsecount="0"/>
        <line num="566" count="20" type="stmt"/>
        <line num="568" count="27" type="stmt"/>
        <line num="570" count="49" type="cond" truecount="1" falsecount="1"/>
        <line num="571" count="0" type="stmt"/>
        <line num="572" count="0" type="stmt"/>
        <line num="575" count="31" type="stmt"/>
        <line num="576" count="31" type="cond" truecount="2" falsecount="0"/>
        <line num="577" count="20" type="stmt"/>
        <line num="580" count="37" type="cond" truecount="3" falsecount="1"/>
        <line num="581" count="0" type="stmt"/>
        <line num="582" count="0" type="stmt"/>
        <line num="585" count="37" type="cond" truecount="2" falsecount="0"/>
        <line num="587" count="1" type="stmt"/>
        <line num="588" count="1" type="stmt"/>
        <line num="590" count="36" type="cond" truecount="2" falsecount="0"/>
        <line num="592" count="1" type="stmt"/>
        <line num="593" count="1" type="stmt"/>
        <line num="595" count="37" type="stmt"/>
        <line num="606" count="1" type="stmt"/>
        <line num="611" count="2" type="cond" truecount="4" falsecount="0"/>
        <line num="614" count="1" type="stmt"/>
        <line num="615" count="1" type="stmt"/>
        <line num="616" count="1" type="stmt"/>
        <line num="617" count="1" type="stmt"/>
        <line num="618" count="1" type="stmt"/>
        <line num="622" count="1" type="stmt"/>
        <line num="627" count="2" type="cond" truecount="4" falsecount="0"/>
        <line num="630" count="1" type="stmt"/>
        <line num="631" count="1" type="stmt"/>
        <line num="632" count="1" type="stmt"/>
        <line num="633" count="1" type="stmt"/>
        <line num="634" count="1" type="stmt"/>
        <line num="638" count="1" type="stmt"/>
        <line num="644" count="0" type="stmt"/>
      </file>
      <file name="Location.js" path="D:\Schooldocumenten\Masterproef_projects\geo_data_integration\src\utils\Integration\OpenLR\coder\Location.js">
        <metrics statements="5" coveredstatements="5" conditionals="0" coveredconditionals="0" methods="1" coveredmethods="1"/>
        <line num="4" count="145" type="stmt"/>
        <line num="5" count="145" type="stmt"/>
        <line num="6" count="145" type="stmt"/>
        <line num="8" count="145" type="stmt"/>
        <line num="9" count="145" type="stmt"/>
      </file>
      <file name="LocationReferencePoint.js" path="D:\Schooldocumenten\Masterproef_projects\geo_data_integration\src\utils\Integration\OpenLR\coder\LocationReferencePoint.js">
        <metrics statements="9" coveredstatements="9" conditionals="0" coveredconditionals="0" methods="1" coveredmethods="1"/>
        <line num="5" count="89" type="stmt"/>
        <line num="6" count="89" type="stmt"/>
        <line num="7" count="89" type="stmt"/>
        <line num="8" count="89" type="stmt"/>
        <line num="9" count="89" type="stmt"/>
        <line num="10" count="89" type="stmt"/>
        <line num="11" count="89" type="stmt"/>
        <line num="12" count="89" type="stmt"/>
        <line num="13" count="89" type="stmt"/>
      </file>
    </package>
    <package name="utils.Integration.OpenLR.experimental">
      <metrics statements="7" coveredstatements="6" conditionals="4" coveredconditionals="3" methods="1" coveredmethods="1"/>
      <file name="LinesDirectlyToLRPs.js" path="D:\Schooldocumenten\Masterproef_projects\geo_data_integration\src\utils\Integration\OpenLR\experimental\LinesDirectlyToLRPs.js">
        <metrics statements="7" coveredstatements="6" conditionals="4" coveredconditionals="3" methods="1" coveredmethods="1"/>
        <line num="15" count="2" type="cond" truecount="1" falsecount="1"/>
        <line num="16" count="0" type="stmt"/>
        <line num="18" count="2" type="stmt"/>
        <line num="19" count="2" type="cond" truecount="2" falsecount="0"/>
        <line num="20" count="2" type="stmt"/>
        <line num="21" count="6" type="stmt"/>
        <line num="23" count="2" type="stmt"/>
      </file>
    </package>
    <package name="utils.Integration.OpenLR.map">
      <metrics statements="195" coveredstatements="164" conditionals="85" coveredconditionals="60" methods="52" coveredmethods="37"/>
      <file name="Enum.js" path="D:\Schooldocumenten\Masterproef_projects\geo_data_integration\src\utils\Integration\OpenLR\map\Enum.js">
        <metrics statements="4" coveredstatements="4" conditionals="0" coveredconditionals="0" methods="0" coveredmethods="0"/>
        <line num="1" count="18" type="stmt"/>
        <line num="12" count="18" type="stmt"/>
        <line num="23" count="18" type="stmt"/>
        <line num="36" count="18" type="stmt"/>
      </file>
      <file name="Line.js" path="D:\Schooldocumenten\Masterproef_projects\geo_data_integration\src\utils\Integration\OpenLR\map\Line.js">
        <metrics statements="67" coveredstatements="59" conditionals="27" coveredconditionals="20" methods="13" coveredmethods="12"/>
        <line num="13" count="1610750" type="stmt"/>
        <line num="14" count="1610750" type="stmt"/>
        <line num="15" count="1610750" type="stmt"/>
        <line num="16" count="1610750" type="stmt"/>
        <line num="17" count="1610750" type="stmt"/>
        <line num="18" count="1610750" type="stmt"/>
        <line num="19" count="1610750" type="stmt"/>
        <line num="20" count="1610750" type="stmt"/>
        <line num="21" count="1610750" type="stmt"/>
        <line num="22" count="1610750" type="stmt"/>
        <line num="23" count="1610750" type="stmt"/>
        <line num="24" count="1610750" type="stmt"/>
        <line num="28" count="4852055" type="stmt"/>
        <line num="32" count="4853608" type="stmt"/>
        <line num="36" count="233" type="stmt"/>
        <line num="40" count="1079" type="stmt"/>
        <line num="44" count="2475" type="cond" truecount="5" falsecount="0"/>
        <line num="45" count="718" type="stmt"/>
        <line num="49" count="718" type="stmt"/>
        <line num="53" count="718" type="cond" truecount="2" falsecount="0"/>
        <line num="54" count="708" type="stmt"/>
        <line num="57" count="10" type="stmt"/>
        <line num="59" count="718" type="cond" truecount="1" falsecount="1"/>
        <line num="60" count="0" type="stmt"/>
        <line num="63" count="2475" type="stmt"/>
        <line num="67" count="74236" type="stmt"/>
        <line num="71" count="0" type="stmt"/>
        <line num="75" count="101" type="cond" truecount="1" falsecount="1"/>
        <line num="76" count="0" type="stmt"/>
        <line num="77" count="0" type="cond" truecount="0" falsecount="2"/>
        <line num="78" count="0" type="cond" truecount="0" falsecount="2"/>
        <line num="79" count="0" type="stmt"/>
        <line num="85" count="0" type="stmt"/>
        <line num="91" count="101" type="stmt"/>
        <line num="96" count="101" type="cond" truecount="2" falsecount="0"/>
        <line num="97" count="91" type="stmt"/>
        <line num="100" count="10" type="stmt"/>
        <line num="104" count="101" type="stmt"/>
        <line num="111" count="2404" type="stmt"/>
        <line num="112" count="2404" type="stmt"/>
        <line num="116" count="2404" type="cond" truecount="1" falsecount="1"/>
        <line num="117" count="2404" type="stmt"/>
        <line num="120" count="0" type="stmt"/>
        <line num="125" count="293" type="stmt"/>
        <line num="126" count="293" type="stmt"/>
        <line num="130" count="293" type="stmt"/>
        <line num="131" count="293" type="stmt"/>
        <line num="138" count="327" type="cond" truecount="2" falsecount="0"/>
        <line num="139" count="274" type="stmt"/>
        <line num="141" count="274" type="cond" truecount="2" falsecount="0"/>
        <line num="142" count="208" type="stmt"/>
        <line num="145" count="66" type="stmt"/>
        <line num="146" count="66" type="stmt"/>
        <line num="149" count="274" type="stmt"/>
        <line num="151" count="274" type="stmt"/>
        <line num="152" count="274" type="stmt"/>
        <line num="154" count="327" type="stmt"/>
        <line num="158" count="256" type="cond" truecount="2" falsecount="0"/>
        <line num="159" count="199" type="stmt"/>
        <line num="161" count="199" type="cond" truecount="2" falsecount="0"/>
        <line num="162" count="164" type="stmt"/>
        <line num="165" count="35" type="stmt"/>
        <line num="166" count="35" type="stmt"/>
        <line num="169" count="199" type="stmt"/>
        <line num="171" count="199" type="stmt"/>
        <line num="172" count="199" type="stmt"/>
[...]
        <line num="70" count="2010" type="cond" truecount="2" falsecount="0"/>
        <line num="71" count="36" type="stmt"/>
        <line num="75" count="3" type="stmt"/>
        <line num="80" count="0" type="cond" truecount="0" falsecount="2"/>
        <line num="82" count="0" type="stmt"/>
        <line num="85" count="0" type="stmt"/>
        <line num="86" count="0" type="cond" truecount="0" falsecount="2"/>
        <line num="87" count="0" type="stmt"/>
        <line num="89" count="0" type="stmt"/>
        <line num="93" count="0" type="stmt"/>
        <line num="97" count="0" type="stmt"/>
        <line num="101" count="0" type="stmt"/>
        <line num="105" count="0" type="stmt"/>
        <line num="109" count="0" type="stmt"/>
        <line num="115" count="0" type="stmt"/>
        <line num="119" count="0" type="stmt"/>
      </file>
    </package>
    <package name="utils.Integration.OpenLR.test">
      <metrics statements="142" coveredstatements="142" conditionals="4" coveredconditionals="3" methods="7" coveredmethods="7"/>
      <file name="Helperfunctions.js" path="D:\Schooldocumenten\Masterproef_projects\geo_data_integration\src\utils\Integration\OpenLR\test\Helperfunctions.js">
        <metrics statements="142" coveredstatements="142" conditionals="4" coveredconditionals="3" methods="7" coveredmethods="7"/>
        <line num="7" count="29" type="stmt"/>
        <line num="8" count="29" type="stmt"/>
        <line num="9" count="29" type="stmt"/>
        <line num="10" count="29" type="stmt"/>
        <line num="11" count="29" type="stmt"/>
        <line num="12" count="29" type="stmt"/>
        <line num="13" count="29" type="stmt"/>
        <line num="15" count="29" type="stmt"/>
        <line num="16" count="29" type="stmt"/>
        <line num="17" count="29" type="stmt"/>
        <line num="18" count="29" type="stmt"/>
        <line num="19" count="29" type="stmt"/>
        <line num="20" count="29" type="stmt"/>
        <line num="21" count="29" type="stmt"/>
        <line num="22" count="29" type="stmt"/>
        <line num="23" count="29" type="stmt"/>
        <line num="24" count="29" type="stmt"/>
        <line num="26" count="29" type="stmt"/>
        <line num="27" count="29" type="stmt"/>
        <line num="29" count="29" type="stmt"/>
        <line num="30" count="29" type="stmt"/>
        <line num="32" count="29" type="stmt"/>
        <line num="33" count="29" type="stmt"/>
        <line num="35" count="29" type="stmt"/>
        <line num="36" count="29" type="stmt"/>
        <line num="38" count="29" type="stmt"/>
        <line num="39" count="29" type="stmt"/>
        <line num="41" count="29" type="stmt"/>
        <line num="53" count="44" type="stmt"/>
        <line num="54" count="44" type="stmt"/>
        <line num="56" count="44" type="stmt"/>
        <line num="57" count="307" type="cond" truecount="1" falsecount="1"/>
        <line num="58" count="307" type="stmt"/>
        <line num="61" count="44" type="stmt"/>
        <line num="62" count="520" type="cond" truecount="2" falsecount="0"/>
        <line num="63" count="505" type="stmt"/>
        <line num="66" count="44" type="stmt"/>
        <line num="73" count="18" type="stmt"/>
        <line num="74" count="18" type="stmt"/>
        <line num="75" count="18" type="stmt"/>
        <line num="76" count="18" type="stmt"/>
        <line num="77" count="18" type="stmt"/>
        <line num="78" count="18" type="stmt"/>
        <line num="79" count="18" type="stmt"/>
        <line num="80" count="18" type="stmt"/>
        <line num="81" count="18" type="stmt"/>
        <line num="82" count="18" type="stmt"/>
        <line num="84" count="18" type="stmt"/>
        <line num="85" count="18" type="stmt"/>
        <line num="86" count="18" type="stmt"/>
        <line num="87" count="18" type="stmt"/>
        <line num="88" count="18" type="stmt"/>
        <line num="89" count="18" type="stmt"/>
        <line num="90" count="18" type="stmt"/>
        <line num="91" count="18" type="stmt"/>
        <line num="92" count="18" type="stmt"/>
        <line num="93" count="18" type="stmt"/>
        <line num="94" count="18" type="stmt"/>
        <line num="95" count="18" type="stmt"/>
        <line num="96" count="18" type="stmt"/>
        <line num="97" count="18" type="stmt"/>
        <line num="98" count="18" type="stmt"/>
        <line num="99" count="18" type="stmt"/>
        <line num="100" count="18" type="stmt"/>
        <line num="101" count="18" type="stmt"/>
        <line num="102" count="18" type="stmt"/>
        <line num="103" count="18" type="stmt"/>
        <line num="104" count="18" type="stmt"/>
        <line num="105" count="18" type="stmt"/>
        <line num="106" count="18" type="stmt"/>
        <line num="107" count="18" type="stmt"/>
        <line num="108" count="18" type="stmt"/>
        <line num="109" count="18" type="stmt"/>
        <line num="111" count="18" type="stmt"/>
        <line num="118" count="25" type="stmt"/>
        <line num="119" count="25" type="stmt"/>
        <line num="120" count="25" type="stmt"/>
        <line num="121" count="25" type="stmt"/>
        <line num="122" count="25" type="stmt"/>
        <line num="123" count="25" type="stmt"/>
        <line num="124" count="25" type="stmt"/>
        <line num="125" count="25" type="stmt"/>
        <line num="126" count="25" type="stmt"/>
        <line num="127" count="25" type="stmt"/>
        <line num="129" count="25" type="stmt"/>
        <line num="130" count="25" type="stmt"/>
        <line num="131" count="25" type="stmt"/>
        <line num="132" count="25" type="stmt"/>
        <line num="133" count="25" type="stmt"/>
        <line num="134" count="25" type="stmt"/>
        <line num="135" count="25" type="stmt"/>
        <line num="136" count="25" type="stmt"/>
        <line num="137" count="25" type="stmt"/>
        <line num="138" count="25" type="stmt"/>
        <line num="139" count="25" type="stmt"/>
        <line num="140" count="25" type="stmt"/>
        <line num="141" count="25" type="stmt"/>
        <line num="142" count="25" type="stmt"/>
        <line num="143" count="25" type="stmt"/>
        <line num="144" count="25" type="stmt"/>
        <line num="145" count="25" type="stmt"/>
        <line num="146" count="25" type="stmt"/>
        <line num="147" count="25" type="stmt"/>
        <line num="148" count="25" type="stmt"/>
        <line num="149" count="25" type="stmt"/>
        <line num="150" count="25" type="stmt"/>
        <line num="151" count="25" type="stmt"/>
        <line num="152" count="25" type="stmt"/>
        <line num="153" count="25" type="stmt"/>
        <line num="154" count="25" type="stmt"/>
        <line num="156" count="25" type="stmt"/>
        <line num="163" count="2" type="stmt"/>
        <line num="164" count="2" type="stmt"/>
        <line num="165" count="2" type="stmt"/>
        <line num="166" count="2" type="stmt"/>
        <line num="167" count="2" type="stmt"/>
        <line num="168" count="2" type="stmt"/>
        <line num="169" count="2" type="stmt"/>
        <line num="170" count="2" type="stmt"/>
        <line num="171" count="2" type="stmt"/>
        <line num="172" count="2" type="stmt"/>
        <line num="173" count="2" type="stmt"/>
        <line num="174" count="2" type="stmt"/>
        <line num="175" count="2" type="stmt"/>
        <line num="176" count="2" type="stmt"/>
        <line num="177" count="2" type="stmt"/>
        <line num="179" count="2" type="stmt"/>
        <line num="180" count="2" type="stmt"/>
        <line num="181" count="2" type="stmt"/>
        <line num="182" count="2" type="stmt"/>
        <line num="183" count="2" type="stmt"/>
        <line num="184" count="2" type="stmt"/>
        <line num="185" count="2" type="stmt"/>
        <line num="186" count="2" type="stmt"/>
        <line num="187" count="2" type="stmt"/>
        <line num="188" count="2" type="stmt"/>
        <line num="189" count="2" type="stmt"/>
        <line num="190" count="2" type="stmt"/>
        <line num="191" count="2" type="stmt"/>
        <line num="192" count="2" type="stmt"/>
        <line num="193" count="2" type="stmt"/>
        <line num="195" count="2" type="stmt"/>
      </file>
    </package>
    <package name="utils.Integration.OpenLRIntegration">
      <metrics statements="150" coveredstatements="143" conditionals="90" coveredconditionals="71" methods="15" coveredmethods="15"/>
      <file name="OSMIntegration.js" path="D:\Schooldocumenten\Masterproef_projects\geo_data_integration\src\utils\Integration\OpenLRIntegration\OSMIntegration.js">
        <metrics statements="81" coveredstatements="77" conditionals="42" coveredconditionals="31" methods="7" coveredmethods="7"/>
        <line num="9" count="28" type="stmt"/>
        <line num="10" count="28" type="stmt"/>
        <line num="14" count="28" type="stmt"/>
        <line num="15" count="28" type="stmt"/>
        <line num="16" count="28" type="stmt"/>
        <line num="17" count="28" type="stmt"/>
        <line num="18" count="202356" type="cond" truecount="1" falsecount="1"/>
        <line num="19" count="202356" type="stmt"/>
        <line num="20" count="202356" type="stmt"/>
        <line num="23" count="28" type="stmt"/>
        <line num="24" count="2436" type="cond" truecount="1" falsecount="1"/>
        <line num="25" count="2436" type="stmt"/>
        <line num="28" count="11284" type="stmt"/>
        <line num="29" count="11284" type="stmt"/>
        <line num="30" count="11284" type="stmt"/>
        <line num="31" count="11284" type="stmt"/>
        <line num="34" count="11284" type="stmt"/>
        <line num="35" count="11284" type="cond" truecount="2" falsecount="0"/>
        <line num="36" count="9884" type="stmt"/>
        <line num="37" count="9884" type="stmt"/>
        <line num="38" count="9884" type="cond" truecount="2" falsecount="0"/>
        <line num="39" count="41524" type="cond" truecount="2" falsecount="0"/>
        <line num="40" count="6048" type="stmt"/>
        <line num="41" count="6048" type="cond" truecount="2" falsecount="0"/>
        <line num="42" count="5712" type="stmt"/>
        <line num="45" count="41524" type="stmt"/>
        <line num="48" count="1400" type="cond" truecount="2" falsecount="2"/>
        <line num="49" count="0" type="stmt"/>
        <line num="52" count="11284" type="cond" truecount="2" falsecount="0"/>
        <line num="54" count="5572" type="stmt"/>
        <line num="55" count="5572" type="stmt"/>
        <line num="56" count="5572" type="stmt"/>
        <line num="57" count="5572" type="stmt"/>
        <line num="61" count="11284" type="stmt"/>
        <line num="62" count="11284" type="stmt"/>
        <line num="66" count="28" type="stmt"/>
        <line num="74" count="2" type="stmt"/>
        <line num="75" count="2" type="stmt"/>
        <line num="79" count="2" type="stmt"/>
        <line num="80" count="2" type="stmt"/>
        <line num="81" count="2" type="stmt"/>
        <line num="82" count="2" type="stmt"/>
        <line num="83" count="14454" type="cond" truecount="1" falsecount="1"/>
        <line num="84" count="14454" type="stmt"/>
        <line num="85" count="14454" type="stmt"/>
        <line num="88" count="2" type="stmt"/>
        <line num="89" count="174" type="cond" truecount="1" falsecount="1"/>
        <line num="90" count="174" type="stmt"/>
        <line num="93" count="806" type="stmt"/>
        <line num="94" count="806" type="stmt"/>
        <line num="95" count="806" type="stmt"/>
        <line num="96" count="806" type="stmt"/>
        <line num="99" count="806" type="stmt"/>
        <line num="100" count="806" type="stmt"/>
        <line num="101" count="806" type="stmt"/>
        <line num="102" count="806" type="stmt"/>
        <line num="105" count="806" type="stmt"/>
        <line num="106" count="806" type="stmt"/>
        <line num="110" count="2" type="stmt"/>
        <line num="117" count="18468" type="stmt"/>
        <line num="118" count="18468" type="cond" truecount="4" falsecount="0"/>
        <line num="119" count="14040" type="stmt"/>
        <line num="122" count="4428" type="stmt"/>
        <line num="127" count="18468" type="stmt"/>
        <line num="136" count="18468" type="cond" truecount="2" falsecount="2"/>
        <line num="137" count="0" type="stmt"/>
        <line num="139" count="18468" type="cond" truecount="3" falsecount="1"/>
        <line num="140" count="18468" type="stmt"/>
        <line num="143" count="0" type="stmt"/>
        <line num="148" count="36936" type="stmt"/>
        <line num="149" count="36936" type="cond" truecount="2" falsecount="0"/>
        <line num="150" count="30936" type="stmt"/>
        <line num="151" count="30936" type="stmt"/>
        <line num="152" count="132600" type="cond" truecount="2" falsecount="0"/>
        <line num="153" count="30936" type="cond" truecount="1" falsecount="1"/>
        <line num="154" count="0" type="stmt"/>
        <line num="156" count="30936" type="stmt"/>
        <line num="158" count="132600" type="stmt"/>
        <line num="161" count="6000" type="cond" truecount="1" falsecount="1"/>
        <line num="162" count="6000" type="stmt"/>
        <line num="164" count="36936" type="stmt"/>
      </file>
      <file name="RoutableTilesIntegration.js" path="D:\Schooldocumenten\Masterproef_projects\geo_data_integration\src\utils\Integration\OpenLRIntegration\RoutableTilesIntegration.js">
        <metrics statements="35" coveredstatements="34" conditionals="20" coveredconditionals="15" methods="4" coveredmethods="4"/>
        <line num="9" count="3" type="stmt"/>
        <line num="10" count="3" type="stmt"/>
        <line num="14" count="6" type="stmt"/>
        <line num="15" count="6" type="stmt"/>
        <line num="16" count="6" type="stmt"/>
        <line num="17" count="6" type="stmt"/>
        <line num="18" count="6" type="stmt"/>
        <line num="19" count="19719" type="cond" truecount="1" falsecount="1"/>
        <line num="20" count="19719" type="stmt"/>
        <line num="21" count="19719" type="stmt"/>
        <line num="22" count="19719" type="stmt"/>
        <line num="23" count="30739" type="stmt"/>
        <line num="27" count="6" type="stmt"/>
        <line num="28" count="4790" type="cond" truecount="1" falsecount="1"/>
        <line num="29" count="4790" type="stmt"/>
        <line num="33" count="18876" type="stmt"/>
        <line num="34" count="18876" type="stmt"/>
        <line num="35" count="18876" type="stmt"/>
        <line num="36" count="18876" type="stmt"/>
        <line num="37" count="18876" type="cond" truecount="2" falsecount="2"/>
        <line num="39" count="18876" type="stmt"/>
        <line num="40" count="18876" type="stmt"/>
        <line num="41" count="18876" type="stmt"/>
        <line num="42" count="18876" type="stmt"/>
        <line num="45" count="18876" type="stmt"/>
        <line num="46" count="18876" type="stmt"/>
        <line num="51" count="6" type="stmt"/>
        <line num="58" count="37752" type="cond" truecount="3" falsecount="1"/>
        <line num="59" count="0" type="stmt"/>
        <line num="62" count="37752" type="stmt"/>
        <line num="75" count="37752" type="cond" truecount="4" falsecount="0"/>
        <line num="76" count="42" type="stmt"/>
        <line num="78" count="37710" type="cond" truecount="4" falsecount="0"/>
        <line num="79" count="35066" type="stmt"/>
        <line num="82" count="2644" type="stmt"/>
      </file>
      <file name="WegenregisterAntwerpenIntegration.js" path="D:\Schooldocumenten\Masterproef_projects\geo_data_integration\src\utils\Integration\OpenLRIntegration\WegenregisterAntwerpenIntegration.js">
        <metrics statements="34" coveredstatements="32" conditionals="28" coveredconditionals="25" methods="4" coveredmethods="4"/>
        <line num="13" count="2" type="stmt"/>
        <line num="14" count="2" type="stmt"/>
        <line num="18" count="2" type="stmt"/>
        <line num="19" count="2" type="stmt"/>
        <line num="21" count="2" type="stmt"/>
        <line num="22" count="122668" type="cond" truecount="2" falsecount="0"/>
        <line num="24" count="122668" type="cond" truecount="2" falsecount="0"/>
        <line num="26" count="122662" type="cond" truecount="1" falsecount="1"/>
        <line num="27" count="122662" type="stmt"/>
        <line num="28" count="122662" type="stmt"/>
        <line num="29" count="122662" type="cond" truecount="2" falsecount="0"/>
        <line num="30" count="44118" type="stmt"/>
        <line num="33" count="122662" type="stmt"/>
        <line num="34" count="835188" type="stmt"/>
        <line num="35" count="835188" type="stmt"/>
        <line num="36" count="835188" type="cond" truecount="2" falsecount="0"/>
        <line num="37" count="757806" type="stmt"/>
        <line num="39" count="835188" type="stmt"/>
        <line num="40" count="835188" type="stmt"/>
        <line num="43" count="835188" type="cond" truecount="5" falsecount="0"/>
        <line num="44" count="773790" type="stmt"/>
        <line num="46" count="773790" type="stmt"/>
        <line num="47" count="773790" type="stmt"/>
        <line num="49" count="835188" type="cond" truecount="5" falsecount="0"/>
        <line num="50" count="779434" type="stmt"/>
        <line num="52" count="779434" type="stmt"/>
        <line num="53" count="779434" type="stmt"/>
        <line num="60" count="2" type="stmt"/>
        <line num="165" count="1553224" type="cond" truecount="3" falsecount="1"/>
        <line num="166" count="1553224" type="stmt"/>
        <line num="169" count="0" type="stmt"/>
        <line num="174" count="1553224" type="cond" truecount="3" falsecount="1"/>
        <line num="175" count="1553224" type="stmt"/>
        <line num="178" count="0" type="stmt"/>
      </file>
    </package>
    <package name="utils.Integration.OpenLRIntegration.FOWmappings">
      <metrics statements="2" coveredstatements="2" conditionals="0" coveredconditionals="0" methods="0" coveredmethods="0"/>
      <file name="OsmFowHighwayMapping.js" path="D:\Schooldocumenten\Masterproef_projects\geo_data_integration\src\utils\Integration\OpenLRIntegration\FOWmappings\OsmFowHighwayMapping.js">
        <metrics statements="1" coveredstatements="1" conditionals="0" coveredconditionals="0" methods="0" coveredmethods="0"/>
        <line num="5" count="6" type="stmt"/>
      </file>
      <file name="WegenregisterAntwerpenFowMorfMapping.js" path="D:\Schooldocumenten\Masterproef_projects\geo_data_integration\src\utils\Integration\OpenLRIntegration\FOWmappings\WegenregisterAntwerpenFowMorfMapping.js">
        <metrics statements="1" coveredstatements="1" conditionals="0" coveredconditionals="0" methods="0" coveredmethods="0"/>
        <line num="5" count="5" type="stmt"/>
      </file>
    </package>
    <package name="utils.Integration.OpenLRIntegration.FRCmappings">
      <metrics statements="2" coveredstatements="2" conditionals="0" coveredconditionals="0" methods="0" coveredmethods="0"/>
      <file name="OsmFrcHighwayMapping.js" path="D:\Schooldocumenten\Masterproef_projects\geo_data_integration\src\utils\Integration\OpenLRIntegration\FRCmappings\OsmFrcHighwayMapping.js">
        <metrics statements="1" coveredstatements="1" conditionals="0" coveredconditionals="0" methods="0" coveredmethods="0"/>
        <line num="4" count="6" type="stmt"/>
      </file>
      <file name="WegenregisterAntwerpenFrcWegcatMapping.js" path="D:\Schooldocumenten\Masterproef_projects\geo_data_integration\src\utils\Integration\OpenLRIntegration\FRCmappings\WegenregisterAntwerpenFrcWegcatMapping.js">
        <metrics statements="1" coveredstatements="1" conditionals="0" coveredconditionals="0" methods="0" coveredmethods="0"/>
        <line num="5" count="5" type="stmt"/>
      </file>
    </package>
  </project>
</coverage>
