{"D:\\Schooldocumenten\\Masterproef_projects\\geo_data_integration\\src\\utils\\tileUtils.js": {"path":"D:\\Schooldocumenten\\Masterproef_projects\\geo_data_integration\\src\\utils\\tileUtils.js","statementMap":{"0":{"start":{"line":2,"column":12},"end":{"line":2,"column":38}},"1":{"start":{"line":3,"column":12},"end":{"line":3,"column":36}},"2":{"start":{"line":4,"column":4},"end":{"line":4,"column":24}},"3":{"start":{"line":8,"column":16},"end":{"line":8,"column":33}},"4":{"start":{"line":9,"column":16},"end":{"line":9,"column":35}},"5":{"start":{"line":10,"column":15},"end":{"line":10,"column":34}},"6":{"start":{"line":11,"column":15},"end":{"line":11,"column":35}},"7":{"start":{"line":12,"column":4},"end":{"line":17,"column":5}},"8":{"start":{"line":23,"column":32},"end":{"line":23,"column":84}},"9":{"start":{"line":24,"column":32},"end":{"line":24,"column":151}},"10":{"start":{"line":27,"column":4},"end":{"line":27,"column":37}},"11":{"start":{"line":30,"column":10},"end":{"line":30,"column":43}},"12":{"start":{"line":31,"column":4},"end":{"line":31,"column":67}}},"fnMap":{"0":{"name":"getTileXYForLocation","decl":{"start":{"line":1,"column":16},"end":{"line":1,"column":36}},"loc":{"start":{"line":1,"column":63},"end":{"line":5,"column":1}},"line":1},"1":{"name":"tile2boundingBox","decl":{"start":{"line":7,"column":16},"end":{"line":7,"column":32}},"loc":{"start":{"line":7,"column":42},"end":{"line":18,"column":1}},"line":7},"2":{"name":"_long2tile","decl":{"start":{"line":23,"column":9},"end":{"line":23,"column":19}},"loc":{"start":{"line":23,"column":30},"end":{"line":23,"column":86}},"line":23},"3":{"name":"_lat2tile","decl":{"start":{"line":24,"column":9},"end":{"line":24,"column":18}},"loc":{"start":{"line":24,"column":30},"end":{"line":24,"column":153}},"line":24},"4":{"name":"_tile2long","decl":{"start":{"line":26,"column":9},"end":{"line":26,"column":19}},"loc":{"start":{"line":26,"column":25},"end":{"line":28,"column":1}},"line":26},"5":{"name":"_tile2lat","decl":{"start":{"line":29,"column":9},"end":{"line":29,"column":18}},"loc":{"start":{"line":29,"column":24},"end":{"line":32,"column":1}},"line":29}},"branchMap":{},"s":{"0":0,"1":0,"2":0,"3":0,"4":0,"5":0,"6":0,"7":0,"8":0,"9":0,"10":0,"11":0,"12":0},"f":{"0":0,"1":0,"2":0,"3":0,"4":0,"5":0},"b":{},"_coverageSchema":"43e27e138ebf9cfc5966b082cf9a028302ed4184","hash":"e80853b7e1ebf6cd571847ec405086a3fda15df2"}
,"D:\\Schooldocumenten\\Masterproef_projects\\geo_data_integration\\src\\utils\\Integration\\Data\\LoadData.js": {"path":"D:\\Schooldocumenten\\Masterproef_projects\\geo_data_integration\\src\\utils\\Integration\\Data\\LoadData.js","statementMap":{"0":{"start":{"line":6,"column":42},"end":{"line":6,"column":146}},"1":{"start":{"line":9,"column":4},"end":{"line":13,"column":7}},"2":{"start":{"line":10,"column":8},"end":{"line":12,"column":48}},"3":{"start":{"line":11,"column":30},"end":{"line":11,"column":57}},"4":{"start":{"line":12,"column":32},"end":{"line":12,"column":45}},"5":{"start":{"line":17,"column":4},"end":{"line":29,"column":7}},"6":{"start":{"line":18,"column":8},"end":{"line":28,"column":9}},"7":{"start":{"line":19,"column":24},"end":{"line":19,"column":79}},"8":{"start":{"line":20,"column":12},"end":{"line":24,"column":13}},"9":{"start":{"line":22,"column":20},"end":{"line":22,"column":37}},"10":{"start":{"line":27,"column":12},"end":{"line":27,"column":22}},"11":{"start":{"line":33,"column":4},"end":{"line":39,"column":6}},"12":{"start":{"line":34,"column":8},"end":{"line":38,"column":14}},"13":{"start":{"line":35,"column":28},"end":{"line":35,"column":46}},"14":{"start":{"line":37,"column":16},"end":{"line":37,"column":29}},"15":{"start":{"line":43,"column":22},"end":{"line":43,"column":56}},"16":{"start":{"line":44,"column":4},"end":{"line":44,"column":110}}},"fnMap":{"0":{"name":"loadNodesLineStringsWegenregisterAntwerpen","decl":{"start":{"line":8,"column":16},"end":{"line":8,"column":58}},"loc":{"start":{"line":8,"column":60},"end":{"line":14,"column":1}},"line":8},"1":{"name":"(anonymous_1)","decl":{"start":{"line":9,"column":23},"end":{"line":9,"column":24}},"loc":{"start":{"line":9,"column":44},"end":{"line":13,"column":5}},"line":9},"2":{"name":"(anonymous_2)","decl":{"start":{"line":11,"column":18},"end":{"line":11,"column":19}},"loc":{"start":{"line":11,"column":28},"end":{"line":11,"column":59}},"line":11},"3":{"name":"(anonymous_3)","decl":{"start":{"line":12,"column":19},"end":{"line":12,"column":20}},"loc":{"start":{"line":12,"column":30},"end":{"line":12,"column":47}},"line":12},"4":{"name":"fetchRoutableTile","decl":{"start":{"line":16,"column":16},"end":{"line":16,"column":33}},"loc":{"start":{"line":16,"column":43},"end":{"line":30,"column":1}},"line":16},"5":{"name":"(anonymous_5)","decl":{"start":{"line":17,"column":23},"end":{"line":17,"column":24}},"loc":{"start":{"line":17,"column":43},"end":{"line":29,"column":5}},"line":17},"6":{"name":"(anonymous_6)","decl":{"start":{"line":21,"column":16},"end":{"line":21,"column":17}},"loc":{"start":{"line":21,"column":28},"end":{"line":23,"column":17}},"line":21},"7":{"name":"fetchOsmData","decl":{"start":{"line":32,"column":16},"end":{"line":32,"column":28}},"loc":{"start":{"line":32,"column":68},"end":{"line":40,"column":1}},"line":32},"8":{"name":"(anonymous_8)","decl":{"start":{"line":33,"column":23},"end":{"line":33,"column":24}},"loc":{"start":{"line":33,"column":44},"end":{"line":39,"column":5}},"line":33},"9":{"name":"(anonymous_9)","decl":{"start":{"line":35,"column":18},"end":{"line":35,"column":19}},"loc":{"start":{"line":35,"column":28},"end":{"line":35,"column":46}},"line":35},"10":{"name":"(anonymous_10)","decl":{"start":{"line":36,"column":19},"end":{"line":36,"column":20}},"loc":{"start":{"line":36,"column":30},"end":{"line":38,"column":13}},"line":36},"11":{"name":"fetchOsmTileData","decl":{"start":{"line":42,"column":16},"end":{"line":42,"column":32}},"loc":{"start":{"line":42,"column":51},"end":{"line":45,"column":1}},"line":42}},"branchMap":{},"s":{"0":7,"1":3,"2":3,"3":3,"4":0,"5":6,"6":6,"7":6,"8":6,"9":6,"10":0,"11":0,"12":0,"13":0,"14":0,"15":0,"16":0},"f":{"0":3,"1":3,"2":3,"3":0,"4":6,"5":6,"6":6,"7":0,"8":0,"9":0,"10":0,"11":0},"b":{},"_coverageSchema":"43e27e138ebf9cfc5966b082cf9a028302ed4184","hash":"6de685f6fde2d8f93375b262fc009158f5efd6c3"}
,"D:\\Schooldocumenten\\Masterproef_projects\\geo_data_integration\\src\\utils\\Integration\\Data\\LoadTestData.js": {"path":"D:\\Schooldocumenten\\Masterproef_projects\\geo_data_integration\\src\\utils\\Integration\\Data\\LoadTestData.js","statementMap":{"0":{"start":{"line":4,"column":4},"end":{"line":6,"column":6}},"1":{"start":{"line":5,"column":8},"end":{"line":5,"column":20}}},"fnMap":{"0":{"name":"loadOsmTestData","decl":{"start":{"line":3,"column":16},"end":{"line":3,"column":31}},"loc":{"start":{"line":3,"column":34},"end":{"line":7,"column":1}},"line":3},"1":{"name":"(anonymous_1)","decl":{"start":{"line":4,"column":23},"end":{"line":4,"column":24}},"loc":{"start":{"line":4,"column":36},"end":{"line":6,"column":5}},"line":4}},"branchMap":{},"s":{"0":24,"1":24},"f":{"0":24,"1":24},"b":{},"_coverageSchema":"43e27e138ebf9cfc5966b082cf9a028302ed4184","hash":"32f4eb37abd0f085a50d9765f9fcd155aa3e8352"}
,"D:\\Schooldocumenten\\Masterproef_projects\\geo_data_integration\\src\\utils\\Integration\\Data\\ParseData.js": {"path":"D:\\Schooldocumenten\\Masterproef_projects\\geo_data_integration\\src\\utils\\Integration\\Data\\ParseData.js","statementMap":{"0":{"start":{"line":8,"column":4},"end":{"line":110,"column":7}},"1":{"start":{"line":9,"column":20},"end":{"line":9,"column":22}},"2":{"start":{"line":10,"column":19},"end":{"line":10,"column":21}},"3":{"start":{"line":12,"column":33},"end":{"line":12,"column":42}},"4":{"start":{"line":13,"column":32},"end":{"line":13,"column":41}},"5":{"start":{"line":14,"column":8},"end":{"line":107,"column":11}},"6":{"start":{"line":15,"column":12},"end":{"line":106,"column":13}},"7":{"start":{"line":16,"column":40},"end":{"line":16,"column":115}},"8":{"start":{"line":17,"column":41},"end":{"line":17,"column":117}},"9":{"start":{"line":19,"column":40},"end":{"line":19,"column":115}},"10":{"start":{"line":24,"column":16},"end":{"line":102,"column":17}},"11":{"start":{"line":25,"column":18},"end":{"line":33,"column":19}},"12":{"start":{"line":26,"column":22},"end":{"line":28,"column":23}},"13":{"start":{"line":27,"column":26},"end":{"line":27,"column":91}},"14":{"start":{"line":29,"column":22},"end":{"line":29,"column":82}},"15":{"start":{"line":32,"column":22},"end":{"line":32,"column":44}},"16":{"start":{"line":35,"column":21},"end":{"line":102,"column":17}},"17":{"start":{"line":37,"column":20},"end":{"line":48,"column":21}},"18":{"start":{"line":38,"column":24},"end":{"line":40,"column":25}},"19":{"start":{"line":39,"column":28},"end":{"line":39,"column":95}},"20":{"start":{"line":41,"column":24},"end":{"line":41,"column":88}},"21":{"start":{"line":43,"column":25},"end":{"line":48,"column":21}},"22":{"start":{"line":44,"column":24},"end":{"line":46,"column":25}},"23":{"start":{"line":45,"column":28},"end":{"line":45,"column":95}},"24":{"start":{"line":47,"column":24},"end":{"line":47,"column":89}},"25":{"start":{"line":53,"column":21},"end":{"line":102,"column":17}},"26":{"start":{"line":54,"column":20},"end":{"line":86,"column":21}},"27":{"start":{"line":55,"column":24},"end":{"line":60,"column":25}},"28":{"start":{"line":56,"column":28},"end":{"line":59,"column":30}},"29":{"start":{"line":61,"column":24},"end":{"line":61,"column":96}},"30":{"start":{"line":62,"column":24},"end":{"line":62,"column":66}},"31":{"start":{"line":63,"column":24},"end":{"line":63,"column":66}},"32":{"start":{"line":66,"column":37},"end":{"line":66,"column":117}},"33":{"start":{"line":67,"column":24},"end":{"line":85,"column":25}},"34":{"start":{"line":68,"column":28},"end":{"line":73,"column":29}},"35":{"start":{"line":69,"column":32},"end":{"line":72,"column":34}},"36":{"start":{"line":74,"column":28},"end":{"line":84,"column":29}},"37":{"start":{"line":75,"column":32},"end":{"line":80,"column":33}},"38":{"start":{"line":76,"column":46},"end":{"line":76,"column":77}},"39":{"start":{"line":77,"column":36},"end":{"line":79,"column":37}},"40":{"start":{"line":78,"column":40},"end":{"line":78,"column":85}},"41":{"start":{"line":83,"column":32},"end":{"line":83,"column":93}},"42":{"start":{"line":88,"column":21},"end":{"line":102,"column":17}},"43":{"start":{"line":89,"column":20},"end":{"line":101,"column":21}},"44":{"start":{"line":90,"column":24},"end":{"line":96,"column":25}},"45":{"start":{"line":91,"column":28},"end":{"line":91,"column":78}},"46":{"start":{"line":94,"column":28},"end":{"line":94,"column":85}},"47":{"start":{"line":95,"column":28},"end":{"line":95,"column":70}},"48":{"start":{"line":99,"column":24},"end":{"line":99,"column":54}},"49":{"start":{"line":100,"column":24},"end":{"line":100,"column":55}},"50":{"start":{"line":109,"column":8},"end":{"line":109,"column":45}},"51":{"start":{"line":114,"column":4},"end":{"line":138,"column":8}},"52":{"start":{"line":115,"column":22},"end":{"line":131,"column":9}},"53":{"start":{"line":133,"column":8},"end":{"line":137,"column":9}},"54":{"start":{"line":134,"column":12},"end":{"line":134,"column":47}},"55":{"start":{"line":136,"column":12},"end":{"line":136,"column":41}},"56":{"start":{"line":143,"column":4},"end":{"line":157,"column":7}},"57":{"start":{"line":144,"column":20},"end":{"line":144,"column":22}},"58":{"start":{"line":145,"column":19},"end":{"line":145,"column":21}},"59":{"start":{"line":146,"column":24},"end":{"line":146,"column":26}},"60":{"start":{"line":147,"column":8},"end":{"line":149,"column":11}},"61":{"start":{"line":148,"column":12},"end":{"line":148,"column":39}},"62":{"start":{"line":150,"column":8},"end":{"line":152,"column":11}},"63":{"start":{"line":151,"column":12},"end":{"line":151,"column":36}},"64":{"start":{"line":153,"column":8},"end":{"line":155,"column":11}},"65":{"start":{"line":154,"column":12},"end":{"line":154,"column":51}},"66":{"start":{"line":156,"column":9},"end":{"line":156,"column":68}},"67":{"start":{"line":161,"column":4},"end":{"line":178,"column":8}},"68":{"start":{"line":162,"column":19},"end":{"line":162,"column":21}},"69":{"start":{"line":163,"column":8},"end":{"line":176,"column":9}},"70":{"start":{"line":164,"column":12},"end":{"line":175,"column":13}},"71":{"start":{"line":165,"column":16},"end":{"line":174,"column":17}},"72":{"start":{"line":166,"column":20},"end":{"line":170,"column":23}},"73":{"start":{"line":167,"column":24},"end":{"line":169,"column":25}},"74":{"start":{"line":168,"column":28},"end":{"line":168,"column":55}},"75":{"start":{"line":172,"column":21},"end":{"line":174,"column":17}},"76":{"start":{"line":173,"column":20},"end":{"line":173,"column":47}},"77":{"start":{"line":177,"column":8},"end":{"line":177,"column":76}}},"fnMap":{"0":{"name":"getRoutableTilesNodesAndLines","decl":{"start":{"line":7,"column":16},"end":{"line":7,"column":45}},"loc":{"start":{"line":7,"column":54},"end":{"line":111,"column":1}},"line":7},"1":{"name":"(anonymous_1)","decl":{"start":{"line":8,"column":23},"end":{"line":8,"column":24}},"loc":{"start":{"line":8,"column":34},"end":{"line":110,"column":5}},"line":8},"2":{"name":"(anonymous_2)","decl":{"start":{"line":14,"column":24},"end":{"line":14,"column":25}},"loc":{"start":{"line":14,"column":41},"end":{"line":107,"column":9}},"line":14},"3":{"name":"parseToJson","decl":{"start":{"line":113,"column":16},"end":{"line":113,"column":27}},"loc":{"start":{"line":113,"column":32},"end":{"line":139,"column":1}},"line":113},"4":{"name":"(anonymous_4)","decl":{"start":{"line":114,"column":24},"end":{"line":114,"column":25}},"loc":{"start":{"line":114,"column":44},"end":{"line":138,"column":5}},"line":114},"5":{"name":"getMappedElements","decl":{"start":{"line":142,"column":16},"end":{"line":142,"column":33}},"loc":{"start":{"line":142,"column":39},"end":{"line":158,"column":1}},"line":142},"6":{"name":"(anonymous_6)","decl":{"start":{"line":143,"column":23},"end":{"line":143,"column":24}},"loc":{"start":{"line":143,"column":34},"end":{"line":157,"column":5}},"line":143},"7":{"name":"(anonymous_7)","decl":{"start":{"line":147,"column":30},"end":{"line":147,"column":31}},"loc":{"start":{"line":147,"column":44},"end":{"line":149,"column":9}},"line":147},"8":{"name":"(anonymous_8)","decl":{"start":{"line":150,"column":29},"end":{"line":150,"column":30}},"loc":{"start":{"line":150,"column":44},"end":{"line":152,"column":9}},"line":150},"9":{"name":"(anonymous_9)","decl":{"start":{"line":153,"column":34},"end":{"line":153,"column":35}},"loc":{"start":{"line":153,"column":54},"end":{"line":155,"column":9}},"line":153},"10":{"name":"filterHighwayData","decl":{"start":{"line":160,"column":16},"end":{"line":160,"column":33}},"loc":{"start":{"line":160,"column":39},"end":{"line":179,"column":1}},"line":160},"11":{"name":"(anonymous_11)","decl":{"start":{"line":161,"column":24},"end":{"line":161,"column":25}},"loc":{"start":{"line":161,"column":35},"end":{"line":178,"column":5}},"line":161},"12":{"name":"(anonymous_12)","decl":{"start":{"line":166,"column":47},"end":{"line":166,"column":48}},"loc":{"start":{"line":166,"column":62},"end":{"line":170,"column":21}},"line":166}},"branchMap":{"0":{"loc":{"start":{"line":15,"column":12},"end":{"line":106,"column":13}},"type":"if","locations":[{"start":{"line":15,"column":12},"end":{"line":106,"column":13}},{"start":{"line":15,"column":12},"end":{"line":106,"column":13}}],"line":15},"1":{"loc":{"start":{"line":15,"column":15},"end":{"line":15,"column":69}},"type":"binary-expr","locations":[{"start":{"line":15,"column":15},"end":{"line":15,"column":30}},{"start":{"line":15,"column":34},"end":{"line":15,"column":51}},{"start":{"line":15,"column":55},"end":{"line":15,"column":69}}],"line":15},"2":{"loc":{"start":{"line":24,"column":16},"end":{"line":102,"column":17}},"type":"if","locations":[{"start":{"line":24,"column":16},"end":{"line":102,"column":17}},{"start":{"line":24,"column":16},"end":{"line":102,"column":17}}],"line":24},"3":{"loc":{"start":{"line":25,"column":18},"end":{"line":33,"column":19}},"type":"if","locations":[{"start":{"line":25,"column":18},"end":{"line":33,"column":19}},{"start":{"line":25,"column":18},"end":{"line":33,"column":19}}],"line":25},"4":{"loc":{"start":{"line":26,"column":22},"end":{"line":28,"column":23}},"type":"if","locations":[{"start":{"line":26,"column":22},"end":{"line":28,"column":23}},{"start":{"line":26,"column":22},"end":{"line":28,"column":23}}],"line":26},"5":{"loc":{"start":{"line":35,"column":21},"end":{"line":102,"column":17}},"type":"if","locations":[{"start":{"line":35,"column":21},"end":{"line":102,"column":17}},{"start":{"line":35,"column":21},"end":{"line":102,"column":17}}],"line":35},"6":{"loc":{"start":{"line":37,"column":20},"end":{"line":48,"column":21}},"type":"if","locations":[{"start":{"line":37,"column":20},"end":{"line":48,"column":21}},{"start":{"line":37,"column":20},"end":{"line":48,"column":21}}],"line":37},"7":{"loc":{"start":{"line":38,"column":24},"end":{"line":40,"column":25}},"type":"if","locations":[{"start":{"line":38,"column":24},"end":{"line":40,"column":25}},{"start":{"line":38,"column":24},"end":{"line":40,"column":25}}],"line":38},"8":{"loc":{"start":{"line":43,"column":25},"end":{"line":48,"column":21}},"type":"if","locations":[{"start":{"line":43,"column":25},"end":{"line":48,"column":21}},{"start":{"line":43,"column":25},"end":{"line":48,"column":21}}],"line":43},"9":{"loc":{"start":{"line":44,"column":24},"end":{"line":46,"column":25}},"type":"if","locations":[{"start":{"line":44,"column":24},"end":{"line":46,"column":25}},{"start":{"line":44,"column":24},"end":{"line":46,"column":25}}],"line":44},"10":{"loc":{"start":{"line":53,"column":21},"end":{"line":102,"column":17}},"type":"if","locations":[{"start":{"line":53,"column":21},"end":{"line":102,"column":17}},{"start":{"line":53,"column":21},"end":{"line":102,"column":17}}],"line":53},"11":{"loc":{"start":{"line":54,"column":20},"end":{"line":86,"column":21}},"type":"if","locations":[{"start":{"line":54,"column":20},"end":{"line":86,"column":21}},{"start":{"line":54,"column":20},"end":{"line":86,"column":21}}],"line":54},"12":{"loc":{"start":{"line":55,"column":24},"end":{"line":60,"column":25}},"type":"if","locations":[{"start":{"line":55,"column":24},"end":{"line":60,"column":25}},{"start":{"line":55,"column":24},"end":{"line":60,"column":25}}],"line":55},"13":{"loc":{"start":{"line":67,"column":24},"end":{"line":85,"column":25}},"type":"if","locations":[{"start":{"line":67,"column":24},"end":{"line":85,"column":25}},{"start":{"line":67,"column":24},"end":{"line":85,"column":25}}],"line":67},"14":{"loc":{"start":{"line":68,"column":28},"end":{"line":73,"column":29}},"type":"if","locations":[{"start":{"line":68,"column":28},"end":{"line":73,"column":29}},{"start":{"line":68,"column":28},"end":{"line":73,"column":29}}],"line":68},"15":{"loc":{"start":{"line":74,"column":28},"end":{"line":84,"column":29}},"type":"if","locations":[{"start":{"line":74,"column":28},"end":{"line":84,"column":29}},{"start":{"line":74,"column":28},"end":{"line":84,"column":29}}],"line":74},"16":{"loc":{"start":{"line":75,"column":32},"end":{"line":80,"column":33}},"type":"if","locations":[{"start":{"line":75,"column":32},"end":{"line":80,"column":33}},{"start":{"line":75,"column":32},"end":{"line":80,"column":33}}],"line":75},"17":{"loc":{"start":{"line":77,"column":36},"end":{"line":79,"column":37}},"type":"if","locations":[{"start":{"line":77,"column":36},"end":{"line":79,"column":37}},{"start":{"line":77,"column":36},"end":{"line":79,"column":37}}],"line":77},"18":{"loc":{"start":{"line":77,"column":39},"end":{"line":77,"column":81}},"type":"binary-expr","locations":[{"start":{"line":77,"column":39},"end":{"line":77,"column":56}},{"start":{"line":77,"column":60},"end":{"line":77,"column":81}}],"line":77},"19":{"loc":{"start":{"line":88,"column":21},"end":{"line":102,"column":17}},"type":"if","locations":[{"start":{"line":88,"column":21},"end":{"line":102,"column":17}},{"start":{"line":88,"column":21},"end":{"line":102,"column":17}}],"line":88},"20":{"loc":{"start":{"line":89,"column":20},"end":{"line":101,"column":21}},"type":"if","locations":[{"start":{"line":89,"column":20},"end":{"line":101,"column":21}},{"start":{"line":89,"column":20},"end":{"line":101,"column":21}}],"line":89},"21":{"loc":{"start":{"line":89,"column":23},"end":{"line":89,"column":144}},"type":"binary-expr","locations":[{"start":{"line":89,"column":23},"end":{"line":89,"column":67}},{"start":{"line":89,"column":71},"end":{"line":89,"column":144}}],"line":89},"22":{"loc":{"start":{"line":90,"column":24},"end":{"line":96,"column":25}},"type":"if","locations":[{"start":{"line":90,"column":24},"end":{"line":96,"column":25}},{"start":{"line":90,"column":24},"end":{"line":96,"column":25}}],"line":90},"23":{"loc":{"start":{"line":133,"column":8},"end":{"line":137,"column":9}},"type":"if","locations":[{"start":{"line":133,"column":8},"end":{"line":137,"column":9}},{"start":{"line":133,"column":8},"end":{"line":137,"column":9}}],"line":133},"24":{"loc":{"start":{"line":164,"column":12},"end":{"line":175,"column":13}},"type":"if","locations":[{"start":{"line":164,"column":12},"end":{"line":175,"column":13}},{"start":{"line":164,"column":12},"end":{"line":175,"column":13}}],"line":164},"25":{"loc":{"start":{"line":164,"column":15},"end":{"line":164,"column":80}},"type":"binary-expr","locations":[{"start":{"line":164,"column":15},"end":{"line":164,"column":44}},{"start":{"line":164,"column":48},"end":{"line":164,"column":80}}],"line":164},"26":{"loc":{"start":{"line":165,"column":16},"end":{"line":174,"column":17}},"type":"if","locations":[{"start":{"line":165,"column":16},"end":{"line":174,"column":17}},{"start":{"line":165,"column":16},"end":{"line":174,"column":17}}],"line":165},"27":{"loc":{"start":{"line":167,"column":24},"end":{"line":169,"column":25}},"type":"if","locations":[{"start":{"line":167,"column":24},"end":{"line":169,"column":25}},{"start":{"line":167,"column":24},"end":{"line":169,"column":25}}],"line":167},"28":{"loc":{"start":{"line":172,"column":21},"end":{"line":174,"column":17}},"type":"if","locations":[{"start":{"line":172,"column":21},"end":{"line":174,"column":17}},{"start":{"line":172,"column":21},"end":{"line":174,"column":17}}],"line":172},"29":{"loc":{"start":{"line":172,"column":24},"end":{"line":172,"column":106}},"type":"binary-expr","locations":[{"start":{"line":172,"column":24},"end":{"line":172,"column":63}},{"start":{"line":172,"column":67},"end":{"line":172,"column":106}}],"line":172}},"s":{"0":6,"1":6,"2":6,"3":6,"4":6,"5":6,"6":367904,"7":367904,"8":367904,"9":367904,"10":367904,"11":30739,"12":30739,"13":3619,"14":30739,"15":0,"16":337165,"17":50071,"18":16100,"19":16100,"20":16100,"21":33971,"22":16100,"23":0,"24":16100,"25":287094,"26":29021,"27":4790,"28":4790,"29":4790,"30":4790,"31":4790,"32":24231,"33":24231,"34":19441,"35":0,"36":19441,"37":9631,"38":9631,"39":9631,"40":107,"41":9810,"42":258073,"43":142360,"44":18876,"45":0,"46":18876,"47":18876,"48":123484,"49":123484,"50":6,"51":24,"52":24,"53":24,"54":24,"55":0,"56":24,"57":24,"58":24,"59":24,"60":24,"61":173448,"62":24,"63":36792,"64":24,"65":912,"66":24,"67":24,"68":24,"69":24,"70":36792,"71":36360,"72":33744,"73":126696,"74":1896,"75":2616,"76":192,"77":24},"f":{"0":6,"1":6,"2":367904,"3":24,"4":24,"5":24,"6":24,"7":173448,"8":36792,"9":912,"10":24,"11":24,"12":126696},"b":{"0":[367904,0],"1":[367904,367904,367904],"2":[30739,337165],"3":[30739,0],"4":[3619,27120],"5":[50071,287094],"6":[16100,33971],"7":[16100,0],"8":[16100,17871],"9":[0,16100],"10":[29021,258073],"11":[4790,24231],"12":[4790,0],"13":[19441,4790],"14":[0,19441],"15":[9631,9810],"16":[9631,0],"17":[107,9524],"18":[9631,9528],"19":[142360,115713],"20":[18876,123484],"21":[142360,23666],"22":[0,18876],"23":[24,0],"24":[36360,432],"25":[36792,36792],"26":[33744,2616],"27":[1896,124800],"28":[192,2424],"29":[2616,2616]},"_coverageSchema":"43e27e138ebf9cfc5966b082cf9a028302ed4184","hash":"3fba683660b9f65a9ecaf114156dcd33f6a252cc"}
,"D:\\Schooldocumenten\\Masterproef_projects\\geo_data_integration\\src\\utils\\Integration\\Data\\const.js": {"path":"D:\\Schooldocumenten\\Masterproef_projects\\geo_data_integration\\src\\utils\\Integration\\Data\\const.js","statementMap":{"0":{"start":{"line":1,"column":25},"end":{"line":1,"column":65}}},"fnMap":{},"branchMap":{},"s":{"0":7},"f":{},"b":{},"_coverageSchema":"43e27e138ebf9cfc5966b082cf9a028302ed4184","hash":"0f6faedf5fa037fc22638d4a2e16adf33c432afe"}
,"D:\\Schooldocumenten\\Masterproef_projects\\geo_data_integration\\src\\utils\\Integration\\Data\\testdata\\osmMap.js": {"path":"D:\\Schooldocumenten\\Masterproef_projects\\geo_data_integration\\src\\utils\\Integration\\Data\\testdata\\osmMap.js","statementMap":{"0":{"start":{"line":1,"column":17},"end":{"line":32432,"column":7}}},"fnMap":{},"branchMap":{},"s":{"0":4},"f":{},"b":{},"_coverageSchema":"43e27e138ebf9cfc5966b082cf9a028302ed4184","hash":"6509eb905057bb5989189142f6c60bd424d5be40"}
,"D:\\Schooldocumenten\\Masterproef_projects\\geo_data_integration\\src\\utils\\Integration\\Demo\\EncodeDecodeDemoTestFunctions.js": {"path":"D:\\Schooldocumenten\\Masterproef_projects\\geo_data_integration\\src\\utils\\Integration\\Demo\\EncodeDecodeDemoTestFunctions.js","statementMap":{"0":{"start":{"line":23,"column":41},"end":{"line":38,"column":1}},"1":{"start":{"line":40,"column":31},"end":{"line":55,"column":1}},"2":{"start":{"line":57,"column":22},"end":{"line":57,"column":24}},"3":{"start":{"line":58,"column":35},"end":{"line":58,"column":36}},"4":{"start":{"line":59,"column":34},"end":{"line":59,"column":35}},"5":{"start":{"line":60,"column":36},"end":{"line":60,"column":40}},"6":{"start":{"line":61,"column":30},"end":{"line":61,"column":33}},"7":{"start":{"line":62,"column":20},"end":{"line":62,"column":21}},"8":{"start":{"line":63,"column":20},"end":{"line":63,"column":21}},"9":{"start":{"line":66,"column":4},"end":{"line":66,"column":42}},"10":{"start":{"line":66,"column":18},"end":{"line":66,"column":42}},"11":{"start":{"line":67,"column":14},"end":{"line":67,"column":35}},"12":{"start":{"line":68,"column":4},"end":{"line":68,"column":56}},"13":{"start":{"line":71,"column":18},"end":{"line":71,"column":20}},"14":{"start":{"line":72,"column":0},"end":{"line":75,"column":2}},"15":{"start":{"line":73,"column":12},"end":{"line":73,"column":28}},"16":{"start":{"line":74,"column":4},"end":{"line":74,"column":53}},"17":{"start":{"line":78,"column":4},"end":{"line":78,"column":139}},"18":{"start":{"line":78,"column":16},"end":{"line":78,"column":139}},"19":{"start":{"line":80,"column":20},"end":{"line":80,"column":22}},"20":{"start":{"line":81,"column":23},"end":{"line":81,"column":24}},"21":{"start":{"line":82,"column":27},"end":{"line":82,"column":29}},"22":{"start":{"line":84,"column":23},"end":{"line":84,"column":25}},"23":{"start":{"line":85,"column":23},"end":{"line":85,"column":24}},"24":{"start":{"line":86,"column":27},"end":{"line":86,"column":29}},"25":{"start":{"line":88,"column":29},"end":{"line":88,"column":31}},"26":{"start":{"line":90,"column":22},"end":{"line":90,"column":24}},"27":{"start":{"line":91,"column":27},"end":{"line":91,"column":29}},"28":{"start":{"line":92,"column":18},"end":{"line":92,"column":24}},"29":{"start":{"line":93,"column":12},"end":{"line":93,"column":13}},"30":{"start":{"line":94,"column":13},"end":{"line":94,"column":20}},"31":{"start":{"line":95,"column":23},"end":{"line":95,"column":24}},"32":{"start":{"line":96,"column":4},"end":{"line":127,"column":5}},"33":{"start":{"line":97,"column":8},"end":{"line":126,"column":9}},"34":{"start":{"line":103,"column":12},"end":{"line":125,"column":13}},"35":{"start":{"line":104,"column":16},"end":{"line":106,"column":17}},"36":{"start":{"line":105,"column":20},"end":{"line":105,"column":65}},"37":{"start":{"line":107,"column":16},"end":{"line":109,"column":17}},"38":{"start":{"line":108,"column":20},"end":{"line":108,"column":24}},"39":{"start":{"line":110,"column":16},"end":{"line":110,"column":29}},"40":{"start":{"line":111,"column":31},"end":{"line":111,"column":62}},"41":{"start":{"line":112,"column":16},"end":{"line":112,"column":34}},"42":{"start":{"line":113,"column":16},"end":{"line":113,"column":41}},"43":{"start":{"line":114,"column":16},"end":{"line":114,"column":40}},"44":{"start":{"line":115,"column":16},"end":{"line":115,"column":31}},"45":{"start":{"line":119,"column":16},"end":{"line":119,"column":31}},"46":{"start":{"line":120,"column":16},"end":{"line":122,"column":17}},"47":{"start":{"line":121,"column":20},"end":{"line":121,"column":46}},"48":{"start":{"line":123,"column":16},"end":{"line":123,"column":40}},"49":{"start":{"line":124,"column":16},"end":{"line":124,"column":45}},"50":{"start":{"line":128,"column":16},"end":{"line":128,"column":25}},"51":{"start":{"line":129,"column":16},"end":{"line":129,"column":106}},"52":{"start":{"line":129,"column":82},"end":{"line":129,"column":101}},"53":{"start":{"line":130,"column":21},"end":{"line":130,"column":121}},"54":{"start":{"line":130,"column":97},"end":{"line":130,"column":116}},"55":{"start":{"line":131,"column":4},"end":{"line":135,"column":6}},"56":{"start":{"line":131,"column":16},"end":{"line":135,"column":6}},"57":{"start":{"line":136,"column":4},"end":{"line":136,"column":46}},"58":{"start":{"line":136,"column":16},"end":{"line":136,"column":46}},"59":{"start":{"line":137,"column":4},"end":{"line":137,"column":90}},"60":{"start":{"line":137,"column":16},"end":{"line":137,"column":90}},"61":{"start":{"line":139,"column":16},"end":{"line":139,"column":18}},"62":{"start":{"line":140,"column":21},"end":{"line":140,"column":23}},"63":{"start":{"line":141,"column":4},"end":{"line":141,"column":17}},"64":{"start":{"line":142,"column":4},"end":{"line":162,"column":5}},"65":{"start":{"line":142,"column":14},"end":{"line":142,"column":15}},"66":{"start":{"line":145,"column":8},"end":{"line":161,"column":9}},"67":{"start":{"line":146,"column":12},"end":{"line":146,"column":25}},"68":{"start":{"line":147,"column":26},"end":{"line":147,"column":89}},"69":{"start":{"line":148,"column":12},"end":{"line":148,"column":30}},"70":{"start":{"line":149,"column":12},"end":{"line":149,"column":39}},"71":{"start":{"line":150,"column":12},"end":{"line":150,"column":30}},"72":{"start":{"line":153,"column":12},"end":{"line":153,"column":30}},"73":{"start":{"line":154,"column":12},"end":{"line":156,"column":13}},"74":{"start":{"line":155,"column":16},"end":{"line":155,"column":42}},"75":{"start":{"line":157,"column":12},"end":{"line":157,"column":36}},"76":{"start":{"line":158,"column":12},"end":{"line":158,"column":27}},"77":{"start":{"line":159,"column":12},"end":{"line":159,"column":35}},"78":{"start":{"line":160,"column":12},"end":{"line":160,"column":50}},"79":{"start":{"line":163,"column":4},"end":{"line":163,"column":22}},"80":{"start":{"line":164,"column":14},"end":{"line":164,"column":92}},"81":{"start":{"line":164,"column":68},"end":{"line":164,"column":87}},"82":{"start":{"line":165,"column":19},"end":{"line":165,"column":107}},"83":{"start":{"line":165,"column":83},"end":{"line":165,"column":102}},"84":{"start":{"line":166,"column":4},"end":{"line":170,"column":6}},"85":{"start":{"line":166,"column":16},"end":{"line":170,"column":6}},"86":{"start":{"line":171,"column":4},"end":{"line":171,"column":46}},"87":{"start":{"line":171,"column":16},"end":{"line":171,"column":46}},"88":{"start":{"line":173,"column":4},"end":{"line":173,"column":52}},"89":{"start":{"line":173,"column":16},"end":{"line":173,"column":52}},"90":{"start":{"line":175,"column":4},"end":{"line":177,"column":5}},"91":{"start":{"line":175,"column":14},"end":{"line":175,"column":15}},"92":{"start":{"line":176,"column":8},"end":{"line":176,"column":64}},"93":{"start":{"line":179,"column":20},"end":{"line":179,"column":29}},"94":{"start":{"line":180,"column":22},"end":{"line":180,"column":23}},"95":{"start":{"line":181,"column":4},"end":{"line":190,"column":5}},"96":{"start":{"line":182,"column":8},"end":{"line":189,"column":9}},"97":{"start":{"line":183,"column":12},"end":{"line":185,"column":13}},"98":{"start":{"line":184,"column":16},"end":{"line":184,"column":62}},"99":{"start":{"line":186,"column":12},"end":{"line":188,"column":13}},"100":{"start":{"line":187,"column":16},"end":{"line":187,"column":30}},"101":{"start":{"line":191,"column":4},"end":{"line":191,"column":100}},"102":{"start":{"line":191,"column":16},"end":{"line":191,"column":100}},"103":{"start":{"line":193,"column":4},"end":{"line":199,"column":6}},"104":{"start":{"line":202,"column":4},"end":{"line":202,"column":139}},"105":{"start":{"line":202,"column":16},"end":{"line":202,"column":139}},"106":{"start":{"line":203,"column":18},"end":{"line":203,"column":20}},"107":{"start":{"line":204,"column":29},"end":{"line":204,"column":31}},"108":{"start":{"line":205,"column":20},"end":{"line":205,"column":22}},"109":{"start":{"line":206,"column":23},"end":{"line":206,"column":24}},"110":{"start":{"line":207,"column":27},"end":{"line":207,"column":29}},"111":{"start":{"line":209,"column":23},"end":{"line":209,"column":25}},"112":{"start":{"line":210,"column":23},"end":{"line":210,"column":24}},"113":{"start":{"line":211,"column":27},"end":{"line":211,"column":29}},"114":{"start":{"line":213,"column":29},"end":{"line":213,"column":31}},"115":{"start":{"line":215,"column":22},"end":{"line":215,"column":24}},"116":{"start":{"line":216,"column":27},"end":{"line":216,"column":29}},"117":{"start":{"line":217,"column":23},"end":{"line":217,"column":24}},"118":{"start":{"line":218,"column":13},"end":{"line":218,"column":30}},"119":{"start":{"line":219,"column":4},"end":{"line":247,"column":5}},"120":{"start":{"line":220,"column":8},"end":{"line":246,"column":9}},"121":{"start":{"line":227,"column":12},"end":{"line":245,"column":13}},"122":{"start":{"line":228,"column":16},"end":{"line":228,"column":39}},"123":{"start":{"line":229,"column":31},"end":{"line":229,"column":61}},"124":{"start":{"line":231,"column":16},"end":{"line":231,"column":39}},"125":{"start":{"line":232,"column":16},"end":{"line":232,"column":41}},"126":{"start":{"line":233,"column":16},"end":{"line":233,"column":40}},"127":{"start":{"line":234,"column":16},"end":{"line":234,"column":33}},"128":{"start":{"line":235,"column":16},"end":{"line":235,"column":31}},"129":{"start":{"line":238,"column":16},"end":{"line":238,"column":39}},"130":{"start":{"line":239,"column":16},"end":{"line":241,"column":17}},"131":{"start":{"line":240,"column":20},"end":{"line":240,"column":46}},"132":{"start":{"line":242,"column":16},"end":{"line":242,"column":40}},"133":{"start":{"line":243,"column":16},"end":{"line":243,"column":31}},"134":{"start":{"line":244,"column":16},"end":{"line":244,"column":45}},"135":{"start":{"line":248,"column":13},"end":{"line":248,"column":30}},"136":{"start":{"line":249,"column":16},"end":{"line":249,"column":106}},"137":{"start":{"line":249,"column":82},"end":{"line":249,"column":101}},"138":{"start":{"line":250,"column":21},"end":{"line":250,"column":121}},"139":{"start":{"line":250,"column":97},"end":{"line":250,"column":116}},"140":{"start":{"line":251,"column":4},"end":{"line":255,"column":6}},"141":{"start":{"line":251,"column":16},"end":{"line":255,"column":6}},"142":{"start":{"line":256,"column":4},"end":{"line":256,"column":46}},"143":{"start":{"line":256,"column":16},"end":{"line":256,"column":46}},"144":{"start":{"line":258,"column":16},"end":{"line":258,"column":18}},"145":{"start":{"line":259,"column":21},"end":{"line":259,"column":23}},"146":{"start":{"line":260,"column":4},"end":{"line":260,"column":27}},"147":{"start":{"line":261,"column":4},"end":{"line":283,"column":5}},"148":{"start":{"line":261,"column":14},"end":{"line":261,"column":15}},"149":{"start":{"line":264,"column":8},"end":{"line":282,"column":9}},"150":{"start":{"line":265,"column":12},"end":{"line":265,"column":35}},"151":{"start":{"line":266,"column":26},"end":{"line":266,"column":90}},"152":{"start":{"line":267,"column":12},"end":{"line":267,"column":35}},"153":{"start":{"line":268,"column":12},"end":{"line":268,"column":39}},"154":{"start":{"line":269,"column":12},"end":{"line":269,"column":30}},"155":{"start":{"line":272,"column":12},"end":{"line":274,"column":13}},"156":{"start":{"line":273,"column":16},"end":{"line":273,"column":42}},"157":{"start":{"line":275,"column":12},"end":{"line":275,"column":36}},"158":{"start":{"line":276,"column":12},"end":{"line":276,"column":35}},"159":{"start":{"line":277,"column":12},"end":{"line":277,"column":27}},"160":{"start":{"line":278,"column":12},"end":{"line":278,"column":35}},"161":{"start":{"line":279,"column":12},"end":{"line":279,"column":50}},"162":{"start":{"line":280,"column":12},"end":{"line":280,"column":39}},"163":{"start":{"line":281,"column":12},"end":{"line":281,"column":32}},"164":{"start":{"line":284,"column":4},"end":{"line":284,"column":27}},"165":{"start":{"line":285,"column":14},"end":{"line":285,"column":92}},"166":{"start":{"line":285,"column":68},"end":{"line":285,"column":87}},"167":{"start":{"line":286,"column":19},"end":{"line":286,"column":107}},"168":{"start":{"line":286,"column":83},"end":{"line":286,"column":102}},"169":{"start":{"line":287,"column":4},"end":{"line":291,"column":6}},"170":{"start":{"line":287,"column":16},"end":{"line":291,"column":6}},"171":{"start":{"line":292,"column":4},"end":{"line":292,"column":46}},"172":{"start":{"line":292,"column":16},"end":{"line":292,"column":46}},"173":{"start":{"line":294,"column":23},"end":{"line":294,"column":24}},"174":{"start":{"line":295,"column":25},"end":{"line":295,"column":26}},"175":{"start":{"line":296,"column":33},"end":{"line":296,"column":34}},"176":{"start":{"line":297,"column":33},"end":{"line":297,"column":34}},"177":{"start":{"line":298,"column":18},"end":{"line":298,"column":27}},"178":{"start":{"line":299,"column":18},"end":{"line":299,"column":27}},"179":{"start":{"line":300,"column":27},"end":{"line":300,"column":36}},"180":{"start":{"line":301,"column":22},"end":{"line":301,"column":24}},"181":{"start":{"line":302,"column":44},"end":{"line":302,"column":45}},"182":{"start":{"line":303,"column":12},"end":{"line":303,"column":13}},"183":{"start":{"line":304,"column":4},"end":{"line":428,"column":5}},"184":{"start":{"line":304,"column":14},"end":{"line":304,"column":15}},"185":{"start":{"line":305,"column":8},"end":{"line":427,"column":9}},"186":{"start":{"line":306,"column":28},"end":{"line":306,"column":37}},"187":{"start":{"line":307,"column":26},"end":{"line":307,"column":35}},"188":{"start":{"line":308,"column":43},"end":{"line":308,"column":48}},"189":{"start":{"line":309,"column":12},"end":{"line":379,"column":13}},"190":{"start":{"line":310,"column":16},"end":{"line":317,"column":17}},"191":{"start":{"line":311,"column":20},"end":{"line":311,"column":45}},"192":{"start":{"line":312,"column":20},"end":{"line":312,"column":52}},"193":{"start":{"line":315,"column":20},"end":{"line":315,"column":60}},"194":{"start":{"line":316,"column":20},"end":{"line":316,"column":58}},"195":{"start":{"line":319,"column":17},"end":{"line":379,"column":13}},"196":{"start":{"line":320,"column":16},"end":{"line":320,"column":31}},"197":{"start":{"line":321,"column":16},"end":{"line":343,"column":17}},"198":{"start":{"line":322,"column":20},"end":{"line":322,"column":45}},"199":{"start":{"line":323,"column":20},"end":{"line":323,"column":52}},"200":{"start":{"line":326,"column":20},"end":{"line":333,"column":21}},"201":{"start":{"line":327,"column":24},"end":{"line":327,"column":66}},"202":{"start":{"line":328,"column":24},"end":{"line":328,"column":189}},"203":{"start":{"line":331,"column":24},"end":{"line":331,"column":191}},"204":{"start":{"line":332,"column":24},"end":{"line":332,"column":64}},"205":{"start":{"line":345,"column":17},"end":{"line":379,"column":13}},"206":{"start":{"line":346,"column":16},"end":{"line":346,"column":33}},"207":{"start":{"line":347,"column":16},"end":{"line":355,"column":17}},"208":{"start":{"line":348,"column":20},"end":{"line":348,"column":45}},"209":{"start":{"line":349,"column":20},"end":{"line":349,"column":52}},"210":{"start":{"line":352,"column":20},"end":{"line":352,"column":80}},"211":{"start":{"line":353,"column":20},"end":{"line":353,"column":187}},"212":{"start":{"line":354,"column":20},"end":{"line":354,"column":185}},"213":{"start":{"line":357,"column":17},"end":{"line":379,"column":13}},"214":{"start":{"line":358,"column":16},"end":{"line":358,"column":41}},"215":{"start":{"line":359,"column":24},"end":{"line":359,"column":25}},"216":{"start":{"line":360,"column":16},"end":{"line":362,"column":17}},"217":{"start":{"line":361,"column":20},"end":{"line":361,"column":24}},"218":{"start":{"line":363,"column":16},"end":{"line":378,"column":17}},"219":{"start":{"line":364,"column":20},"end":{"line":364,"column":45}},"220":{"start":{"line":365,"column":20},"end":{"line":365,"column":52}},"221":{"start":{"line":368,"column":20},"end":{"line":368,"column":95}},"222":{"start":{"line":369,"column":20},"end":{"line":369,"column":93}},"223":{"start":{"line":370,"column":20},"end":{"line":372,"column":21}},"224":{"start":{"line":370,"column":30},"end":{"line":370,"column":31}},"225":{"start":{"line":371,"column":24},"end":{"line":371,"column":76}},"226":{"start":{"line":373,"column":20},"end":{"line":375,"column":21}},"227":{"start":{"line":373,"column":30},"end":{"line":373,"column":33}},"228":{"start":{"line":374,"column":24},"end":{"line":374,"column":74}},"229":{"start":{"line":376,"column":20},"end":{"line":376,"column":89}},"230":{"start":{"line":377,"column":20},"end":{"line":377,"column":85}},"231":{"start":{"line":381,"column":12},"end":{"line":423,"column":13}},"232":{"start":{"line":383,"column":16},"end":{"line":385,"column":17}},"233":{"start":{"line":384,"column":20},"end":{"line":384,"column":50}},"234":{"start":{"line":386,"column":16},"end":{"line":388,"column":17}},"235":{"start":{"line":387,"column":20},"end":{"line":387,"column":48}},"236":{"start":{"line":389,"column":16},"end":{"line":391,"column":17}},"237":{"start":{"line":390,"column":20},"end":{"line":390,"column":50}},"238":{"start":{"line":392,"column":16},"end":{"line":394,"column":17}},"239":{"start":{"line":393,"column":20},"end":{"line":393,"column":48}},"240":{"start":{"line":396,"column":16},"end":{"line":402,"column":17}},"241":{"start":{"line":398,"column":20},"end":{"line":398,"column":92}},"242":{"start":{"line":398,"column":32},"end":{"line":398,"column":92}},"243":{"start":{"line":399,"column":20},"end":{"line":399,"column":78}},"244":{"start":{"line":399,"column":32},"end":{"line":399,"column":78}},"245":{"start":{"line":400,"column":20},"end":{"line":400,"column":83}},"246":{"start":{"line":400,"column":32},"end":{"line":400,"column":83}},"247":{"start":{"line":401,"column":20},"end":{"line":401,"column":89}},"248":{"start":{"line":401,"column":32},"end":{"line":401,"column":89}},"249":{"start":{"line":404,"column":16},"end":{"line":404,"column":48}},"250":{"start":{"line":405,"column":16},"end":{"line":405,"column":46}},"251":{"start":{"line":406,"column":16},"end":{"line":406,"column":54}},"252":{"start":{"line":407,"column":16},"end":{"line":407,"column":52}},"253":{"start":{"line":409,"column":16},"end":{"line":411,"column":17}},"254":{"start":{"line":410,"column":20},"end":{"line":410,"column":56}},"255":{"start":{"line":418,"column":16},"end":{"line":418,"column":81}},"256":{"start":{"line":419,"column":16},"end":{"line":419,"column":92}},"257":{"start":{"line":420,"column":16},"end":{"line":422,"column":17}},"258":{"start":{"line":421,"column":20},"end":{"line":421,"column":70}},"259":{"start":{"line":426,"column":12},"end":{"line":426,"column":16}},"260":{"start":{"line":431,"column":4},"end":{"line":431,"column":136}},"261":{"start":{"line":431,"column":16},"end":{"line":431,"column":136}},"262":{"start":{"line":432,"column":4},"end":{"line":432,"column":80}},"263":{"start":{"line":432,"column":16},"end":{"line":432,"column":80}},"264":{"start":{"line":433,"column":25},"end":{"line":433,"column":115}},"265":{"start":{"line":433,"column":91},"end":{"line":433,"column":110}},"266":{"start":{"line":434,"column":4},"end":{"line":434,"column":177}},"267":{"start":{"line":434,"column":16},"end":{"line":434,"column":177}},"268":{"start":{"line":435,"column":4},"end":{"line":435,"column":97}},"269":{"start":{"line":435,"column":16},"end":{"line":435,"column":97}},"270":{"start":{"line":436,"column":4},"end":{"line":436,"column":144}},"271":{"start":{"line":436,"column":16},"end":{"line":436,"column":144}},"272":{"start":{"line":438,"column":4},"end":{"line":444,"column":6}},"273":{"start":{"line":448,"column":4},"end":{"line":465,"column":7}},"274":{"start":{"line":449,"column":8},"end":{"line":464,"column":11}},"275":{"start":{"line":450,"column":43},"end":{"line":450,"column":60}},"276":{"start":{"line":451,"column":12},"end":{"line":451,"column":97}},"277":{"start":{"line":453,"column":12},"end":{"line":463,"column":37}},"278":{"start":{"line":454,"column":31},"end":{"line":463,"column":34}},"279":{"start":{"line":455,"column":35},"end":{"line":463,"column":32}},"280":{"start":{"line":456,"column":43},"end":{"line":463,"column":30}},"281":{"start":{"line":458,"column":53},"end":{"line":458,"column":70}},"282":{"start":{"line":459,"column":32},"end":{"line":459,"column":136}},"283":{"start":{"line":461,"column":45},"end":{"line":461,"column":210}},"284":{"start":{"line":461,"column":139},"end":{"line":461,"column":208}},"285":{"start":{"line":462,"column":32},"end":{"line":462,"column":48}},"286":{"start":{"line":468,"column":4},"end":{"line":484,"column":7}},"287":{"start":{"line":469,"column":8},"end":{"line":483,"column":11}},"288":{"start":{"line":470,"column":43},"end":{"line":470,"column":60}},"289":{"start":{"line":471,"column":12},"end":{"line":471,"column":97}},"290":{"start":{"line":473,"column":12},"end":{"line":482,"column":25}},"291":{"start":{"line":474,"column":31},"end":{"line":482,"column":22}},"292":{"start":{"line":476,"column":42},"end":{"line":476,"column":59}},"293":{"start":{"line":477,"column":24},"end":{"line":477,"column":119}},"294":{"start":{"line":479,"column":37},"end":{"line":479,"column":199}},"295":{"start":{"line":479,"column":128},"end":{"line":479,"column":197}},"296":{"start":{"line":481,"column":24},"end":{"line":481,"column":40}},"297":{"start":{"line":487,"column":22},"end":{"line":487,"column":39}},"298":{"start":{"line":488,"column":4},"end":{"line":516,"column":7}},"299":{"start":{"line":489,"column":26},"end":{"line":489,"column":28}},"300":{"start":{"line":490,"column":8},"end":{"line":495,"column":22}},"301":{"start":{"line":491,"column":27},"end":{"line":495,"column":18}},"302":{"start":{"line":493,"column":37},"end":{"line":493,"column":116}},"303":{"start":{"line":494,"column":20},"end":{"line":494,"column":75}},"304":{"start":{"line":496,"column":8},"end":{"line":501,"column":22}},"305":{"start":{"line":497,"column":27},"end":{"line":501,"column":18}},"306":{"start":{"line":499,"column":37},"end":{"line":499,"column":116}},"307":{"start":{"line":500,"column":20},"end":{"line":500,"column":75}},"308":{"start":{"line":503,"column":8},"end":{"line":515,"column":11}},"309":{"start":{"line":504,"column":12},"end":{"line":514,"column":37}},"310":{"start":{"line":505,"column":31},"end":{"line":514,"column":34}},"311":{"start":{"line":506,"column":35},"end":{"line":514,"column":32}},"312":{"start":{"line":507,"column":43},"end":{"line":514,"column":30}},"313":{"start":{"line":509,"column":53},"end":{"line":509,"column":70}},"314":{"start":{"line":510,"column":32},"end":{"line":510,"column":136}},"315":{"start":{"line":512,"column":45},"end":{"line":512,"column":197}},"316":{"start":{"line":512,"column":126},"end":{"line":512,"column":195}},"317":{"start":{"line":513,"column":32},"end":{"line":513,"column":48}},"318":{"start":{"line":519,"column":4},"end":{"line":536,"column":7}},"319":{"start":{"line":520,"column":8},"end":{"line":535,"column":11}},"320":{"start":{"line":521,"column":43},"end":{"line":521,"column":60}},"321":{"start":{"line":522,"column":12},"end":{"line":522,"column":97}},"322":{"start":{"line":524,"column":12},"end":{"line":534,"column":37}},"323":{"start":{"line":525,"column":31},"end":{"line":534,"column":34}},"324":{"start":{"line":526,"column":35},"end":{"line":534,"column":32}},"325":{"start":{"line":527,"column":43},"end":{"line":534,"column":30}},"326":{"start":{"line":529,"column":53},"end":{"line":529,"column":70}},"327":{"start":{"line":530,"column":32},"end":{"line":530,"column":136}},"328":{"start":{"line":532,"column":45},"end":{"line":532,"column":193}},"329":{"start":{"line":532,"column":139},"end":{"line":532,"column":191}},"330":{"start":{"line":533,"column":32},"end":{"line":533,"column":48}},"331":{"start":{"line":539,"column":4},"end":{"line":555,"column":7}},"332":{"start":{"line":540,"column":8},"end":{"line":554,"column":11}},"333":{"start":{"line":541,"column":43},"end":{"line":541,"column":60}},"334":{"start":{"line":542,"column":12},"end":{"line":542,"column":97}},"335":{"start":{"line":544,"column":12},"end":{"line":553,"column":25}},"336":{"start":{"line":545,"column":31},"end":{"line":553,"column":22}},"337":{"start":{"line":547,"column":42},"end":{"line":547,"column":59}},"338":{"start":{"line":548,"column":24},"end":{"line":548,"column":119}},"339":{"start":{"line":550,"column":37},"end":{"line":550,"column":182}},"340":{"start":{"line":550,"column":128},"end":{"line":550,"column":180}},"341":{"start":{"line":552,"column":24},"end":{"line":552,"column":40}},"342":{"start":{"line":558,"column":22},"end":{"line":558,"column":39}},"343":{"start":{"line":559,"column":4},"end":{"line":587,"column":7}},"344":{"start":{"line":560,"column":26},"end":{"line":560,"column":28}},"345":{"start":{"line":561,"column":8},"end":{"line":566,"column":22}},"346":{"start":{"line":562,"column":27},"end":{"line":566,"column":18}},"347":{"start":{"line":564,"column":37},"end":{"line":564,"column":116}},"348":{"start":{"line":565,"column":20},"end":{"line":565,"column":75}},"349":{"start":{"line":567,"column":8},"end":{"line":572,"column":22}},"350":{"start":{"line":568,"column":27},"end":{"line":572,"column":18}},"351":{"start":{"line":570,"column":37},"end":{"line":570,"column":116}},"352":{"start":{"line":571,"column":20},"end":{"line":571,"column":75}},"353":{"start":{"line":574,"column":8},"end":{"line":586,"column":11}},"354":{"start":{"line":575,"column":12},"end":{"line":585,"column":37}},"355":{"start":{"line":576,"column":31},"end":{"line":585,"column":34}},"356":{"start":{"line":577,"column":35},"end":{"line":585,"column":32}},"357":{"start":{"line":578,"column":43},"end":{"line":585,"column":30}},"358":{"start":{"line":580,"column":53},"end":{"line":580,"column":70}},"359":{"start":{"line":581,"column":32},"end":{"line":581,"column":136}},"360":{"start":{"line":583,"column":45},"end":{"line":583,"column":180}},"361":{"start":{"line":583,"column":126},"end":{"line":583,"column":178}},"362":{"start":{"line":584,"column":32},"end":{"line":584,"column":48}},"363":{"start":{"line":591,"column":4},"end":{"line":604,"column":7}},"364":{"start":{"line":592,"column":8},"end":{"line":603,"column":33}},"365":{"start":{"line":593,"column":27},"end":{"line":603,"column":30}},"366":{"start":{"line":594,"column":31},"end":{"line":603,"column":28}},"367":{"start":{"line":595,"column":39},"end":{"line":603,"column":26}},"368":{"start":{"line":597,"column":49},"end":{"line":597,"column":66}},"369":{"start":{"line":598,"column":28},"end":{"line":598,"column":132}},"370":{"start":{"line":600,"column":41},"end":{"line":600,"column":180}},"371":{"start":{"line":600,"column":109},"end":{"line":600,"column":178}},"372":{"start":{"line":602,"column":28},"end":{"line":602,"column":44}},"373":{"start":{"line":607,"column":4},"end":{"line":620,"column":7}},"374":{"start":{"line":608,"column":8},"end":{"line":619,"column":33}},"375":{"start":{"line":609,"column":27},"end":{"line":619,"column":30}},"376":{"start":{"line":610,"column":31},"end":{"line":619,"column":28}},"377":{"start":{"line":611,"column":39},"end":{"line":619,"column":26}},"378":{"start":{"line":613,"column":49},"end":{"line":613,"column":66}},"379":{"start":{"line":614,"column":28},"end":{"line":614,"column":132}},"380":{"start":{"line":616,"column":41},"end":{"line":616,"column":163}},"381":{"start":{"line":616,"column":109},"end":{"line":616,"column":161}},"382":{"start":{"line":618,"column":28},"end":{"line":618,"column":43}},"383":{"start":{"line":624,"column":4},"end":{"line":633,"column":7}},"384":{"start":{"line":625,"column":8},"end":{"line":632,"column":11}},"385":{"start":{"line":626,"column":43},"end":{"line":626,"column":60}},"386":{"start":{"line":627,"column":12},"end":{"line":627,"column":97}},"387":{"start":{"line":629,"column":25},"end":{"line":629,"column":204}},"388":{"start":{"line":629,"column":103},"end":{"line":629,"column":172}},"389":{"start":{"line":631,"column":12},"end":{"line":631,"column":28}},"390":{"start":{"line":636,"column":4},"end":{"line":645,"column":7}},"391":{"start":{"line":637,"column":8},"end":{"line":644,"column":11}},"392":{"start":{"line":638,"column":43},"end":{"line":638,"column":60}},"393":{"start":{"line":639,"column":12},"end":{"line":639,"column":97}},"394":{"start":{"line":641,"column":25},"end":{"line":641,"column":187}},"395":{"start":{"line":641,"column":103},"end":{"line":641,"column":155}},"396":{"start":{"line":643,"column":12},"end":{"line":643,"column":27}},"397":{"start":{"line":649,"column":4},"end":{"line":660,"column":17}},"398":{"start":{"line":650,"column":8},"end":{"line":660,"column":14}},"399":{"start":{"line":651,"column":27},"end":{"line":659,"column":19}},"400":{"start":{"line":653,"column":38},"end":{"line":653,"column":55}},"401":{"start":{"line":654,"column":20},"end":{"line":654,"column":115}},"402":{"start":{"line":656,"column":33},"end":{"line":656,"column":169}},"403":{"start":{"line":656,"column":98},"end":{"line":656,"column":167}},"404":{"start":{"line":658,"column":20},"end":{"line":658,"column":36}},"405":{"start":{"line":663,"column":4},"end":{"line":674,"column":17}},"406":{"start":{"line":664,"column":8},"end":{"line":674,"column":14}},"407":{"start":{"line":665,"column":27},"end":{"line":673,"column":19}},"408":{"start":{"line":667,"column":38},"end":{"line":667,"column":55}},"409":{"start":{"line":668,"column":20},"end":{"line":668,"column":115}},"410":{"start":{"line":670,"column":33},"end":{"line":670,"column":152}},"411":{"start":{"line":670,"column":98},"end":{"line":670,"column":150}},"412":{"start":{"line":672,"column":20},"end":{"line":672,"column":35}},"413":{"start":{"line":832,"column":4},"end":{"line":841,"column":7}},"414":{"start":{"line":833,"column":8},"end":{"line":840,"column":11}},"415":{"start":{"line":834,"column":43},"end":{"line":834,"column":60}},"416":{"start":{"line":835,"column":12},"end":{"line":835,"column":97}},"417":{"start":{"line":837,"column":25},"end":{"line":837,"column":213}},"418":{"start":{"line":837,"column":103},"end":{"line":837,"column":172}},"419":{"start":{"line":839,"column":12},"end":{"line":839,"column":28}},"420":{"start":{"line":844,"column":4},"end":{"line":853,"column":7}},"421":{"start":{"line":845,"column":8},"end":{"line":852,"column":11}},"422":{"start":{"line":846,"column":43},"end":{"line":846,"column":60}},"423":{"start":{"line":847,"column":12},"end":{"line":847,"column":97}},"424":{"start":{"line":849,"column":25},"end":{"line":849,"column":196}},"425":{"start":{"line":849,"column":103},"end":{"line":849,"column":155}},"426":{"start":{"line":851,"column":12},"end":{"line":851,"column":27}}},"fnMap":{"0":{"name":"clock","decl":{"start":{"line":65,"column":9},"end":{"line":65,"column":14}},"loc":{"start":{"line":65,"column":22},"end":{"line":69,"column":1}},"line":65},"1":{"name":"(anonymous_1)","decl":{"start":{"line":72,"column":18},"end":{"line":72,"column":19}},"loc":{"start":{"line":72,"column":22},"end":{"line":75,"column":1}},"line":72},"2":{"name":"_fromOneToOther","decl":{"start":{"line":77,"column":16},"end":{"line":77,"column":31}},"loc":{"start":{"line":77,"column":102},"end":{"line":200,"column":1}},"line":77},"3":{"name":"(anonymous_3)","decl":{"start":{"line":129,"column":60},"end":{"line":129,"column":61}},"loc":{"start":{"line":129,"column":82},"end":{"line":129,"column":101}},"line":129},"4":{"name":"(anonymous_4)","decl":{"start":{"line":130,"column":75},"end":{"line":130,"column":76}},"loc":{"start":{"line":130,"column":97},"end":{"line":130,"column":116}},"line":130},"5":{"name":"(anonymous_5)","decl":{"start":{"line":164,"column":46},"end":{"line":164,"column":47}},"loc":{"start":{"line":164,"column":68},"end":{"line":164,"column":87}},"line":164},"6":{"name":"(anonymous_6)","decl":{"start":{"line":165,"column":61},"end":{"line":165,"column":62}},"loc":{"start":{"line":165,"column":83},"end":{"line":165,"column":102}},"line":165},"7":{"name":"_fromOneToSame","decl":{"start":{"line":201,"column":16},"end":{"line":201,"column":30}},"loc":{"start":{"line":201,"column":115},"end":{"line":445,"column":1}},"line":201},"8":{"name":"(anonymous_8)","decl":{"start":{"line":249,"column":60},"end":{"line":249,"column":61}},"loc":{"start":{"line":249,"column":82},"end":{"line":249,"column":101}},"line":249},"9":{"name":"(anonymous_9)","decl":{"start":{"line":250,"column":75},"end":{"line":250,"column":76}},"loc":{"start":{"line":250,"column":97},"end":{"line":250,"column":116}},"line":250},"10":{"name":"(anonymous_10)","decl":{"start":{"line":285,"column":46},"end":{"line":285,"column":47}},"loc":{"start":{"line":285,"column":68},"end":{"line":285,"column":87}},"line":285},"11":{"name":"(anonymous_11)","decl":{"start":{"line":286,"column":61},"end":{"line":286,"column":62}},"loc":{"start":{"line":286,"column":83},"end":{"line":286,"column":102}},"line":286},"12":{"name":"(anonymous_12)","decl":{"start":{"line":433,"column":69},"end":{"line":433,"column":70}},"loc":{"start":{"line":433,"column":91},"end":{"line":433,"column":110}},"line":433},"13":{"name":"osmToWegenregister","decl":{"start":{"line":447,"column":16},"end":{"line":447,"column":34}},"loc":{"start":{"line":447,"column":53},"end":{"line":466,"column":1}},"line":447},"14":{"name":"(anonymous_14)","decl":{"start":{"line":448,"column":23},"end":{"line":448,"column":24}},"loc":{"start":{"line":448,"column":32},"end":{"line":465,"column":5}},"line":448},"15":{"name":"(anonymous_15)","decl":{"start":{"line":449,"column":58},"end":{"line":449,"column":59}},"loc":{"start":{"line":449,"column":70},"end":{"line":464,"column":9}},"line":449},"16":{"name":"(anonymous_16)","decl":{"start":{"line":454,"column":22},"end":{"line":454,"column":23}},"loc":{"start":{"line":454,"column":30},"end":{"line":463,"column":35}},"line":454},"17":{"name":"(anonymous_17)","decl":{"start":{"line":455,"column":26},"end":{"line":455,"column":27}},"loc":{"start":{"line":455,"column":34},"end":{"line":463,"column":33}},"line":455},"18":{"name":"(anonymous_18)","decl":{"start":{"line":456,"column":30},"end":{"line":456,"column":31}},"loc":{"start":{"line":456,"column":42},"end":{"line":463,"column":31}},"line":456},"19":{"name":"(anonymous_19)","decl":{"start":{"line":457,"column":34},"end":{"line":457,"column":35}},"loc":{"start":{"line":457,"column":49},"end":{"line":463,"column":29}},"line":457},"20":{"name":"(anonymous_20)","decl":{"start":{"line":461,"column":119},"end":{"line":461,"column":120}},"loc":{"start":{"line":461,"column":138},"end":{"line":461,"column":209}},"line":461},"21":{"name":"routableTilesToWegenregister","decl":{"start":{"line":467,"column":16},"end":{"line":467,"column":44}},"loc":{"start":{"line":467,"column":63},"end":{"line":485,"column":1}},"line":467},"22":{"name":"(anonymous_22)","decl":{"start":{"line":468,"column":23},"end":{"line":468,"column":24}},"loc":{"start":{"line":468,"column":32},"end":{"line":484,"column":5}},"line":468},"23":{"name":"(anonymous_23)","decl":{"start":{"line":469,"column":58},"end":{"line":469,"column":59}},"loc":{"start":{"line":469,"column":70},"end":{"line":483,"column":9}},"line":469},"24":{"name":"(anonymous_24)","decl":{"start":{"line":474,"column":22},"end":{"line":474,"column":23}},"loc":{"start":{"line":474,"column":30},"end":{"line":482,"column":23}},"line":474},"25":{"name":"(anonymous_25)","decl":{"start":{"line":475,"column":26},"end":{"line":475,"column":27}},"loc":{"start":{"line":475,"column":44},"end":{"line":482,"column":21}},"line":475},"26":{"name":"(anonymous_26)","decl":{"start":{"line":479,"column":108},"end":{"line":479,"column":109}},"loc":{"start":{"line":479,"column":127},"end":{"line":479,"column":198}},"line":479},"27":{"name":"osmToRoutableTiles","decl":{"start":{"line":486,"column":16},"end":{"line":486,"column":34}},"loc":{"start":{"line":486,"column":53},"end":{"line":517,"column":1}},"line":486},"28":{"name":"(anonymous_28)","decl":{"start":{"line":488,"column":23},"end":{"line":488,"column":24}},"loc":{"start":{"line":488,"column":32},"end":{"line":516,"column":5}},"line":488},"29":{"name":"(anonymous_29)","decl":{"start":{"line":491,"column":18},"end":{"line":491,"column":19}},"loc":{"start":{"line":491,"column":26},"end":{"line":495,"column":19}},"line":491},"30":{"name":"(anonymous_30)","decl":{"start":{"line":492,"column":22},"end":{"line":492,"column":23}},"loc":{"start":{"line":492,"column":40},"end":{"line":495,"column":17}},"line":492},"31":{"name":"(anonymous_31)","decl":{"start":{"line":497,"column":18},"end":{"line":497,"column":19}},"loc":{"start":{"line":497,"column":26},"end":{"line":501,"column":19}},"line":497},"32":{"name":"(anonymous_32)","decl":{"start":{"line":498,"column":22},"end":{"line":498,"column":23}},"loc":{"start":{"line":498,"column":40},"end":{"line":501,"column":17}},"line":498},"33":{"name":"(anonymous_33)","decl":{"start":{"line":503,"column":38},"end":{"line":503,"column":39}},"loc":{"start":{"line":503,"column":43},"end":{"line":515,"column":9}},"line":503},"34":{"name":"(anonymous_34)","decl":{"start":{"line":505,"column":22},"end":{"line":505,"column":23}},"loc":{"start":{"line":505,"column":30},"end":{"line":514,"column":35}},"line":505},"35":{"name":"(anonymous_35)","decl":{"start":{"line":506,"column":26},"end":{"line":506,"column":27}},"loc":{"start":{"line":506,"column":34},"end":{"line":514,"column":33}},"line":506},"36":{"name":"(anonymous_36)","decl":{"start":{"line":507,"column":30},"end":{"line":507,"column":31}},"loc":{"start":{"line":507,"column":42},"end":{"line":514,"column":31}},"line":507},"37":{"name":"(anonymous_37)","decl":{"start":{"line":508,"column":34},"end":{"line":508,"column":35}},"loc":{"start":{"line":508,"column":49},"end":{"line":514,"column":29}},"line":508},"38":{"name":"(anonymous_38)","decl":{"start":{"line":512,"column":106},"end":{"line":512,"column":107}},"loc":{"start":{"line":512,"column":125},"end":{"line":512,"column":196}},"line":512},"39":{"name":"osmToWegenregisterNoEnc","decl":{"start":{"line":518,"column":16},"end":{"line":518,"column":39}},"loc":{"start":{"line":518,"column":58},"end":{"line":537,"column":1}},"line":518},"40":{"name":"(anonymous_40)","decl":{"start":{"line":519,"column":23},"end":{"line":519,"column":24}},"loc":{"start":{"line":519,"column":32},"end":{"line":536,"column":5}},"line":519},"41":{"name":"(anonymous_41)","decl":{"start":{"line":520,"column":58},"end":{"line":520,"column":59}},"loc":{"start":{"line":520,"column":70},"end":{"line":535,"column":9}},"line":520},"42":{"name":"(anonymous_42)","decl":{"start":{"line":525,"column":22},"end":{"line":525,"column":23}},"loc":{"start":{"line":525,"column":30},"end":{"line":534,"column":35}},"line":525},"43":{"name":"(anonymous_43)","decl":{"start":{"line":526,"column":26},"end":{"line":526,"column":27}},"loc":{"start":{"line":526,"column":34},"end":{"line":534,"column":33}},"line":526},"44":{"name":"(anonymous_44)","decl":{"start":{"line":527,"column":30},"end":{"line":527,"column":31}},"loc":{"start":{"line":527,"column":42},"end":{"line":534,"column":31}},"line":527},"45":{"name":"(anonymous_45)","decl":{"start":{"line":528,"column":34},"end":{"line":528,"column":35}},"loc":{"start":{"line":528,"column":49},"end":{"line":534,"column":29}},"line":528},"46":{"name":"(anonymous_46)","decl":{"start":{"line":532,"column":119},"end":{"line":532,"column":120}},"loc":{"start":{"line":532,"column":138},"end":{"line":532,"column":192}},"line":532},"47":{"name":"routableTilesToWegenregisterNoEnc","decl":{"start":{"line":538,"column":16},"end":{"line":538,"column":49}},"loc":{"start":{"line":538,"column":68},"end":{"line":556,"column":1}},"line":538},"48":{"name":"(anonymous_48)","decl":{"start":{"line":539,"column":23},"end":{"line":539,"column":24}},"loc":{"start":{"line":539,"column":32},"end":{"line":555,"column":5}},"line":539},"49":{"name":"(anonymous_49)","decl":{"start":{"line":540,"column":58},"end":{"line":540,"column":59}},"loc":{"start":{"line":540,"column":70},"end":{"line":554,"column":9}},"line":540},"50":{"name":"(anonymous_50)","decl":{"start":{"line":545,"column":22},"end":{"line":545,"column":23}},"loc":{"start":{"line":545,"column":30},"end":{"line":553,"column":23}},"line":545},"51":{"name":"(anonymous_51)","decl":{"start":{"line":546,"column":26},"end":{"line":546,"column":27}},"loc":{"start":{"line":546,"column":44},"end":{"line":553,"column":21}},"line":546},"52":{"name":"(anonymous_52)","decl":{"start":{"line":550,"column":108},"end":{"line":550,"column":109}},"loc":{"start":{"line":550,"column":127},"end":{"line":550,"column":181}},"line":550},"53":{"name":"osmToRoutableTilesNoEnc","decl":{"start":{"line":557,"column":16},"end":{"line":557,"column":39}},"loc":{"start":{"line":557,"column":58},"end":{"line":588,"column":1}},"line":557},"54":{"name":"(anonymous_54)","decl":{"start":{"line":559,"column":23},"end":{"line":559,"column":24}},"loc":{"start":{"line":559,"column":32},"end":{"line":587,"column":5}},"line":559},"55":{"name":"(anonymous_55)","decl":{"start":{"line":562,"column":18},"end":{"line":562,"column":19}},"loc":{"start":{"line":562,"column":26},"end":{"line":566,"column":19}},"line":562},"56":{"name":"(anonymous_56)","decl":{"start":{"line":563,"column":22},"end":{"line":563,"column":23}},"loc":{"start":{"line":563,"column":40},"end":{"line":566,"column":17}},"line":563},"57":{"name":"(anonymous_57)","decl":{"start":{"line":568,"column":18},"end":{"line":568,"column":19}},"loc":{"start":{"line":568,"column":26},"end":{"line":572,"column":19}},"line":568},"58":{"name":"(anonymous_58)","decl":{"start":{"line":569,"column":22},"end":{"line":569,"column":23}},"loc":{"start":{"line":569,"column":40},"end":{"line":572,"column":17}},"line":569},"59":{"name":"(anonymous_59)","decl":{"start":{"line":574,"column":38},"end":{"line":574,"column":39}},"loc":{"start":{"line":574,"column":43},"end":{"line":586,"column":9}},"line":574},"60":{"name":"(anonymous_60)","decl":{"start":{"line":576,"column":22},"end":{"line":576,"column":23}},"loc":{"start":{"line":576,"column":30},"end":{"line":585,"column":35}},"line":576},"61":{"name":"(anonymous_61)","decl":{"start":{"line":577,"column":26},"end":{"line":577,"column":27}},"loc":{"start":{"line":577,"column":34},"end":{"line":585,"column":33}},"line":577},"62":{"name":"(anonymous_62)","decl":{"start":{"line":578,"column":30},"end":{"line":578,"column":31}},"loc":{"start":{"line":578,"column":42},"end":{"line":585,"column":31}},"line":578},"63":{"name":"(anonymous_63)","decl":{"start":{"line":579,"column":34},"end":{"line":579,"column":35}},"loc":{"start":{"line":579,"column":49},"end":{"line":585,"column":29}},"line":579},"64":{"name":"(anonymous_64)","decl":{"start":{"line":583,"column":106},"end":{"line":583,"column":107}},"loc":{"start":{"line":583,"column":125},"end":{"line":583,"column":179}},"line":583},"65":{"name":"osmToOsm","decl":{"start":{"line":590,"column":16},"end":{"line":590,"column":24}},"loc":{"start":{"line":590,"column":43},"end":{"line":605,"column":1}},"line":590},"66":{"name":"(anonymous_66)","decl":{"start":{"line":591,"column":23},"end":{"line":591,"column":24}},"loc":{"start":{"line":591,"column":32},"end":{"line":604,"column":5}},"line":591},"67":{"name":"(anonymous_67)","decl":{"start":{"line":593,"column":18},"end":{"line":593,"column":19}},"loc":{"start":{"line":593,"column":26},"end":{"line":603,"column":31}},"line":593},"68":{"name":"(anonymous_68)","decl":{"start":{"line":594,"column":22},"end":{"line":594,"column":23}},"loc":{"start":{"line":594,"column":30},"end":{"line":603,"column":29}},"line":594},"69":{"name":"(anonymous_69)","decl":{"start":{"line":595,"column":26},"end":{"line":595,"column":27}},"loc":{"start":{"line":595,"column":38},"end":{"line":603,"column":27}},"line":595},"70":{"name":"(anonymous_70)","decl":{"start":{"line":596,"column":30},"end":{"line":596,"column":31}},"loc":{"start":{"line":596,"column":45},"end":{"line":603,"column":25}},"line":596},"71":{"name":"(anonymous_71)","decl":{"start":{"line":600,"column":89},"end":{"line":600,"column":90}},"loc":{"start":{"line":600,"column":108},"end":{"line":600,"column":179}},"line":600},"72":{"name":"osmToOsmNoEncoding","decl":{"start":{"line":606,"column":16},"end":{"line":606,"column":34}},"loc":{"start":{"line":606,"column":53},"end":{"line":621,"column":1}},"line":606},"73":{"name":"(anonymous_73)","decl":{"start":{"line":607,"column":23},"end":{"line":607,"column":24}},"loc":{"start":{"line":607,"column":32},"end":{"line":620,"column":5}},"line":607},"74":{"name":"(anonymous_74)","decl":{"start":{"line":609,"column":18},"end":{"line":609,"column":19}},"loc":{"start":{"line":609,"column":26},"end":{"line":619,"column":31}},"line":609},"75":{"name":"(anonymous_75)","decl":{"start":{"line":610,"column":22},"end":{"line":610,"column":23}},"loc":{"start":{"line":610,"column":30},"end":{"line":619,"column":29}},"line":610},"76":{"name":"(anonymous_76)","decl":{"start":{"line":611,"column":26},"end":{"line":611,"column":27}},"loc":{"start":{"line":611,"column":38},"end":{"line":619,"column":27}},"line":611},"77":{"name":"(anonymous_77)","decl":{"start":{"line":612,"column":30},"end":{"line":612,"column":31}},"loc":{"start":{"line":612,"column":45},"end":{"line":619,"column":25}},"line":612},"78":{"name":"(anonymous_78)","decl":{"start":{"line":616,"column":89},"end":{"line":616,"column":90}},"loc":{"start":{"line":616,"column":108},"end":{"line":616,"column":162}},"line":616},"79":{"name":"wegenregisterToWegenregister","decl":{"start":{"line":623,"column":16},"end":{"line":623,"column":44}},"loc":{"start":{"line":623,"column":63},"end":{"line":634,"column":1}},"line":623},"80":{"name":"(anonymous_80)","decl":{"start":{"line":624,"column":23},"end":{"line":624,"column":24}},"loc":{"start":{"line":624,"column":32},"end":{"line":633,"column":5}},"line":624},"81":{"name":"(anonymous_81)","decl":{"start":{"line":625,"column":58},"end":{"line":625,"column":59}},"loc":{"start":{"line":625,"column":70},"end":{"line":632,"column":9}},"line":625},"82":{"name":"(anonymous_82)","decl":{"start":{"line":629,"column":83},"end":{"line":629,"column":84}},"loc":{"start":{"line":629,"column":102},"end":{"line":629,"column":173}},"line":629},"83":{"name":"wegenregisterToWegenregisterNoEncoding","decl":{"start":{"line":635,"column":16},"end":{"line":635,"column":54}},"loc":{"start":{"line":635,"column":73},"end":{"line":646,"column":1}},"line":635},"84":{"name":"(anonymous_84)","decl":{"start":{"line":636,"column":23},"end":{"line":636,"column":24}},"loc":{"start":{"line":636,"column":32},"end":{"line":645,"column":5}},"line":636},"85":{"name":"(anonymous_85)","decl":{"start":{"line":637,"column":58},"end":{"line":637,"column":59}},"loc":{"start":{"line":637,"column":70},"end":{"line":644,"column":9}},"line":637},"86":{"name":"(anonymous_86)","decl":{"start":{"line":641,"column":83},"end":{"line":641,"column":84}},"loc":{"start":{"line":641,"column":102},"end":{"line":641,"column":156}},"line":641},"87":{"name":"routableTilesToRoutableTiles","decl":{"start":{"line":648,"column":16},"end":{"line":648,"column":44}},"loc":{"start":{"line":648,"column":63},"end":{"line":661,"column":1}},"line":648},"88":{"name":"(anonymous_88)","decl":{"start":{"line":649,"column":23},"end":{"line":649,"column":24}},"loc":{"start":{"line":649,"column":32},"end":{"line":660,"column":15}},"line":649},"89":{"name":"(anonymous_89)","decl":{"start":{"line":651,"column":18},"end":{"line":651,"column":19}},"loc":{"start":{"line":651,"column":26},"end":{"line":660,"column":13}},"line":651},"90":{"name":"(anonymous_90)","decl":{"start":{"line":652,"column":22},"end":{"line":652,"column":23}},"loc":{"start":{"line":652,"column":40},"end":{"line":659,"column":17}},"line":652},"91":{"name":"(anonymous_91)","decl":{"start":{"line":656,"column":78},"end":{"line":656,"column":79}},"loc":{"start":{"line":656,"column":97},"end":{"line":656,"column":168}},"line":656},"92":{"name":"routableTilesToRoutableTilesNoEncoding","decl":{"start":{"line":662,"column":16},"end":{"line":662,"column":54}},"loc":{"start":{"line":662,"column":73},"end":{"line":675,"column":1}},"line":662},"93":{"name":"(anonymous_93)","decl":{"start":{"line":663,"column":23},"end":{"line":663,"column":24}},"loc":{"start":{"line":663,"column":32},"end":{"line":674,"column":15}},"line":663},"94":{"name":"(anonymous_94)","decl":{"start":{"line":665,"column":18},"end":{"line":665,"column":19}},"loc":{"start":{"line":665,"column":26},"end":{"line":674,"column":13}},"line":665},"95":{"name":"(anonymous_95)","decl":{"start":{"line":666,"column":22},"end":{"line":666,"column":23}},"loc":{"start":{"line":666,"column":40},"end":{"line":673,"column":17}},"line":666},"96":{"name":"(anonymous_96)","decl":{"start":{"line":670,"column":78},"end":{"line":670,"column":79}},"loc":{"start":{"line":670,"column":97},"end":{"line":670,"column":151}},"line":670},"97":{"name":"wegenregisterToWegenregisterNoShortLines","decl":{"start":{"line":831,"column":16},"end":{"line":831,"column":56}},"loc":{"start":{"line":831,"column":75},"end":{"line":842,"column":1}},"line":831},"98":{"name":"(anonymous_98)","decl":{"start":{"line":832,"column":23},"end":{"line":832,"column":24}},"loc":{"start":{"line":832,"column":32},"end":{"line":841,"column":5}},"line":832},"99":{"name":"(anonymous_99)","decl":{"start":{"line":833,"column":58},"end":{"line":833,"column":59}},"loc":{"start":{"line":833,"column":70},"end":{"line":840,"column":9}},"line":833},"100":{"name":"(anonymous_100)","decl":{"start":{"line":837,"column":83},"end":{"line":837,"column":84}},"loc":{"start":{"line":837,"column":102},"end":{"line":837,"column":173}},"line":837},"101":{"name":"wegenregisterToWegenregisterNoEncodingNoShortLines","decl":{"start":{"line":843,"column":16},"end":{"line":843,"column":66}},"loc":{"start":{"line":843,"column":85},"end":{"line":854,"column":1}},"line":843},"102":{"name":"(anonymous_102)","decl":{"start":{"line":844,"column":23},"end":{"line":844,"column":24}},"loc":{"start":{"line":844,"column":32},"end":{"line":853,"column":5}},"line":844},"103":{"name":"(anonymous_103)","decl":{"start":{"line":845,"column":58},"end":{"line":845,"column":59}},"loc":{"start":{"line":845,"column":70},"end":{"line":852,"column":9}},"line":845},"104":{"name":"(anonymous_104)","decl":{"start":{"line":849,"column":83},"end":{"line":849,"column":84}},"loc":{"start":{"line":849,"column":102},"end":{"line":849,"column":156}},"line":849}},"branchMap":{"0":{"loc":{"start":{"line":66,"column":4},"end":{"line":66,"column":42}},"type":"if","locations":[{"start":{"line":66,"column":4},"end":{"line":66,"column":42}},{"start":{"line":66,"column":4},"end":{"line":66,"column":42}}],"line":66},"1":{"loc":{"start":{"line":77,"column":89},"end":{"line":77,"column":101}},"type":"default-arg","locations":[{"start":{"line":77,"column":97},"end":{"line":77,"column":101}}],"line":77},"2":{"loc":{"start":{"line":78,"column":4},"end":{"line":78,"column":139}},"type":"if","locations":[{"start":{"line":78,"column":4},"end":{"line":78,"column":139}},{"start":{"line":78,"column":4},"end":{"line":78,"column":139}}],"line":78},"3":{"loc":{"start":{"line":97,"column":8},"end":{"line":126,"column":9}},"type":"if","locations":[{"start":{"line":97,"column":8},"end":{"line":126,"column":9}},{"start":{"line":97,"column":8},"end":{"line":126,"column":9}}],"line":97},"4":{"loc":{"start":{"line":97,"column":11},"end":{"line":99,"column":53}},"type":"binary-expr","locations":[{"start":{"line":97,"column":11},"end":{"line":97,"column":48}},{"start":{"line":98,"column":15},"end":{"line":98,"column":101}},{"start":{"line":99,"column":15},"end":{"line":99,"column":53}}],"line":97},"5":{"loc":{"start":{"line":104,"column":16},"end":{"line":106,"column":17}},"type":"if","locations":[{"start":{"line":104,"column":16},"end":{"line":106,"column":17}},{"start":{"line":104,"column":16},"end":{"line":106,"column":17}}],"line":104},"6":{"loc":{"start":{"line":107,"column":16},"end":{"line":109,"column":17}},"type":"if","locations":[{"start":{"line":107,"column":16},"end":{"line":109,"column":17}},{"start":{"line":107,"column":16},"end":{"line":109,"column":17}}],"line":107},"7":{"loc":{"start":{"line":120,"column":16},"end":{"line":122,"column":17}},"type":"if","locations":[{"start":{"line":120,"column":16},"end":{"line":122,"column":17}},{"start":{"line":120,"column":16},"end":{"line":122,"column":17}}],"line":120},"8":{"loc":{"start":{"line":129,"column":16},"end":{"line":129,"column":106}},"type":"cond-expr","locations":[{"start":{"line":129,"column":41},"end":{"line":129,"column":102}},{"start":{"line":129,"column":105},"end":{"line":129,"column":106}}],"line":129},"9":{"loc":{"start":{"line":130,"column":21},"end":{"line":130,"column":121}},"type":"cond-expr","locations":[{"start":{"line":130,"column":51},"end":{"line":130,"column":117}},{"start":{"line":130,"column":120},"end":{"line":130,"column":121}}],"line":130},"10":{"loc":{"start":{"line":131,"column":4},"end":{"line":135,"column":6}},"type":"if","locations":[{"start":{"line":131,"column":4},"end":{"line":135,"column":6}},{"start":{"line":131,"column":4},"end":{"line":135,"column":6}}],"line":131},"11":{"loc":{"start":{"line":134,"column":26},"end":{"line":134,"column":94}},"type":"cond-expr","locations":[{"start":{"line":134,"column":56},"end":{"line":134,"column":90}},{"start":{"line":134,"column":93},"end":{"line":134,"column":94}}],"line":134},"12":{"loc":{"start":{"line":136,"column":4},"end":{"line":136,"column":46}},"type":"if","locations":[{"start":{"line":136,"column":4},"end":{"line":136,"column":46}},{"start":{"line":136,"column":4},"end":{"line":136,"column":46}}],"line":136},"13":{"loc":{"start":{"line":137,"column":4},"end":{"line":137,"column":90}},"type":"if","locations":[{"start":{"line":137,"column":4},"end":{"line":137,"column":90}},{"start":{"line":137,"column":4},"end":{"line":137,"column":90}}],"line":137},"14":{"loc":{"start":{"line":154,"column":12},"end":{"line":156,"column":13}},"type":"if","locations":[{"start":{"line":154,"column":12},"end":{"line":156,"column":13}},{"start":{"line":154,"column":12},"end":{"line":156,"column":13}}],"line":154},"15":{"loc":{"start":{"line":164,"column":14},"end":{"line":164,"column":92}},"type":"cond-expr","locations":[{"start":{"line":164,"column":33},"end":{"line":164,"column":88}},{"start":{"line":164,"column":91},"end":{"line":164,"column":92}}],"line":164},"16":{"loc":{"start":{"line":165,"column":19},"end":{"line":165,"column":107}},"type":"cond-expr","locations":[{"start":{"line":165,"column":43},"end":{"li
[...]
{"start":{"line":118,"column":45},"end":{"line":118,"column":97}}],"line":118},"13":{"loc":{"start":{"line":136,"column":8},"end":{"line":144,"column":9}},"type":"if","locations":[{"start":{"line":136,"column":8},"end":{"line":144,"column":9}},{"start":{"line":136,"column":8},"end":{"line":144,"column":9}}],"line":136},"14":{"loc":{"start":{"line":136,"column":11},"end":{"line":136,"column":80}},"type":"binary-expr","locations":[{"start":{"line":136,"column":11},"end":{"line":136,"column":42}},{"start":{"line":136,"column":46},"end":{"line":136,"column":80}}],"line":136},"15":{"loc":{"start":{"line":139,"column":13},"end":{"line":144,"column":9}},"type":"if","locations":[{"start":{"line":139,"column":13},"end":{"line":144,"column":9}},{"start":{"line":139,"column":13},"end":{"line":144,"column":9}}],"line":139},"16":{"loc":{"start":{"line":139,"column":16},"end":{"line":139,"column":102}},"type":"binary-expr","locations":[{"start":{"line":139,"column":16},"end":{"line":139,"column":46}},{"start":{"line":139,"column":50},"end":{"line":139,"column":102}}],"line":139},"17":{"loc":{"start":{"line":149,"column":8},"end":{"line":163,"column":9}},"type":"if","locations":[{"start":{"line":149,"column":8},"end":{"line":163,"column":9}},{"start":{"line":149,"column":8},"end":{"line":163,"column":9}}],"line":149},"18":{"loc":{"start":{"line":152,"column":16},"end":{"line":157,"column":17}},"type":"if","locations":[{"start":{"line":152,"column":16},"end":{"line":157,"column":17}},{"start":{"line":152,"column":16},"end":{"line":157,"column":17}}],"line":152},"19":{"loc":{"start":{"line":153,"column":20},"end":{"line":155,"column":21}},"type":"if","locations":[{"start":{"line":153,"column":20},"end":{"line":155,"column":21}},{"start":{"line":153,"column":20},"end":{"line":155,"column":21}}],"line":153},"20":{"loc":{"start":{"line":161,"column":13},"end":{"line":163,"column":9}},"type":"if","locations":[{"start":{"line":161,"column":13},"end":{"line":163,"column":9}},{"start":{"line":161,"column":13},"end":{"line":163,"column":9}}],"line":161}},"s":{"0":28,"1":28,"2":28,"3":28,"4":28,"5":28,"6":202356,"7":202356,"8":202356,"9":28,"10":2436,"11":2436,"12":2436,"13":11284,"14":11284,"15":11284,"16":11284,"17":11284,"18":11284,"19":9884,"20":9884,"21":9884,"22":41524,"23":6048,"24":6048,"25":5712,"26":41524,"27":1400,"28":0,"29":11284,"30":5572,"31":5572,"32":5572,"33":5572,"34":11284,"35":11284,"36":28,"37":2,"38":2,"39":2,"40":2,"41":2,"42":2,"43":14454,"44":14454,"45":14454,"46":2,"47":174,"48":174,"49":174,"50":806,"51":806,"52":806,"53":806,"54":806,"55":806,"56":806,"57":806,"58":806,"59":806,"60":2,"61":18468,"62":18468,"63":14040,"64":4428,"65":18468,"66":18468,"67":0,"68":18468,"69":18468,"70":0,"71":36936,"72":36936,"73":30936,"74":30936,"75":132600,"76":30936,"77":0,"78":30936,"79":132600,"80":6000,"81":6000,"82":36936},"f":{"0":28,"1":28,"2":2,"3":2,"4":18468,"5":18468,"6":36936},"b":{"0":[202356,0],"1":[2436,0],"2":[9884,1400],"3":[51408,45360],"4":[6048,35476],"5":[5712,336],"6":[0,1400],"7":[1400,0],"8":[5572,5712],"9":[14454,0],"10":[174,0],"11":[14040,4428],"12":[18468,18468],"13":[0,18468],"14":[18468,0],"15":[18468,0],"16":[18468,18468],"17":[30936,6000],"18":[30936,101664],"19":[0,30936],"20":[6000,0]},"_coverageSchema":"43e27e138ebf9cfc5966b082cf9a028302ed4184","hash":"baca9c6b29d6148bf68141cf501bb646e311d472"}
,"D:\\Schooldocumenten\\Masterproef_projects\\geo_data_integration\\src\\utils\\Integration\\OpenLRIntegration\\RoutableTilesIntegration.js": {"path":"D:\\Schooldocumenten\\Masterproef_projects\\geo_data_integration\\src\\utils\\Integration\\OpenLRIntegration\\RoutableTilesIntegration.js","statementMap":{"0":{"start":{"line":9,"column":25},"end":{"line":9,"column":85}},"1":{"start":{"line":10,"column":8},"end":{"line":10,"column":63}},"2":{"start":{"line":14,"column":26},"end":{"line":14,"column":28}},"3":{"start":{"line":15,"column":26},"end":{"line":15,"column":28}},"4":{"start":{"line":16,"column":23},"end":{"line":16,"column":25}},"5":{"start":{"line":17,"column":26},"end":{"line":17,"column":28}},"6":{"start":{"line":18,"column":8},"end":{"line":26,"column":9}},"7":{"start":{"line":19,"column":12},"end":{"line":25,"column":13}},"8":{"start":{"line":20,"column":33},"end":{"line":20,"column":74}},"9":{"start":{"line":21,"column":16},"end":{"line":21,"column":58}},"10":{"start":{"line":22,"column":16},"end":{"line":24,"column":17}},"11":{"start":{"line":22,"column":26},"end":{"line":22,"column":27}},"12":{"start":{"line":23,"column":20},"end":{"line":23,"column":65}},"13":{"start":{"line":27,"column":8},"end":{"line":50,"column":9}},"14":{"start":{"line":28,"column":12},"end":{"line":49,"column":13}},"15":{"start":{"line":29,"column":16},"end":{"line":48,"column":17}},"16":{"start":{"line":29,"column":27},"end":{"line":29,"column":28}},"17":{"start":{"line":33,"column":41},"end":{"line":33,"column":172}},"18":{"start":{"line":34,"column":24},"end":{"line":34,"column":83}},"19":{"start":{"line":35,"column":24},"end":{"line":35,"column":83}},"20":{"start":{"line":36,"column":24},"end":{"line":36,"column":69}},"21":{"start":{"line":37,"column":24},"end":{"line":43,"column":25}},"22":{"start":{"line":39,"column":52},"end":{"line":39,"column":188}},"23":{"start":{"line":40,"column":28},"end":{"line":40,"column":94}},"24":{"start":{"line":41,"column":28},"end":{"line":41,"column":94}},"25":{"start":{"line":42,"column":28},"end":{"line":42,"column":87}},"26":{"start":{"line":45,"column":24},"end":{"line":45,"column":111}},"27":{"start":{"line":46,"column":24},"end":{"line":46,"column":115}},"28":{"start":{"line":51,"column":8},"end":{"line":54,"column":9}},"29":{"start":{"line":58,"column":8},"end":{"line":63,"column":9}},"30":{"start":{"line":59,"column":12},"end":{"line":59,"column":80}},"31":{"start":{"line":62,"column":12},"end":{"line":62,"column":33}},"32":{"start":{"line":75,"column":8},"end":{"line":83,"column":9}},"33":{"start":{"line":76,"column":12},"end":{"line":76,"column":38}},"34":{"start":{"line":78,"column":13},"end":{"line":83,"column":9}},"35":{"start":{"line":79,"column":12},"end":{"line":79,"column":80}},"36":{"start":{"line":82,"column":12},"end":{"line":82,"column":37}}},"fnMap":{"0":{"name":"(anonymous_0)","decl":{"start":{"line":8,"column":4},"end":{"line":8,"column":5}},"loc":{"start":{"line":8,"column":60},"end":{"line":11,"column":5}},"line":8},"1":{"name":"(anonymous_1)","decl":{"start":{"line":13,"column":4},"end":{"line":13,"column":5}},"loc":{"start":{"line":13,"column":46},"end":{"line":55,"column":5}},"line":13},"2":{"name":"(anonymous_2)","decl":{"start":{"line":57,"column":4},"end":{"line":57,"column":5}},"loc":{"start":{"line":57,"column":25},"end":{"line":64,"column":5}},"line":57},"3":{"name":"(anonymous_3)","decl":{"start":{"line":66,"column":4},"end":{"line":66,"column":5}},"loc":{"start":{"line":66,"column":25},"end":{"line":84,"column":5}},"line":66}},"branchMap":{"0":{"loc":{"start":{"line":19,"column":12},"end":{"line":25,"column":13}},"type":"if","locations":[{"start":{"line":19,"column":12},"end":{"line":25,"column":13}},{"start":{"line":19,"column":12},"end":{"line":25,"column":13}}],"line":19},"1":{"loc":{"start":{"line":28,"column":12},"end":{"line":49,"column":13}},"type":"if","locations":[{"start":{"line":28,"column":12},"end":{"line":49,"column":13}},{"start":{"line":28,"column":12},"end":{"line":49,"column":13}}],"line":28},"2":{"loc":{"start":{"line":37,"column":24},"end":{"line":43,"column":25}},"type":"if","locations":[{"start":{"line":37,"column":24},"end":{"line":43,"column":25}},{"start":{"line":37,"column":24},"end":{"line":43,"column":25}}],"line":37},"3":{"loc":{"start":{"line":37,"column":27},"end":{"line":37,"column":88}},"type":"binary-expr","locations":[{"start":{"line":37,"column":27},"end":{"line":37,"column":56}},{"start":{"line":37,"column":60},"end":{"line":37,"column":88}}],"line":37},"4":{"loc":{"start":{"line":58,"column":8},"end":{"line":63,"column":9}},"type":"if","locations":[{"start":{"line":58,"column":8},"end":{"line":63,"column":9}},{"start":{"line":58,"column":8},"end":{"line":63,"column":9}}],"line":58},"5":{"loc":{"start":{"line":58,"column":11},"end":{"line":58,"column":102}},"type":"binary-expr","locations":[{"start":{"line":58,"column":11},"end":{"line":58,"column":39}},{"start":{"line":58,"column":43},"end":{"line":58,"column":102}}],"line":58},"6":{"loc":{"start":{"line":75,"column":8},"end":{"line":83,"column":9}},"type":"if","locations":[{"start":{"line":75,"column":8},"end":{"line":83,"column":9}},{"start":{"line":75,"column":8},"end":{"line":83,"column":9}}],"line":75},"7":{"loc":{"start":{"line":75,"column":11},"end":{"line":75,"column":76}},"type":"binary-expr","locations":[{"start":{"line":75,"column":11},"end":{"line":75,"column":40}},{"start":{"line":75,"column":44},"end":{"line":75,"column":76}}],"line":75},"8":{"loc":{"start":{"line":78,"column":13},"end":{"line":83,"column":9}},"type":"if","locations":[{"start":{"line":78,"column":13},"end":{"line":83,"column":9}},{"start":{"line":78,"column":13},"end":{"line":83,"column":9}}],"line":78},"9":{"loc":{"start":{"line":78,"column":16},"end":{"line":78,"column":122}},"type":"binary-expr","locations":[{"start":{"line":78,"column":16},"end":{"line":78,"column":44}},{"start":{"line":78,"column":48},"end":{"line":78,"column":122}}],"line":78}},"s":{"0":3,"1":3,"2":6,"3":6,"4":6,"5":6,"6":6,"7":19719,"8":19719,"9":19719,"10":19719,"11":19719,"12":30739,"13":6,"14":4790,"15":4790,"16":4790,"17":18876,"18":18876,"19":18876,"20":18876,"21":18876,"22":18876,"23":18876,"24":18876,"25":18876,"26":18876,"27":18876,"28":6,"29":37752,"30":0,"31":37752,"32":37752,"33":42,"34":37710,"35":35066,"36":2644},"f":{"0":3,"1":6,"2":37752,"3":37752},"b":{"0":[19719,0],"1":[4790,0],"2":[18876,0],"3":[18876,0],"4":[0,37752],"5":[37752,36046],"6":[42,37710],"7":[37752,42],"8":[35066,2644],"9":[37710,36004]},"_coverageSchema":"43e27e138ebf9cfc5966b082cf9a028302ed4184","hash":"1e440de13e24cefe753e3a9c2b4ce021c8bae3c0"}
,"D:\\Schooldocumenten\\Masterproef_projects\\geo_data_integration\\src\\utils\\Integration\\OpenLRIntegration\\WegenregisterAntwerpenIntegration.js": {"path":"D:\\Schooldocumenten\\Masterproef_projects\\geo_data_integration\\src\\utils\\Integration\\OpenLRIntegration\\WegenregisterAntwerpenIntegration.js","statementMap":{"0":{"start":{"line":13,"column":25},"end":{"line":13,"column":82}},"1":{"start":{"line":14,"column":8},"end":{"line":14,"column":63}},"2":{"start":{"line":18,"column":26},"end":{"line":18,"column":28}},"3":{"start":{"line":19,"column":26},"end":{"line":19,"column":28}},"4":{"start":{"line":21,"column":8},"end":{"line":59,"column":9}},"5":{"start":{"line":21,"column":18},"end":{"line":21,"column":19}},"6":{"start":{"line":22,"column":35},"end":{"line":22,"column":140}},"7":{"start":{"line":24,"column":16},"end":{"line":57,"column":17}},"8":{"start":{"line":26,"column":20},"end":{"line":56,"column":21}},"9":{"start":{"line":27,"column":34},"end":{"line":27,"column":72}},"10":{"start":{"line":28,"column":35},"end":{"line":28,"column":73}},"11":{"start":{"line":29,"column":24},"end":{"line":31,"column":25}},"12":{"start":{"line":30,"column":28},"end":{"line":30,"column":88}},"13":{"start":{"line":33,"column":24},"end":{"line":55,"column":25}},"14":{"start":{"line":33,"column":34},"end":{"line":33,"column":35}},"15":{"start":{"line":34,"column":28},"end":{"line":34,"column":73}},"16":{"start":{"line":35,"column":28},"end":{"line":35,"column":74}},"17":{"start":{"line":36,"column":28},"end":{"line":38,"column":29}},"18":{"start":{"line":37,"column":32},"end":{"line":37,"column":92}},"19":{"start":{"line":39,"column":42},"end":{"line":39,"column":82}},"20":{"start":{"line":40,"column":43},"end":{"line":40,"column":83}},"21":{"start":{"line":43,"column":28},"end":{"line":48,"column":29}},"22":{"start":{"line":44,"column":32},"end":{"line":45,"column":146}},"23":{"start":{"line":46,"column":32},"end":{"line":46,"column":154}},"24":{"start":{"line":47,"column":32},"end":{"line":47,"column":154}},"25":{"start":{"line":49,"column":28},"end":{"line":54,"column":29}},"26":{"start":{"line":50,"column":32},"end":{"line":51,"column":146}},"27":{"start":{"line":52,"column":32},"end":{"line":52,"column":154}},"28":{"start":{"line":53,"column":32},"end":{"line":53,"column":154}},"29":{"start":{"line":60,"column":8},"end":{"line":63,"column":9}},"30":{"start":{"line":165,"column":8},"end":{"line":170,"column":9}},"31":{"start":{"line":166,"column":12},"end":{"line":166,"column":80}},"32":{"start":{"line":169,"column":12},"end":{"line":169,"column":33}},"33":{"start":{"line":174,"column":8},"end":{"line":179,"column":9}},"34":{"start":{"line":175,"column":12},"end":{"line":175,"column":76}},"35":{"start":{"line":178,"column":12},"end":{"line":178,"column":33}}},"fnMap":{"0":{"name":"(anonymous_0)","decl":{"start":{"line":12,"column":4},"end":{"line":12,"column":5}},"loc":{"start":{"line":12,"column":48},"end":{"line":15,"column":5}},"line":12},"1":{"name":"(anonymous_1)","decl":{"start":{"line":17,"column":4},"end":{"line":17,"column":5}},"loc":{"start":{"line":17,"column":34},"end":{"line":64,"column":5}},"line":17},"2":{"name":"(anonymous_2)","decl":{"start":{"line":164,"column":4},"end":{"line":164,"column":5}},"loc":{"start":{"line":164,"column":29},"end":{"line":171,"column":5}},"line":164},"3":{"name":"(anonymous_3)","decl":{"start":{"line":173,"column":4},"end":{"line":173,"column":5}},"loc":{"start":{"line":173,"column":29},"end":{"line":180,"column":5}},"line":173}},"branchMap":{"0":{"loc":{"start":{"line":22,"column":35},"end":{"line":22,"column":140}},"type":"binary-expr","locations":[{"start":{"line":22,"column":35},"end":{"line":22,"column":88}},{"start":{"line":22,"column":92},"end":{"line":22,"column":140}}],"line":22},"1":{"loc":{"start":{"line":24,"column":16},"end":{"line":57,"column":17}},"type":"if","locations":[{"start":{"line":24,"column":16},"end":{"line":57,"column":17}},{"start":{"line":24,"column":16},"end":{"line":57,"column":17}}],"line":24},"2":{"loc":{"start":{"line":26,"column":20},"end":{"line":56,"column":21}},"type":"if","locations":[{"start":{"line":26,"column":20},"end":{"line":56,"column":21}},{"start":{"line":26,"column":20},"end":{"line":56,"column":21}}],"line":26},"3":{"loc":{"start":{"line":29,"column":24},"end":{"line":31,"column":25}},"type":"if","locations":[{"start":{"line":29,"column":24},"end":{"line":31,"column":25}},{"start":{"line":29,"column":24},"end":{"line":31,"column":25}}],"line":29},"4":{"loc":{"start":{"line":36,"column":28},"end":{"line":38,"column":29}},"type":"if","locations":[{"start":{"line":36,"column":28},"end":{"line":38,"column":29}},{"start":{"line":36,"column":28},"end":{"line":38,"column":29}}],"line":36},"5":{"loc":{"start":{"line":43,"column":28},"end":{"line":48,"column":29}},"type":"if","locations":[{"start":{"line":43,"column":28},"end":{"line":48,"column":29}},{"start":{"line":43,"column":28},"end":{"line":48,"column":29}}],"line":43},"6":{"loc":{"start":{"line":43,"column":31},"end":{"line":43,"column":164}},"type":"binary-expr","locations":[{"start":{"line":43,"column":31},"end":{"line":43,"column":47}},{"start":{"line":43,"column":51},"end":{"line":43,"column":108}},{"start":{"line":43,"column":112},"end":{"line":43,"column":164}}],"line":43},"7":{"loc":{"start":{"line":49,"column":28},"end":{"line":54,"column":29}},"type":"if","locations":[{"start":{"line":49,"column":28},"end":{"line":54,"column":29}},{"start":{"line":49,"column":28},"end":{"line":54,"column":29}}],"line":49},"8":{"loc":{"start":{"line":49,"column":31},"end":{"line":49,"column":167}},"type":"binary-expr","locations":[{"start":{"line":49,"column":31},"end":{"line":49,"column":47}},{"start":{"line":49,"column":51},"end":{"line":49,"column":110}},{"start":{"line":49,"column":115},"end":{"line":49,"column":167}}],"line":49},"9":{"loc":{"start":{"line":165,"column":8},"end":{"line":170,"column":9}},"type":"if","locations":[{"start":{"line":165,"column":8},"end":{"line":170,"column":9}},{"start":{"line":165,"column":8},"end":{"line":170,"column":9}}],"line":165},"10":{"loc":{"start":{"line":165,"column":11},"end":{"line":165,"column":73}},"type":"binary-expr","locations":[{"start":{"line":165,"column":11},"end":{"line":165,"column":35}},{"start":{"line":165,"column":39},"end":{"line":165,"column":73}}],"line":165},"11":{"loc":{"start":{"line":174,"column":8},"end":{"line":179,"column":9}},"type":"if","locations":[{"start":{"line":174,"column":8},"end":{"line":179,"column":9}},{"start":{"line":174,"column":8},"end":{"line":179,"column":9}}],"line":174},"12":{"loc":{"start":{"line":174,"column":11},"end":{"line":174,"column":71}},"type":"binary-expr","locations":[{"start":{"line":174,"column":11},"end":{"line":174,"column":35}},{"start":{"line":174,"column":39},"end":{"line":174,"column":71}}],"line":174}},"s":{"0":2,"1":2,"2":2,"3":2,"4":2,"5":2,"6":122668,"7":122668,"8":122662,"9":122662,"10":122662,"11":122662,"12":44118,"13":122662,"14":122662,"15":835188,"16":835188,"17":835188,"18":757806,"19":835188,"20":835188,"21":835188,"22":773790,"23":773790,"24":773790,"25":835188,"26":779434,"27":779434,"28":779434,"29":2,"30":1553224,"31":1553224,"32":0,"33":1553224,"34":1553224,"35":0},"f":{"0":2,"1":2,"2":1553224,"3":1553224},"b":{"0":[122668,122668],"1":[122662,6],"2":[122662,0],"3":[44118,78544],"4":[757806,77382],"5":[773790,61398],"6":[835188,188248,151298],"7":[779434,55754],"8":[835188,188248,145654],"9":[1553224,0],"10":[1553224,1553224],"11":[1553224,0],"12":[1553224,1553224]},"_coverageSchema":"43e27e138ebf9cfc5966b082cf9a028302ed4184","hash":"7b7cb8825c3dd248acc2aabb08ff15f472808e3b"}
,"D:\\Schooldocumenten\\Masterproef_projects\\geo_data_integration\\src\\utils\\Integration\\OpenLRIntegration\\FOWmappings\\OsmFowHighwayMapping.js": {"path":"D:\\Schooldocumenten\\Masterproef_projects\\geo_data_integration\\src\\utils\\Integration\\OpenLRIntegration\\FOWmappings\\OsmFowHighwayMapping.js","statementMap":{"0":{"start":{"line":5,"column":34},"end":{"line":54,"column":1}}},"fnMap":{},"branchMap":{},"s":{"0":6},"f":{},"b":{},"_coverageSchema":"43e27e138ebf9cfc5966b082cf9a028302ed4184","hash":"90dd6d44fa7a089c66733cd7ed571ba3cc812451"}
,"D:\\Schooldocumenten\\Masterproef_projects\\geo_data_integration\\src\\utils\\Integration\\OpenLRIntegration\\FOWmappings\\WegenregisterAntwerpenFowMorfMapping.js": {"path":"D:\\Schooldocumenten\\Masterproef_projects\\geo_data_integration\\src\\utils\\Integration\\OpenLRIntegration\\FOWmappings\\WegenregisterAntwerpenFowMorfMapping.js","statementMap":{"0":{"start":{"line":5,"column":50},"end":{"line":25,"column":1}}},"fnMap":{},"branchMap":{},"s":{"0":5},"f":{},"b":{},"_coverageSchema":"43e27e138ebf9cfc5966b082cf9a028302ed4184","hash":"032e5a42a09c67b8fdd1707abe4cb02bda9cb55c"}
,"D:\\Schooldocumenten\\Masterproef_projects\\geo_data_integration\\src\\utils\\Integration\\OpenLRIntegration\\FRCmappings\\OsmFrcHighwayMapping.js": {"path":"D:\\Schooldocumenten\\Masterproef_projects\\geo_data_integration\\src\\utils\\Integration\\OpenLRIntegration\\FRCmappings\\OsmFrcHighwayMapping.js","statementMap":{"0":{"start":{"line":4,"column":34},"end":{"line":18,"column":1}}},"fnMap":{},"branchMap":{},"s":{"0":6},"f":{},"b":{},"_coverageSchema":"43e27e138ebf9cfc5966b082cf9a028302ed4184","hash":"fa35e16744f83382b194abc3b03e1e4e78eb7cd8"}
,"D:\\Schooldocumenten\\Masterproef_projects\\geo_data_integration\\src\\utils\\Integration\\OpenLRIntegration\\FRCmappings\\WegenregisterAntwerpenFrcWegcatMapping.js": {"path":"D:\\Schooldocumenten\\Masterproef_projects\\geo_data_integration\\src\\utils\\Integration\\OpenLRIntegration\\FRCmappings\\WegenregisterAntwerpenFrcWegcatMapping.js","statementMap":{"0":{"start":{"line":5,"column":52},"end":{"line":24,"column":1}}},"fnMap":{},"branchMap":{},"s":{"0":5},"f":{},"b":{},"_coverageSchema":"43e27e138ebf9cfc5966b082cf9a028302ed4184","hash":"4b8022141abfa0fb150585fdc41251063984eade"}
}
