TN:
SF:D:\Schooldocumenten\Masterproef_projects\geo_data_integration\src\utils\tileUtils.js
FN:1,getTileXYForLocation
FN:7,tile2boundingBox
FN:23,_long2tile
FN:24,_lat2tile
FN:26,_tile2long
FN:29,_tile2lat
FNF:6
FNH:0
FNDA:0,getTileXYForLocation
FNDA:0,tile2boundingBox
FNDA:0,_long2tile
FNDA:0,_lat2tile
FNDA:0,_tile2long
FNDA:0,_tile2lat
DA:2,0
DA:3,0
DA:4,0
DA:8,0
DA:9,0
DA:10,0
DA:11,0
DA:12,0
DA:23,0
DA:24,0
DA:27,0
DA:30,0
DA:31,0
LF:13
LH:0
BRF:0
BRH:0
end_of_record
TN:
SF:D:\Schooldocumenten\Masterproef_projects\geo_data_integration\src\utils\Integration\Data\LoadData.js
FN:8,loadNodesLineStringsWegenregisterAntwerpen
FN:9,(anonymous_1)
FN:11,(anonymous_2)
FN:12,(anonymous_3)
FN:16,fetchRoutableTile
FN:17,(anonymous_5)
FN:21,(anonymous_6)
FN:32,fetchOsmData
FN:33,(anonymous_8)
FN:35,(anonymous_9)
FN:36,(anonymous_10)
FN:42,fetchOsmTileData
FNF:12
FNH:6
FNDA:3,loadNodesLineStringsWegenregisterAntwerpen
FNDA:3,(anonymous_1)
FNDA:3,(anonymous_2)
FNDA:0,(anonymous_3)
FNDA:6,fetchRoutableTile
FNDA:6,(anonymous_5)
FNDA:6,(anonymous_6)
FNDA:0,fetchOsmData
FNDA:0,(anonymous_8)
FNDA:0,(anonymous_9)
FNDA:0,(anonymous_10)
FNDA:0,fetchOsmTileData
DA:6,7
DA:9,3
DA:10,3
DA:11,3
DA:12,0
DA:17,6
DA:18,6
DA:19,6
DA:20,6
DA:22,6
DA:27,0
DA:33,0
DA:34,0
DA:35,0
DA:37,0
DA:43,0
DA:44,0
LF:17
LH:9
BRF:0
BRH:0
end_of_record
TN:
SF:D:\Schooldocumenten\Masterproef_projects\geo_data_integration\src\utils\Integration\Data\LoadTestData.js
FN:3,loadOsmTestData
FN:4,(anonymous_1)
FNF:2
FNH:2
FNDA:24,loadOsmTestData
FNDA:24,(anonymous_1)
DA:4,24
DA:5,24
LF:2
LH:2
BRF:0
BRH:0
end_of_record
TN:
SF:D:\Schooldocumenten\Masterproef_projects\geo_data_integration\src\utils\Integration\Data\ParseData.js
FN:7,getRoutableTilesNodesAndLines
FN:8,(anonymous_1)
FN:14,(anonymous_2)
FN:113,parseToJson
FN:114,(anonymous_4)
FN:142,getMappedElements
FN:143,(anonymous_6)
FN:147,(anonymous_7)
FN:150,(anonymous_8)
FN:153,(anonymous_9)
FN:160,filterHighwayData
FN:161,(anonymous_11)
FN:166,(anonymous_12)
FNF:13
FNH:13
FNDA:6,getRoutableTilesNodesAndLines
FNDA:6,(anonymous_1)
FNDA:367904,(anonymous_2)
FNDA:24,parseToJson
FNDA:24,(anonymous_4)
FNDA:24,getMappedElements
FNDA:24,(anonymous_6)
FNDA:173448,(anonymous_7)
FNDA:36792,(anonymous_8)
FNDA:912,(anonymous_9)
FNDA:24,filterHighwayData
FNDA:24,(anonymous_11)
FNDA:126696,(anonymous_12)
DA:8,6
DA:9,6
DA:10,6
DA:12,6
DA:13,6
DA:14,6
DA:15,367904
DA:16,367904
DA:17,367904
DA:19,367904
DA:24,367904
DA:25,30739
DA:26,30739
DA:27,3619
DA:29,30739
DA:32,0
DA:35,337165
DA:37,50071
DA:38,16100
DA:39,16100
DA:41,16100
DA:43,33971
DA:44,16100
DA:45,0
DA:47,16100
DA:53,287094
DA:54,29021
DA:55,4790
DA:56,4790
DA:61,4790
DA:62,4790
DA:63,4790
DA:66,24231
DA:67,24231
DA:68,19441
DA:69,0
DA:74,19441
DA:75,9631
DA:76,9631
DA:77,9631
DA:78,107
DA:83,9810
DA:88,258073
DA:89,142360
DA:90,18876
DA:91,0
DA:94,18876
DA:95,18876
DA:99,123484
DA:100,123484
DA:109,6
DA:114,24
DA:115,24
DA:133,24
DA:134,24
DA:136,0
DA:143,24
DA:144,24
DA:145,24
DA:146,24
DA:147,24
DA:148,173448
DA:150,24
DA:151,36792
DA:153,24
DA:154,912
DA:156,24
DA:161,24
DA:162,24
DA:163,24
DA:164,36792
DA:165,36360
DA:166,33744
DA:167,126696
DA:168,1896
DA:172,2616
DA:173,192
DA:177,24
LF:78
LH:73
BRDA:15,0,0,367904
BRDA:15,0,1,0
BRDA:15,1,0,367904
BRDA:15,1,1,367904
BRDA:15,1,2,367904
BRDA:24,2,0,30739
BRDA:24,2,1,337165
BRDA:25,3,0,30739
BRDA:25,3,1,0
BRDA:26,4,0,3619
BRDA:26,4,1,27120
BRDA:35,5,0,50071
BRDA:35,5,1,287094
BRDA:37,6,0,16100
BRDA:37,6,1,33971
BRDA:38,7,0,16100
BRDA:38,7,1,0
BRDA:43,8,0,16100
BRDA:43,8,1,17871
BRDA:44,9,0,0
BRDA:44,9,1,16100
BRDA:53,10,0,29021
BRDA:53,10,1,258073
BRDA:54,11,0,4790
BRDA:54,11,1,24231
BRDA:55,12,0,4790
BRDA:55,12,1,0
BRDA:67,13,0,19441
BRDA:67,13,1,4790
BRDA:68,14,0,0
BRDA:68,14,1,19441
BRDA:74,15,0,9631
BRDA:74,15,1,9810
BRDA:75,16,0,9631
BRDA:75,16,1,0
BRDA:77,17,0,107
BRDA:77,17,1,9524
BRDA:77,18,0,9631
BRDA:77,18,1,9528
BRDA:88,19,0,142360
BRDA:88,19,1,115713
BRDA:89,20,0,18876
BRDA:89,20,1,123484
BRDA:89,21,0,142360
BRDA:89,21,1,23666
BRDA:90,22,0,0
BRDA:90,22,1,18876
BRDA:133,23,0,24
BRDA:133,23,1,0
BRDA:164,24,0,36360
BRDA:164,24,1,432
BRDA:164,25,0,36792
BRDA:164,25,1,36792
BRDA:165,26,0,33744
BRDA:165,26,1,2616
BRDA:167,27,0,1896
BRDA:167,27,1,124800
BRDA:172,28,0,192
BRDA:172,28,1,2424
BRDA:172,29,0,2616
BRDA:172,29,1,2616
BRF:61
BRH:52
end_of_record
TN:
SF:D:\Schooldocumenten\Masterproef_projects\geo_data_integration\src\utils\Integration\Data\const.js
FNF:0
FNH:0
DA:1,7
LF:1
LH:1
BRF:0
BRH:0
end_of_record
TN:
SF:D:\Schooldocumenten\Masterproef_projects\geo_data_integration\src\utils\Integration\Data\testdata\osmMap.js
FNF:0
FNH:0
DA:1,4
LF:1
LH:1
BRF:0
BRH:0
end_of_record
TN:
SF:D:\Schooldocumenten\Masterproef_projects\geo_data_integration\src\utils\Integration\Demo\EncodeDecodeDemoTestFunctions.js
FN:65,clock
FN:72,(anonymous_1)
FN:77,_fromOneToOther
FN:129,(anonymous_3)
FN:130,(anonymous_4)
FN:164,(anonymous_5)
FN:165,(anonymous_6)
FN:201,_fromOneToSame
FN:249,(anonymous_8)
FN:250,(anonymous_9)
FN:285,(anonymous_10)
FN:286,(anonymous_11)
FN:433,(anonymous_12)
FN:447,osmToWegenregister
FN:448,(anonymous_14)
FN:449,(anonymous_15)
FN:454,(anonymous_16)
FN:455,(anonymous_17)
FN:456,(anonymous_18)
FN:457,(anonymous_19)
FN:461,(anonymous_20)
FN:467,routableTilesToWegenregister
FN:468,(anonymous_22)
FN:469,(anonymous_23)
FN:474,(anonymous_24)
FN:475,(anonymous_25)
FN:479,(anonymous_26)
FN:486,osmToRoutableTiles
FN:488,(anonymous_28)
FN:491,(anonymous_29)
FN:492,(anonymous_30)
FN:497,(anonymous_31)
FN:498,(anonymous_32)
FN:503,(anonymous_33)
FN:505,(anonymous_34)
FN:506,(anonymous_35)
FN:507,(anonymous_36)
FN:508,(anonymous_37)
FN:512,(anonymous_38)
FN:518,osmToWegenregisterNoEnc
FN:519,(anonymous_40)
FN:520,(anonymous_41)
FN:525,(anonymous_42)
FN:526,(anonymous_43)
FN:527,(anonymous_44)
FN:528,(anonymous_45)
FN:532,(anonymous_46)
FN:538,routableTilesToWegenregisterNoEnc
FN:539,(anonymous_48)
FN:540,(anonymous_49)
FN:545,(anonymous_50)
FN:546,(anonymous_51)
FN:550,(anonymous_52)
FN:557,osmToRoutableTilesNoEnc
FN:559,(anonymous_54)
FN:562,(anonymous_55)
FN:563,(anonymous_56)
FN:568,(anonymous_57)
FN:569,(anonymous_58)
FN:574,(anonymous_59)
FN:576,(anonymous_60)
FN:577,(anonymous_61)
FN:578,(anonymous_62)
FN:579,(anonymous_63)
FN:583,(anonymous_64)
FN:590,osmToOsm
FN:591,(anonymous_66)
FN:593,(anonymous_67)
FN:594,(anonymous_68)
FN:595,(anonymous_69)
FN:596,(anonymous_70)
FN:600,(anonymous_71)
FN:606,osmToOsmNoEncoding
FN:607,(anonymous_73)
FN:609,(anonymous_74)
FN:610,(anonymous_75)
FN:611,(anonymous_76)
FN:612,(anonymous_77)
FN:616,(anonymous_78)
FN:623,wegenregisterToWegenregister
FN:624,(anonymous_80)
FN:625,(anonymous_81)
FN:629,(anonymous_82)
FN:635,wegenregisterToWegenregisterNoEncoding
FN:636,(anonymous_84)
FN:637,(anonymous_85)
FN:641,(anonymous_86)
FN:648,routableTilesToRoutableTiles
FN:649,(anonymous_88)
FN:651,(anonymous_89)
FN:652,(anonymous_90)
FN:656,(anonymous_91)
FN:662,routableTilesToRoutableTilesNoEncoding
FN:663,(anonymous_93)
FN:665,(anonymous_94)
FN:666,(anonymous_95)
FN:670,(anonymous_96)
FN:831,wegenregisterToWegenregisterNoShortLines
FN:832,(anonymous_98)
FN:833,(anonymous_99)
FN:837,(anonymous_100)
FN:843,wegenregisterToWegenregisterNoEncodingNoShortLines
FN:844,(anonymous_102)
FN:845,(anonymous_103)
FN:849,(anonymous_104)
FNF:105
FNH:0
FNDA:0,clock
FNDA:0,(anonymous_1)
FNDA:0,_fromOneToOther
FNDA:0,(anonymous_3)
FNDA:0,(anonymous_4)
FNDA:0,(anonymous_5)
FNDA:0,(anonymous_6)
FNDA:0,_fromOneToSame
FNDA:0,(anonymous_8)
FNDA:0,(anonymous_9)
FNDA:0,(anonymous_10)
FNDA:0,(anonymous_11)
FNDA:0,(anonymous_12)
FNDA:0,osmToWegenregister
FNDA:0,(anonymous_14)
FNDA:0,(anonymous_15)
FNDA:0,(anonymous_16)
FNDA:0,(anonymous_17)
FNDA:0,(anonymous_18)
FNDA:0,(anonymous_19)
FNDA:0,(anonymous_20)
FNDA:0,routableTilesToWegenregister
FNDA:0,(anonymous_22)
FNDA:0,(anonymous_23)
FNDA:0,(anonymous_24)
FNDA:0,(anonymous_25)
FNDA:0,(anonymous_26)
FNDA:0,osmToRoutableTiles
FNDA:0,(anonymous_28)
FNDA:0,(anonymous_29)
FNDA:0,(anonymous_30)
FNDA:0,(anonymous_31)
FNDA:0,(anonymous_32)
FNDA:0,(anonymous_33)
FNDA:0,(anonymous_34)
FNDA:0,(anonymous_35)
FNDA:0,(anonymous_36)
FNDA:0,(anonymous_37)
FNDA:0,(anonymous_38)
FNDA:0,osmToWegenregisterNoEnc
FNDA:0,(anonymous_40)
FNDA:0,(anonymous_41)
FNDA:0,(anonymous_42)
FNDA:0,(anonymous_43)
FNDA:0,(anonymous_44)
FNDA:0,(anonymous_45)
FNDA:0,(anonymous_46)
FNDA:0,routableTilesToWegenregisterNoEnc
FNDA:0,(anonymous_48)
FNDA:0,(anonymous_49)
FNDA:0,(anonymous_50)
FNDA:0,(anonymous_51)
FNDA:0,(anonymous_52)
FNDA:0,osmToRoutableTilesNoEnc
FNDA:0,(anonymous_54)
FNDA:0,(anonymous_55)
FNDA:0,(anonymous_56)
FNDA:0,(anonymous_57)
FNDA:0,(anonymous_58)
FNDA:0,(anonymous_59)
FNDA:0,(anonymous_60)
FNDA:0,(anonymous_61)
FNDA:0,(anonymous_62)
FNDA:0,(anonymous_63)
FNDA:0,(anonymous_64)
FNDA:0,osmToOsm
FNDA:0,(anonymous_66)
FNDA:0,(anonymous_67)
FNDA:0,(anonymous_68)
FNDA:0,(anonymous_69)
FNDA:0,(anonymous_70)
FNDA:0,(anonymous_71)
FNDA:0,osmToOsmNoEncoding
FNDA:0,(anonymous_73)
FNDA:0,(anonymous_74)
FNDA:0,(anonymous_75)
FNDA:0,(anonymous_76)
FNDA:0,(anonymous_77)
FNDA:0,(anonymous_78)
FNDA:0,wegenregisterToWegenregister
FNDA:0,(anonymous_80)
FNDA:0,(anonymous_81)
FNDA:0,(anonymous_82)
FNDA:0,wegenregisterToWegenregisterNoEncoding
FNDA:0,(anonymous_84)
FNDA:0,(anonymous_85)
FNDA:0,(anonymous_86)
FNDA:0,routableTilesToRoutableTiles
FNDA:0,(anonymous_88)
FNDA:0,(anonymous_89)
FNDA:0,(anonymous_90)
FNDA:0,(anonymous_91)
FNDA:0,routableTilesToRoutableTilesNoEncoding
FNDA:0,(anonymous_93)
FNDA:0,(anonymous_94)
FNDA:0,(anonymous_95)
FNDA:0,(anonymous_96)
FNDA:0,wegenregisterToWegenregisterNoShortLines
FNDA:0,(anonymous_98)
FNDA:0,(anonymous_99)
FNDA:0,(anonymous_100)
FNDA:0,wegenregisterToWegenregisterNoEncodingNoShortLines
FNDA:0,(anonymous_102)
FNDA:0,(anonymous_103)
FNDA:0,(anonymous_104)
DA:23,2
DA:40,2
DA:57,2
DA:58,2
DA:59,2
DA:60,2
DA:61,2
DA:62,2
DA:63,2
DA:66,0
DA:67,0
DA:68,0
DA:71,2
DA:72,2
DA:73,0
DA:74,0
DA:78,0
DA:80,0
DA:81,0
DA:82,0
DA:84,0
DA:85,0
DA:86,0
DA:88,0
DA:90,0
DA:91,0
DA:92,0
DA:93,0
DA:94,0
DA:95,0
DA:96,0
DA:97,0
DA:103,0
DA:104,0
DA:105,0
DA:107,0
DA:108,0
DA:110,0
DA:111,0
DA:112,0
DA:113,0
DA:114,0
DA:115,0
DA:119,0
DA:120,0
DA:121,0
DA:123,0
DA:124,0
DA:128,0
DA:129,0
DA:130,0
DA:131,0
DA:136,0
DA:137,0
DA:139,0
DA:140,0
DA:141,0
DA:142,0
DA:145,0
DA:146,0
DA:147,0
DA:148,0
DA:149,0
DA:150,0
DA:153,0
DA:154,0
DA:155,0
DA:157,0
DA:158,0
DA:159,0
DA:160,0
DA:163,0
DA:164,0
DA:165,0
DA:166,0
DA:171,0
DA:173,0
DA:175,0
DA:176,0
DA:179,0
DA:180,0
DA:181,0
DA:182,0
DA:183,0
DA:184,0
DA:186,0
DA:187,0
DA:191,0
DA:193,0
DA:202,0
DA:203,0
DA:204,0
DA:205,0
DA:206,0
DA:207,0
DA:209,0
DA:210,0
DA:211,0
DA:213,0
DA:215,0
DA:216,0
DA:217,0
DA:218,0
DA:219,0
DA:220,0
DA:227,0
DA:228,0
DA:229,0
DA:231,0
DA:232,0
DA:233,0
DA:234,0
DA:235,0
DA:238,0
DA:239,0
DA:240,0
DA:242,0
DA:243,0
DA:244,0
DA:248,0
DA:249,0
DA:250,0
DA:251,0
DA:256,0
DA:258,0
DA:259,0
DA:260,0
DA:261,0
DA:264,0
DA:265,0
DA:266,0
DA:267,0
DA:268,0
DA:269,0
DA:272,0
DA:273,0
DA:275,0
DA:276,0
DA:277,0
DA:278,0
DA:279,0
DA:280,0
DA:281,0
DA:284,0
DA:285,0
DA:286,0
DA:287,0
DA:292,0
DA:294,0
DA:295,0
DA:296,0
DA:297,0
DA:298,0
DA:299,0
DA:300,0
DA:301,0
DA:302,0
DA:303,0
DA:304,0
DA:305,0
DA:306,0
DA:307,0
DA:308,0
DA:309,0
DA:310,0
DA:311,0
DA:312,0
DA:315,0
DA:316,0
DA:319,0
DA:320,0
DA:321,0
DA:322,0
DA:323,0
DA:326,0
DA:327,0
DA:328,0
DA:331,0
DA:332,0
DA:345,0
DA:346,0
DA:347,0
DA:348,0
DA:349,0
DA:352,0
DA:353,0
DA:354,0
DA:357,0
DA:358,0
DA:359,0
DA:360,0
DA:361,0
DA:363,0
DA:364,0
DA:365,0
DA:368,0
DA:369,0
DA:370,0
DA:371,0
DA:373,0
DA:374,0
DA:376,0
DA:377,0
DA:381,0
DA:383,0
DA:384,0
DA:386,0
DA:387,0
DA:389,0
DA:390,0
DA:392,0
DA:393,0
DA:396,0
DA:398,0
DA:399,0
DA:400,0
DA:401,0
DA:404,0
DA:405,0
DA:406,0
DA:407,0
DA:409,0
DA:410,0
DA:418,0
DA:419,0
DA:420,0
DA:421,0
DA:426,0
DA:431,0
DA:432,0
DA:433,0
DA:434,0
DA:435,0
DA:436,0
DA:438,0
DA:448,0
DA:449,0
DA:450,0
DA:451,0
DA:453,0
DA:454,0
DA:455,0
DA:456,0
DA:458,0
DA:459,0
DA:461,0
DA:462,0
DA:468,0
DA:469,0
DA:470,0
DA:471,0
DA:473,0
DA:474,0
DA:476,0
DA:477,0
DA:479,0
DA:481,0
DA:487,0
DA:488,0
DA:489,0
DA:490,0
DA:491,0
DA:493,0
DA:494,0
DA:496,0
DA:497,0
DA:499,0
DA:500,0
DA:503,0
DA:504,0
DA:505,0
DA:506,0
DA:507,0
DA:509,0
DA:510,0
DA:512,0
DA:513,0
DA:519,0
DA:520,0
DA:521,0
DA:522,0
DA:524,0
DA:525,0
DA:526,0
DA:527,0
DA:529,0
DA:530,0
DA:532,0
DA:533,0
DA:539,0
DA:540,0
DA:541,0
DA:542,0
DA:544,0
DA:545,0
DA:547,0
DA:548,0
DA:550,0
DA:552,0
DA:558,0
DA:559,0
DA:560,0
DA:561,0
DA:562,0
DA:564,0
DA:565,0
DA:567,0
DA:568,0
DA:570,0
DA:571,0
DA:574,0
DA:575,0
DA:576,0
DA:577,0
DA:578,0
DA:580,0
DA:581,0
DA:583,0
DA:584,0
DA:591,0
DA:592,0
DA:593,0
DA:594,0
DA:595,0
DA:597,0
DA:598,0
DA:600,0
DA:602,0
DA:607,0
DA:608,0
DA:609,0
DA:610,0
DA:611,0
DA:613,0
DA:614,0
DA:616,0
DA:618,0
DA:624,0
DA:625,0
DA:626,0
DA:627,0
DA:629,0
DA:631,0
DA:636,0
DA:637,0
DA:638,0
DA:639,0
DA:641,0
DA:643,0
DA:649,0
DA:650,0
DA:651,0
DA:653,0
DA:654,0
DA:656,0
DA:658,0
DA:663,0
DA:664,0
DA:665,0
DA:667,0
DA:668,0
DA:670,0
DA:672,0
DA:832,0
DA:833,0
DA:834,0
DA:835,0
DA:837,0
DA:839,0
DA:844,0
DA:845,0
DA:846,0
DA:847,0
DA:849,0
DA:851,0
LF:375
LH:11
BRDA:66,0,0,0
BRDA:66,0,1,0
BRDA:77,1,0,0
BRDA:78,2,0,0
BRDA:78,2,1,0
BRDA:97,3,0,0
BRDA:97,3,1,0
BRDA:97,4,0,0
BRDA:97,4,1,0
BRDA:97,4,2,0
BRDA:104,5,0,0
BRDA:104,5,1,0
BRDA:107,6,0,0
BRDA:107,6,1,0
BRDA:120,7,0,0
BRDA:120,7,1,0
BRDA:129,8,0,0
BRDA:129,8,1,0
BRDA:130,9,0,0
BRDA:130,9,1,0
BRDA:131,10,0,0
BRDA:131,10,1,0
BRDA:134,11,0,0
BRDA:134,11,1,0
BRDA:136,12,0,0
BRDA:136,12,1,0
BRDA:137,13,0,0
BRDA:137,13,1,0
BRDA:154,14,0,0
BRDA:154,14,1,0
BRDA:164,15,0,0
BRDA:164,15,1,0
BRDA:165,16,0,0
BRDA:165,16,1,0
BRDA:166,17,0,0
BRDA:166,17,1,0
BRDA:171,18,0,0
BRDA:171,18,1,0
BRDA:173,19,0,0
BRDA:173,19,1,0
BRDA:182,20,0,0
BRDA:182,20,1,0
BRDA:183,21,0,0
BRDA:183,21,1,0
BRDA:186,22,0,0
BRDA:186,22,1,0
BRDA:191,23,0,0
BRDA:191,23,1,0
BRDA:201,24,0,0
BRDA:202,25,0,0
BRDA:202,25,1,0
BRDA:220,26,0,0
BRDA:220,26,1,0
BRDA:220,27,0,0
BRDA:220,27,1,0
BRDA:220,27,2,0
BRDA:220,27,3,0
BRDA:220,27,4,0
BRDA:220,27,5,0
BRDA:220,27,6,0
BRDA:239,28,0,0
BRDA:239,28,1,0
BRDA:249,29,0,0
BRDA:249,29,1,0
BRDA:250,30,0,0
BRDA:250,30,1,0
BRDA:251,31,0,0
BRDA:251,31,1,0
BRDA:253,32,0,0
BRDA:253,32,1,0
BRDA:254,33,0,0
BRDA:254,33,1,0
BRDA:256,34,0,0
BRDA:256,34,1,0
BRDA:272,35,0,0
BRDA:272,35,1,0
BRDA:285,36,0,0
BRDA:285,36,1,0
BRDA:286,37,0,0
BRDA:286,37,1,0
BRDA:287,38,0,0
BRDA:287,38,1,0
BRDA:287,39,0,0
BRDA:287,39,1,0
BRDA:290,40,0,0
BRDA:290,40,1,0
BRDA:292,41,0,0
BRDA:292,41,1,0
BRDA:305,42,0,0
BRDA:305,42,1,0
BRDA:305,43,0,0
BRDA:305,43,1,0
BRDA:309,44,0,0
BRDA:309,44,1,0
BRDA:310,45,0,0
BRDA:310,45,1,0
BRDA:319,46,0,0
BRDA:319,46,1,0
BRDA:321,47,0,0
BRDA:321,47,1,0
BRDA:321,48,0,0
BRDA:321,48,1,0
BRDA:326,49,0,0
BRDA:326,49,1,0
BRDA:345,50,0,0
BRDA:345,50,1,0
BRDA:347,51,0,0
BRDA:347,51,1,0
BRDA:347,52,0,0
BRDA:347,52,1,0
BRDA:347,52,2,0
BRDA:357,53,0,0
BRDA:357,53,1,0
BRDA:360,54,0,0
BRDA:360,54,1,0
BRDA:363,55,0,0
BRDA:363,55,1,0
BRDA:381,56,0,0
BRDA:381,56,1,0
BRDA:383,57,0,0
BRDA:383,57,1,0
BRDA:383,58,0,0
BRDA:383,58,1,0
BRDA:386,59,0,0
BRDA:386,59,1,0
BRDA:386,60,0,0
BRDA:386,60,1,0
BRDA:389,61,0,0
BRDA:389,61,1,0
BRDA:389,62,0,0
BRDA:389,62,1,0
BRDA:392,63,0,0
BRDA:392,63,1,0
BRDA:392,64,0,0
BRDA:392,64,1,0
BRDA:396,65,0,0
BRDA:396,65,1,0
BRDA:396,66,0,0
BRDA:396,66,1,0
BRDA:398,67,0,0
BRDA:398,67,1,0
BRDA:399,68,0,0
BRDA:399,68,1,0
BRDA:400,69,0,0
BRDA:400,69,1,0
BRDA:401,70,0,0
BRDA:401,70,1,0
BRDA:409,71,0,0
BRDA:409,71,1,0
BRDA:409,72,0,0
BRDA:409,72,1,0
BRDA:420,73,0,0
BRDA:420,73,1,0
BRDA:420,74,0,0
BRDA:420,74,1,0
BRDA:431,75,0,0
BRDA:431,75,1,0
BRDA:432,76,0,0
BRDA:432,76,1,0
BRDA:433,77,0,0
BRDA:433,77,1,0
BRDA:434,78,0,0
BRDA:434,78,1,0
BRDA:434,79,0,0
BRDA:434,79,1,0
BRDA:435,80,0,0
BRDA:435,80,1,0
BRDA:436,81,0,0
BRDA:436,81,1,0
BRF:169
BRH:0
end_of_record
TN:
SF:D:\Schooldocumenten\Masterproef_projects\geo_data_integration\src\utils\Integration\OpenLR\Decoder.js
FN:44,(anonymous_0)
FNF:1
FNH:1
FNDA:6,(anonymous_0)
DA:45,6
DA:46,6
DA:47,6
DA:48,78
DA:49,78
DA:52,6
DA:53,2
DA:55,6
DA:56,6
DA:57,6
DA:58,6
DA:61,0
DA:64,0
DA:67,0
DA:68,0
DA:69,0
DA:70,0
DA:72,0
DA:73,0
DA:74,0
DA:75,0
DA:78,0
LF:22
LH:11
BRDA:48,0,0,78
BRDA:48,0,1,0
BRDA:52,1,0,2
BRDA:52,1,1,4
BRDA:55,2,0,6
BRDA:55,2,1,0
BRDA:61,3,0,0
BRDA:61,3,1,0
BRDA:67,4,0,0
BRDA:67,4,1,0
BRDA:67,5,0,0
BRDA:67,5,1,0
BRDA:67,5,2,0
BRDA:69,6,0,0
BRDA:69,6,1,0
BRF:15
BRH:4
end_of_record
TN:
SF:D:\Schooldocumenten\Masterproef_projects\geo_data_integration\src\utils\Integration\OpenLR\Encoder.js
FN:6,(anonymous_0)
FNF:1
FNH:0
FNDA:0,(anonymous_0)
DA:7,0
DA:8,0
DA:10,0
LF:3
LH:0
BRDA:7,0,0,0
BRDA:7,0,1,0
BRF:2
BRH:0
end_of_record
TN:
SF:D:\Schooldocumenten\Masterproef_projects\geo_data_integration\src\utils\Integration\OpenLR\SearchTree\GeoJSONRbushLineSearchTree.js
FN:5,(anonymous_0)
FN:11,(anonymous_1)
FNF:2
FNH:2
FNDA:100,(anonymous_0)
FNDA:103,(anonymous_1)
DA:6,100
DA:7,100
DA:12,103
DA:15,103
DA:16,1605815
DA:17,1605815
DA:18,0
DA:20,1605815
DA:26,103
LF:9
LH:8
BRDA:16,0,0,1605815
BRDA:16,0,1,0
BRDA:17,1,0,0
BRDA:17,1,1,1605815
BRDA:17,2,0,1605815
BRDA:17,2,1,1605815
BRF:6
BRH:4
end_of_record
TN:
SF:D:\Schooldocumenten\Masterproef_projects\geo_data_integration\src\utils\Integration\OpenLR\SearchTree\GeoJSONRbushNodeSearchTree.js
FN:5,(anonymous_0)
FN:11,(anonymous_1)
FNF:2
FNH:2
FNDA:100,(anonymous_0)
FNDA:103,(anonymous_1)
DA:6,100
DA:7,100
DA:12,103
DA:15,103
DA:16,827323
DA:17,827323
DA:18,0
DA:20,827323
DA:21,827323
DA:24,103
LF:10
LH:9
BRDA:16,0,0,827323
BRDA:16,0,1,0
BRDA:17,1,0,0
BRDA:17,1,1,827323
BRDA:17,2,0,827323
BRDA:17,2,1,827323
BRF:6
BRH:4
end_of_record
TN:
SF:D:\Schooldocumenten\Masterproef_projects\geo_data_integration\src\utils\Integration\OpenLR\SearchTree\GeoJSONRbushSearchTree.js
FN:5,(anonymous_0)
FN:9,(anonymous_1)
FN:18,(anonymous_2)
FN:31,(anonymous_3)
FN:35,(anonymous_4)
FNF:5
FNH:4
FNDA:200,(anonymous_0)
FNDA:0,(anonymous_1)
FNDA:89,(anonymous_2)
FNDA:89,(anonymous_3)
FNDA:178,(anonymous_4)
DA:6,200
DA:10,0
DA:19,89
DA:20,89
DA:21,89
DA:22,89
DA:23,89
DA:24,89
DA:25,89
DA:26,89
DA:27,89
DA:28,89
DA:32,89
DA:36,178
LF:14
LH:13
BRF:0
BRH:0
end_of_record
TN:
SF:D:\Schooldocumenten\Masterproef_projects\geo_data_integration\src\utils\Integration\OpenLR\SearchTree\RbushLineSearchTree.js
FN:4,(anonymous_0)
FN:10,(anonymous_1)
FN:54,(anonymous_2)
FN:63,(anonymous_3)
FN:175,(anonymous_4)
FN:179,(anonymous_5)
FNF:6
FNH:5
FNDA:2,(anonymous_0)
FNDA:2,(anonymous_1)
FNDA:0,(anonymous_2)
FNDA:2,(anonymous_3)
FNDA:2,(anonymous_4)
FNDA:4,(anonymous_5)
DA:5,2
DA:6,2
DA:11,2
DA:14,2
DA:15,52
DA:16,52
DA:17,0
DA:23,52
DA:24,22
DA:25,22
DA:28,30
DA:29,30
DA:31,52
DA:32,20
DA:33,20
DA:36,32
DA:37,32
DA:39,52
DA:50,2
DA:55,0
DA:64,2
DA:65,2
DA:66,2
DA:67,2
DA:68,2
DA:69,2
DA:70,2
DA:71,2
DA:72,2
DA:73,2
DA:74,2
DA:75,2
DA:76,2
DA:77,0
DA:78,0
DA:80,2
DA:81,2
DA:93,0
DA:94,0
DA:95,0
DA:96,0
DA:97,0
DA:99,0
DA:100,0
DA:101,0
DA:102,0
DA:103,0
DA:105,0
DA:106,0
DA:107,0
DA:108,0
DA:109,0
DA:111,0
DA:112,0
DA:113,0
DA:114,0
DA:115,0
DA:117,0
DA:118,0
DA:124,0
DA:130,0
DA:136,0
DA:143,0
DA:144,0
DA:150,0
DA:157,0
DA:158,0
DA:164,0
DA:172,2
DA:176,2
DA:180,4
LF:71
LH:36
BRDA:15,0,0,52
BRDA:15,0,1,0
BRDA:16,1,0,0
BRDA:16,1,1,52
BRDA:16,2,0,52
BRDA:16,2,1,52
BRDA:23,3,0,22
BRDA:23,3,1,30
BRDA:31,4,0,20
BRDA:31,4,1,32
BRDA:76,5,0,0
BRDA:76,5,1,2
BRDA:76,6,0,2
BRDA:76,6,1,0
BRDA:76,6,2,2
BRDA:76,6,3,2
BRDA:80,7,0,2
BRDA:80,7,1,0
BRDA:80,8,0,2
BRDA:80,8,1,2
BRDA:80,8,2,2
BRDA:80,8,3,2
BRDA:93,9,0,0
BRDA:93,9,1,0
BRDA:99,10,0,0
BRDA:99,10,1,0
BRDA:105,11,0,0
BRDA:105,11,1,0
BRDA:111,12,0,0
BRDA:111,12,1,0
BRDA:117,13,0,0
BRDA:117,13,1,0
BRDA:117,14,0,0
BRDA:117,14,1,0
BRDA:117,14,2,0
BRDA:117,14,3,0
BRDA:117,14,4,0
BRDA:117,14,5,0
BRDA:143,15,0,0
BRDA:143,15,1,0
BRDA:143,16,0,0
BRDA:143,16,1,0
BRDA:157,17,0,0
BRDA:157,17,1,0
BRDA:157,18,0,0
BRDA:157,18,1,0
BRF:46
BRH:17
end_of_record
TN:
SF:D:\Schooldocumenten\Masterproef_projects\geo_data_integration\src\utils\Integration\OpenLR\SearchTree\RbushNodeSearchTree.js
FN:8,(anonymous_0)
FN:14,(anonymous_1)
FN:30,(anonymous_2)
FN:39,(anonymous_3)
FN:149,(anonymous_4)
FN:154,(anonymous_5)
FN:158,(anonymous_6)
FNF:7
FNH:6
FNDA:2,(anonymous_0)
FNDA:2,(anonymous_1)
FNDA:0,(anonymous_2)
FNDA:2,(anonymous_3)
FNDA:14,(anonymous_4)
FNDA:2,(anonymous_5)
FNDA:4,(anonymous_6)
DA:9,2
DA:10,2
DA:15,2
DA:18,2
DA:19,20
DA:20,20
DA:21,0
DA:23,20
DA:26,2
DA:31,0
DA:40,2
DA:41,2
DA:42,2
DA:43,2
DA:44,2
DA:45,2
DA:46,2
DA:47,2
DA:48,2
DA:49,2
DA:50,2
DA:51,2
DA:52,2
DA:53,0
DA:54,0
DA:56,2
DA:57,2
DA:69,0
DA:70,0
DA:71,0
DA:72,0
DA:73,0
DA:75,0
DA:76,0
DA:77,0
DA:78,0
DA:79,0
DA:81,0
DA:82,0
DA:83,0
DA:84,0
DA:85,0
DA:87,0
DA:88,0
DA:89,0
DA:90,0
DA:91,0
DA:93,0
DA:94,0
DA:100,0
DA:106,0
DA:112,0
DA:119,0
DA:120,0
DA:126,0
DA:133,0
DA:134,0
DA:140,0
DA:149,14
DA:155,2
DA:159,4
LF:61
LH:26
BRDA:19,0,0,20
BRDA:19,0,1,0
BRDA:20,1,0,0
BRDA:20,1,1,20
BRDA:20,2,0,20
BRDA:20,2,1,20
BRDA:52,3,0,0
BRDA:52,3,1,2
BRDA:52,4,0,2
BRDA:52,4,1,0
BRDA:52,4,2,2
BRDA:52,4,3,2
BRDA:56,5,0,2
BRDA:56,5,1,0
BRDA:56,6,0,2
BRDA:56,6,1,2
BRDA:56,6,2,2
BRDA:56,6,3,2
BRDA:69,7,0,0
BRDA:69,7,1,0
BRDA:75,8,0,0
BRDA:75,8,1,0
BRDA:81,9,0,0
BRDA:81,9,1,0
BRDA:87,10,0,0
BRDA:87,10,1,0
BRDA:93,11,0,0
BRDA:93,11,1,0
BRDA:93,12,0,0
BRDA:93,12,1,0
BRDA:93,12,2,0
BRDA:93,12,3,0
BRDA:93,12,4,0
BRDA:93,12,5,0
BRDA:119,13,0,0
BRDA:119,13,1,0
BRDA:119,14,0,0
BRDA:119,14,1,0
BRDA:133,15,0,0
BRDA:133,15,1,0
BRDA:133,16,0,0
BRDA:133,16,1,0
BRF:42
BRH:13
end_of_record
TN:
SF:D:\Schooldocumenten\Masterproef_projects\geo_data_integration\src\utils\Integration\OpenLR\coder\CoderSettings.js
FNF:0
FNH:0
DA:3,17
DA:20,17
LF:2
LH:2
BRF:0
BRH:0
end_of_record
TN:
SF:D:\Schooldocumenten\Masterproef_projects\geo_data_integration\src\utils\Integration\OpenLR\coder\Dijkstra.js
FN:5,(anonymous_0)
FN:16,(anonymous_1)
FN:33,(anonymous_2)
FNF:3
FNH:3
FNDA:57,(anonymous_0)
FNDA:437,(anonymous_1)
FNDA:680,(anonymous_2)
DA:6,57
DA:7,21
DA:13,36
DA:14,36
DA:16,36
DA:17,437
DA:18,169
DA:20,268
DA:21,268
DA:23,0
DA:27,36
DA:28,36
DA:29,36
DA:30,274
DA:31,274
DA:33,274
DA:34,680
DA:35,680
DA:36,0
DA:38,680
DA:41,680
DA:43,350
DA:44,350
DA:45,350
DA:50,260
DA:64,245
DA:65,223
DA:69,15
DA:76,36
DA:77,36
DA:79,36
DA:80,76
DA:81,76
DA:82,76
DA:87,36
DA:88,0
DA:90,36
LF:37
LH:34
BRDA:6,0,0,21
BRDA:6,0,1,36
BRDA:17,1,0,169
BRDA:17,1,1,268
BRDA:20,2,0,268
BRDA:20,2,1,0
BRDA:35,3,0,0
BRDA:35,3,1,680
BRDA:38,4,0,563
BRDA:38,4,1,117
BRDA:38,5,0,680
BRDA:38,5,1,630
BRDA:38,5,2,117
BRDA:38,5,3,117
BRDA:39,6,0,117
BRDA:39,6,1,117
BRDA:39,6,2,117
BRDA:39,6,3,117
BRDA:41,7,0,350
BRDA:41,7,1,330
BRDA:41,8,0,680
BRDA:41,8,1,680
BRDA:41,8,2,341
BRDA:45,9,0,260
BRDA:45,9,1,90
BRDA:45,10,0,350
BRDA:45,10,1,123
BRDA:50,11,0,245
BRDA:50,11,1,15
BRDA:50,12,0,260
BRDA:50,12,1,245
BRDA:64,13,0,223
BRDA:64,13,1,22
BRDA:79,14,0,112
BRDA:79,14,1,79
BRDA:87,15,0,0
BRDA:87,15,1,36
BRF:37
BRH:34
end_of_record
TN:
SF:D:\Schooldocumenten\Masterproef_projects\geo_data_integration\src\utils\Integration\OpenLR\coder\JsonFormat.js
FN:4,(anonymous_0)
FN:10,(anonymous_1)
FNF:2
FNH:0
FNDA:0,(anonymous_0)
FNDA:0,(anonymous_1)
DA:5,0
DA:6,0
DA:11,0
DA:33,0
DA:34,0
DA:50,0
LF:6
LH:0
BRDA:5,0,0,0
BRDA:5,0,1,0
BRF:2
BRH:0
end_of_record
TN:
SF:D:\Schooldocumenten\Masterproef_projects\geo_data_integration\src\utils\Integration\OpenLR\coder\LRPNodeHelper.js
FN:9,(anonymous_0)
FN:59,(anonymous_1)
FNF:2
FNH:2
FNDA:35,(anonymous_0)
FNDA:54,(anonymous_1)
DA:10,35
DA:11,0
DA:13,35
DA:14,35
DA:15,89
DA:16,89
DA:17,89
DA:18,89
DA:24,89
DA:25,54
DA:26,54
DA:27,54
DA:28,54
DA:29,54
DA:30,54
DA:31,54
DA:32,28
DA:36,35
DA:37,35
DA:38,35
DA:39,35
DA:40,35
DA:41,35
DA:43,89
DA:54,89
DA:56,35
DA:60,54
DA:61,54
DA:62,54
DA:63,54
DA:64,54
DA:65,24
DA:66,24
DA:67,18
DA:68,18
DA:70,24
DA:72,54
LF:37
LH:36
BRDA:10,0,0,0
BRDA:10,0,1,35
BRDA:24,1,0,54
BRDA:24,1,1,35
BRDA:31,2,0,28
BRDA:31,2,1,26
BRDA:31,3,0,54
BRDA:31,3,1,35
BRDA:64,4,0,78
BRDA:64,4,1,39
BRDA:66,5,0,18
BRDA:66,5,1,6
BRDA:66,6,0,24
BRDA:66,6,1,24
BRDA:74,7,0,18
BRDA:74,7,1,36
BRF:16
BRH:15
end_of_record
TN:
SF:D:\Schooldocumenten\Masterproef_projects\geo_data_integration\src\utils\Integration\OpenLR\coder\LineDecoder.js
FN:8,(anonymous_0)
FN:35,(anonymous_1)
FN:54,(anonymous_2)
FN:77,(anonymous_3)
FN:82,(anonymous_4)
FN:118,(anonymous_5)
FN:156,(anonymous_6)
FN:158,(anonymous_7)
FN:164,(anonymous_8)
FN:197,(anonymous_9)
FN:216,(anonymous_10)
FN:324,(anonymous_11)
FN:335,(anonymous_12)
FN:410,(anonymous_13)
FNF:14
FNH:14
FNDA:12,(anonymous_0)
FNDA:25,(anonymous_1)
FNDA:293,(anonymous_2)
FNDA:22,(anonymous_3)
FNDA:307,(anonymous_4)
FNDA:428,(anonymous_5)
FNDA:52,(anonymous_6)
FNDA:263,(anonymous_7)
FNDA:140,(anonymous_8)
FNDA:27,(anonymous_9)
FNDA:24,(anonymous_10)
FNDA:18,(anonymous_11)
FNDA:17,(anonymous_12)
FNDA:15,(anonymous_13)
DA:10,12
DA:14,12
DA:19,12
DA:22,12
DA:26,12
DA:28,12
DA:36,25
DA:37,25
DA:38,58
DA:40,58
DA:44,58
DA:45,49
DA:47,58
DA:49,21
DA:50,21
DA:51,0
DA:53,21
DA:54,21
DA:55,293
DA:56,293
DA:64,80
DA:65,80
DA:66,80
DA:70,21
DA:73,25
DA:78,22
DA:79,22
DA:80,52
DA:82,52
DA:83,307
DA:85,66
DA:89,66
DA:91,0
DA:94,66
DA:97,20
DA:108,20
DA:109,20
DA:114,241
DA:118,241
DA:119,428
DA:123,428
DA:125,114
DA:127,428
DA:130,119
DA:140,119
DA:141,119
DA:148,52
DA:149,0
DA:151,52
DA:153,22
DA:158,52
DA:160,263
DA:165,140
DA:166,140
DA:171,140
DA:172,140
DA:173,140
DA:176,140
DA:177,36
DA:178,36
DA:179,36
DA:183,140
DA:186,36
DA:187,36
DA:188,36
DA:191,140
DA:192,140
DA:193,140
DA:194,140
DA:201,27
DA:202,16
DA:205,11
DA:217,24
DA:218,0
DA:220,24
DA:221,24
DA:222,18
DA:224,24
DA:225,24
DA:227,24
DA:228,24
DA:229,24
DA:231,24
DA:233,24
DA:235,27
DA:238,27
DA:243,4
DA:247,23
DA:250,27
DA:253,7
DA:256,27
DA:259,11
DA:262,11
DA:263,10
DA:267,27
DA:274,8
DA:277,27
DA:280,24
DA:284,27
DA:288,4
DA:290,3
DA:292,3
DA:294,1
DA:296,0
DA:299,0
DA:300,0
DA:302,0
DA:305,1
DA:310,26
DA:312,23
DA:313,0
DA:315,23
DA:316,23
DA:320,0
DA:325,18
DA:326,18
DA:327,18
DA:328,18
DA:329,24
DA:332,17
DA:336,17
DA:337,0
DA:339,17
DA:340,17
DA:341,23
DA:343,19
DA:345,23
DA:346,3
DA:349,17
DA:351,5
DA:353,17
DA:411,15
DA:412,15
DA:413,15
DA:414,0
DA:416,15
DA:417,15
DA:418,15
DA:419,15
DA:420,15
DA:421,2
DA:422,1
DA:423,1
DA:424,1
DA:425,0
DA:426,0
DA:427,0
DA:430,1
DA:431,1
DA:432,1
DA:435,1
DA:436,1
DA:437,1
DA:438,1
DA:440,0
DA:441,0
DA:442,0
DA:443,0
DA:445,2
DA:446,2
DA:448,15
DA:449,0
LF:162
LH:142
BRDA:44,0,0,49
BRDA:44,0,1,9
BRDA:47,1,0,21
BRDA:47,1,1,37
BRDA:47,2,0,58
BRDA:47,2,1,49
BRDA:50,3,0,0
BRDA:50,3,1,21
BRDA:50,4,0,21
BRDA:50,4,1,0
BRDA:56,5,0,213
BRDA:56,5,1,80
BRDA:56,6,0,293
BRDA:56,6,1,191
BRDA:56,6,2,80
BRDA:56,6,3,80
BRDA:83,7,0,66
BRDA:83,7,1,241
BRDA:85,8,0,35
BRDA:85,8,1,31
BRDA:89,9,0,0
BRDA:89,9,1,66
BRDA:89,10,0,66
BRDA:89,10,1,0
BRDA:89,10,2,0
BRDA:89,10,3,0
BRDA:89,10,4,0
BRDA:94,11,0,20
BRDA:94,11,1,46
BRDA:94,12,0,66
BRDA:94,12,1,20
BRDA:95,13,0,20
BRDA:95,13,1,0
BRDA:114,14,0,113
BRDA:114,14,1,128
BRDA:119,15,0,186
BRDA:119,15,1,242
BRDA:123,16,0,114
BRDA:123,16,1,314
BRDA:123,17,0,428
BRDA:123,17,1,114
BRDA:123,17,2,114
BRDA:123,17,3,114
BRDA:123,17,4,114
BRDA:127,18,0,119
BRDA:127,18,1,309
BRDA:127,19,0,428
BRDA:127,19,1,119
BRDA:128,20,0,84
BRDA:128,20,1,35
BRDA:148,21,0,0
BRDA:148,21,1,52
BRDA:176,22,0,36
BRDA:176,22,1,104
BRDA:176,23,0,140
BRDA:176,23,1,36
BRDA:183,24,0,36
BRDA:183,24,1,104
BRDA:183,25,0,140
BRDA:183,25,1,36
BRDA:183,25,2,36
BRDA:183,25,3,36
BRDA:183,25,4,36
BRDA:183,25,5,36
BRDA:183,25,6,36
BRDA:186,26,0,22
BRDA:186,26,1,14
BRDA:201,27,0,16
BRDA:201,27,1,11
BRDA:209,28,0,7
BRDA:209,28,1,4
BRDA:210,29,0,7
BRDA:210,29,1,4
BRDA:211,30,0,11
BRDA:211,30,1,0
BRDA:217,31,0,0
BRDA:217,31,1,24
BRDA:221,32,0,18
BRDA:221,32,1,6
BRDA:224,33,0,24
BRDA:224,33,1,0
BRDA:233,34,0,50
BRDA:233,34,1,27
BRDA:238,35,0,4
BRDA:238,35,1,23
BRDA:238,36,0,27
BRDA:238,36,1,16
BRDA:238,36,2,14
BRDA:250,37,0,7
BRDA:250,37,1,20
BRDA:256,38,0,11
BRDA:256,38,1,16
BRDA:262,39,0,10
BRDA:262,39,1,1
BRDA:267,40,0,8
BRDA:267,40,1,19
BRDA:267,41,0,27
BRDA:267,41,1,21
BRDA:267,41,2,9
BRDA:277,42,0,24
BRDA:277,42,1,3
BRDA:284,43,0,4
BRDA:284,43,1,23
BRDA:284,44,0,27
BRDA:284,44,1,27
BRDA:284,44,2,24
BRDA:288,45,0,3
BRDA:288,45,1,1
BRDA:294,46,0,0
BRDA:294,46,1,1
BRDA:312,47,0,0
BRDA:312,47,1,23
BRDA:312,48,0,23
BRDA:312,48,1,23
BRDA:316,49,0,0
BRDA:316,49,1,23
BRDA:316,50,0,23
BRDA:316,50,1,0
BRDA:336,51,0,0
BRDA:336,51,1,17
BRDA:341,52,0,19
BRDA:341,52,1,4
BRDA:341,53,0,23
BRDA:341,53,1,6
BRDA:349,54,0,5
BRDA:349,54,1,12
BRDA:349,55,0,17
BRDA:349,55,1,17
BRDA:355,56,0,13
BRDA:355,56,1,4
BRDA:358,57,0,8
BRDA:358,57,1,9
BRDA:413,58,0,0
BRDA:413,58,1,15
BRDA:418,59,0,15
BRDA:418,59,1,5
BRDA:418,59,2,5
BRDA:419,60,0,15
BRDA:419,60,1,8
BRDA:419,60,2,8
BRDA:420,61,0,17
BRDA:420,61,1,7
BRDA:420,61,2,5
BRDA:421,62,0,1
BRDA:421,62,1,1
BRDA:421,63,0,2
BRDA:421,63,1,2
BRDA:424,64,0,0
BRDA:424,64,1,1
BRDA:435,65,0,1
BRDA:435,65,1,0
BRDA:440,66,0,0
BRDA:440,66,1,0
BRDA:445,67,0,2
BRDA:445,67,1,2
BRDA:445,67,2,2
BRDA:446,68,0,2
BRDA:446,68,1,2
BRDA:446,68,2,2
BRDA:448,69,0,0
BRDA:448,69,1,15
BRF:161
BRH:138
end_of_record
TN:
SF:D:\Schooldocumenten\Masterproef_projects\geo_data_integration\src\utils\Integration\OpenLR\coder\LineEncoder.js
FN:7,(anonymous_0)
FN:102,(anonymous_1)
FN:137,(anonymous_2)
FN:144,(anonymous_3)
FN:228,(anonymous_4)
FN:250,(anonymous_5)
FN:267,(anonymous_6)
FN:308,(anonymous_7)
FN:355,(anonymous_8)
FN:416,(anonymous_9)
FN:505,(anonymous_10)
FN:531,(anonymous_11)
FN:610,(anonymous_12)
FN:626,(anonymous_13)
FN:642,(anonymous_14)
FNF:15
FNH:12
FNDA:32,(anonymous_0)
FNDA:37,(anonymous_1)
FNDA:39,(anonymous_2)
FNDA:80,(anonymous_3)
FNDA:192,(anonymous_4)
FNDA:91,(anonymous_5)
FNDA:4,(anonymous_6)
FNDA:92,(anonymous_7)
FNDA:36,(anonymous_8)
FNDA:0,(anonymous_9)
FNDA:0,(anonymous_10)
FNDA:38,(anonymous_11)
FNDA:2,(anonymous_12)
FNDA:2,(anonymous_13)
FNDA:0,(anonymous_14)
DA:8,32
DA:9,32
DA:10,32
DA:11,32
DA:17,32
DA:20,32
DA:21,32
DA:25,32
DA:26,32
DA:27,98
DA:34,32
DA:36,5
DA:40,5
DA:47,27
DA:48,27
DA:50,32
DA:53,32
DA:56,32
DA:57,32
DA:58,32
DA:59,0
DA:64,32
DA:69,0
DA:71,0
DA:72,0
DA:74,0
DA:76,0
DA:77,0
DA:79,0
DA:81,0
DA:83,0
DA:86,0
DA:87,0
DA:88,0
DA:93,32
DA:94,32
DA:103,37
DA:104,36
DA:105,36
DA:106,36
DA:107,36
DA:109,48
DA:110,48
DA:111,48
DA:114,36
DA:115,1
DA:117,35
DA:118,1
DA:121,34
DA:122,2
DA:123,2
DA:124,2
DA:126,34
DA:127,4
DA:128,4
DA:129,4
DA:138,39
DA:143,39
DA:144,39
DA:145,80
DA:148,39
DA:153,39
DA:155,39
DA:156,39
DA:159,44
DA:160,31
DA:161,31
DA:163,13
DA:165,13
DA:167,3
DA:168,3
DA:170,10
DA:172,10
DA:173,10
DA:176,0
DA:180,0
DA:183,39
DA:186,2
DA:188,39
DA:190,39
DA:193,47
DA:194,33
DA:195,33
DA:197,14
DA:199,14
DA:201,2
DA:202,2
DA:204,12
DA:206,12
DA:207,12
DA:210,0
DA:214,0
DA:217,39
DA:220,2
DA:224,39
DA:229,192
DA:230,192
DA:232,192
DA:233,192
DA:235,78
DA:237,114
DA:239,30
DA:240,30
DA:241,30
DA:242,30
DA:244,30
DA:247,192
DA:251,91
DA:252,91
DA:253,91
DA:254,44
DA:255,44
DA:258,47
DA:259,47
DA:263,0
DA:268,4
DA:269,2
DA:271,2
DA:272,2
DA:273,2
DA:276,0
DA:278,2
DA:279,28
DA:280,28
DA:281,28
DA:283,2
DA:284,0
DA:288,2
DA:290,2
DA:291,2
DA:292,2
DA:295,0
DA:297,2
DA:298,28
DA:299,28
DA:300,28
DA:302,2
DA:303,0
DA:309,92
DA:310,4
DA:312,88
DA:313,1
DA:315,87
DA:316,1
DA:318,86
DA:319,86
DA:321,86
DA:322,1
DA:329,85
DA:332,135
DA:333,135
DA:338,85
DA:339,64
DA:346,21
DA:356,36
DA:357,36
DA:358,36
DA:360,16
DA:361,16
DA:362,23
DA:367,16
DA:370,16
DA:373,16
DA:374,16
DA:375,16
DA:383,0
DA:387,0
DA:391,0
DA:407,0
DA:413,36
DA:418,0
DA:419,0
DA:421,0
DA:423,0
DA:424,0
DA:426,0
DA:427,0
DA:428,0
DA:429,0
DA:430,0
DA:436,0
DA:437,0
DA:438,0
DA:439,0
DA:440,0
DA:441,0
DA:442,0
DA:446,0
DA:447,0
DA:451,0
DA:452,0
DA:453,0
DA:456,0
DA:457,0
DA:459,0
DA:461,0
DA:464,0
DA:465,0
DA:466,0
DA:467,0
DA:469,0
DA:473,0
DA:475,0
DA:483,0
DA:484,0
DA:485,0
DA:493,0
DA:494,0
DA:498,0
DA:499,0
DA:500,0
DA:507,0
DA:508,0
DA:509,0
DA:510,0
DA:511,0
DA:512,0
DA:513,0
DA:514,0
DA:515,0
DA:516,0
DA:517,0
DA:519,0
DA:520,0
DA:521,0
DA:523,0
DA:532,38
DA:533,0
DA:535,38
DA:536,38
DA:537,38
DA:538,38
DA:539,38
DA:540,38
DA:542,38
DA:543,37
DA:544,37
DA:547,6
DA:550,31
DA:551,49
DA:552,49
DA:553,31
DA:555,49
DA:556,49
DA:559,49
DA:560,27
DA:561,27
DA:562,27
DA:563,16
DA:565,27
DA:566,20
DA:568,27
DA:570,49
DA:571,0
DA:572,0
DA:575,31
DA:576,31
DA:577,20
DA:580,37
DA:581,0
DA:582,0
DA:585,37
DA:587,1
DA:588,1
DA:590,36
DA:592,1
DA:593,1
DA:595,37
DA:606,1
DA:611,2
DA:614,1
DA:615,1
DA:616,1
DA:617,1
DA:618,1
DA:622,1
DA:627,2
DA:630,1
DA:631,1
DA:632,1
DA:633,1
DA:634,1
DA:638,1
DA:644,0
LF:284
LH:196
BRDA:34,0,0,5
BRDA:34,0,1,27
BRDA:58,1,0,0
BRDA:58,1,1,32
BRDA:69,2,0,0
BRDA:69,2,1,0
BRDA:74,3,0,0
BRDA:74,3,1,0
BRDA:79,4,0,0
BRDA:79,4,1,0
BRDA:87,5,0,0
BRDA:87,5,1,0
BRDA:103,6,0,36
BRDA:103,6,1,1
BRDA:103,7,0,37
BRDA:103,7,1,37
BRDA:107,8,0,84
BRDA:107,8,1,49
BRDA:107,8,2,49
BRDA:114,9,0,1
BRDA:114,9,1,35
BRDA:117,10,0,1
BRDA:117,10,1,34
BRDA:121,11,0,36
BRDA:121,11,1,36
BRDA:126,12,0,38
BRDA:126,12,1,38
BRDA:148,13,0,39
BRDA:148,13,1,0
BRDA:148,14,0,39
BRDA:148,14,1,39
BRDA:153,15,0,39
BRDA:153,15,1,0
BRDA:153,16,0,39
BRDA:153,16,1,39
BRDA:156,17,0,83
BRDA:156,17,1,46
BRDA:157,18,0,46
BRDA:157,18,1,32
BRDA:159,19,0,31
BRDA:159,19,1,13
BRDA:163,20,0,13
BRDA:163,20,1,0
BRDA:165,21,0,3
BRDA:165,21,1,10
BRDA:170,22,0,10
BRDA:170,22,1,0
BRDA:183,23,0,2
BRDA:183,23,1,37
BRDA:183,24,0,39
BRDA:183,24,1,14
BRDA:190,25,0,86
BRDA:190,25,1,49
BRDA:191,26,0,49
BRDA:191,26,1,34
BRDA:193,27,0,33
BRDA:193,27,1,14
BRDA:197,28,0,14
BRDA:197,28,1,0
BRDA:199,29,0,2
BRDA:199,29,1,12
BRDA:204,30,0,12
BRDA:204,30,1,0
BRDA:217,31,0,2
BRDA:217,31,1,37
BRDA:217,32,0,39
BRDA:217,32,1,15
BRDA:229,33,0,192
BRDA:229,33,1,101
BRDA:230,34,0,192
BRDA:230,34,1,31
BRDA:233,35,0,78
BRDA:233,35,1,114
BRDA:237,36,0,30
BRDA:237,36,1,84
BRDA:244,37,0,30
BRDA:244,37,1,23
BRDA:244,37,2,7
BRDA:244,37,3,6
BRDA:251,38,0,91
BRDA:251,38,1,0
BRDA:253,39,0,44
BRDA:253,39,1,47
BRDA:268,40,0,2
BRDA:268,40,1,2
BRDA:269,41,0,2
BRDA:269,41,1,0
BRDA:283,42,0,0
BRDA:283,42,1,2
BRDA:288,43,0,2
BRDA:288,43,1,0
BRDA:302,44,0,0
BRDA:302,44,1,2
BRDA:309,45,0,4
BRDA:309,45,1,88
BRDA:309,46,0,92
BRDA:309,46,1,91
BRDA:309,46,2,90
BRDA:309,46,3,89
BRDA:312,47,0,1
BRDA:312,47,1,87
BRDA:315,48,0,1
BRDA:315,48,1,86
BRDA:321,49,0,1
BRDA:321,49,1,85
BRDA:321,50,0,86
BRDA:321,50,1,18
BRDA:329,51,0,220
BRDA:329,51,1,156
BRDA:329,51,2,155
BRDA:338,52,0,64
BRDA:338,52,1,21
BRDA:338,53,0,85
BRDA:338,53,1,64
BRDA:367,54,0,16
BRDA:367,54,1,0
BRDA:383,55,0,0
BRDA:383,55,1,0
BRDA:419,56,0,0
BRDA:419,56,1,0
BRDA:421,57,0,0
BRDA:421,57,1,0
BRDA:424,58,0,0
BRDA:424,58,1,0
BRDA:440,59,0,0
BRDA:440,59,1,0
BRDA:442,60,0,0
BRDA:442,60,1,0
BRDA:442,61,0,0
BRDA:442,61,1,0
BRDA:461,62,0,0
BRDA:461,62,1,0
BRDA:473,63,0,0
BRDA:473,63,1,0
BRDA:514,64,0,0
BRDA:514,64,1,0
BRDA:514,65,0,0
BRDA:514,65,1,0
BRDA:532,66,0,0
BRDA:532,66,1,38
BRDA:532,67,0,38
BRDA:532,67,1,38
BRDA:532,67,2,38
BRDA:542,68,0,37
BRDA:542,68,1,1
BRDA:544,69,0,6
BRDA:544,69,1,31
BRDA:544,70,0,37
BRDA:544,70,1,26
BRDA:552,71,0,31
BRDA:552,71,1,18
BRDA:559,72,0,76
BRDA:559,72,1,76
BRDA:559,72,2,46
BRDA:562,73,0,16
BRDA:562,73,1,11
BRDA:565,74,0,20
BRDA:565,74,1,7
BRDA:570,75,0,0
BRDA:570,75,1,49
BRDA:576,76,0,20
BRDA:576,76,1,11
BRDA:580,77,0,0
BRDA:580,77,1,37
BRDA:580,78,0,37
BRDA:580,78,1,37
BRDA:585,79,0,1
BRDA:585,79,1,36
BRDA:590,80,0,1
BRDA:590,80,1,35
BRDA:611,81,0,1
BRDA:611,81,1,1
BRDA:611,82,0,2
BRDA:611,82,1,2
BRDA:627,83,0,1
BRDA:627,83,1,1
BRDA:627,84,0,2
BRDA:627,84,1,2
BRF:178
BRH:132
end_of_record
TN:
SF:D:\Schooldocumenten\Masterproef_projects\geo_data_integration\src\utils\Integration\OpenLR\coder\Location.js
FN:3,(anonymous_0)
FNF:1
FNH:1
FNDA:145,(anonymous_0)
DA:4,145
DA:5,145
DA:6,145
DA:8,145
DA:9,145
LF:5
LH:5
BRF:0
BRH:0
end_of_record
TN:
SF:D:\Schooldocumenten\Masterproef_projects\geo_data_integration\src\utils\Integration\OpenLR\coder\LocationReferencePoint.js
FN:4,(anonymous_0)
FNF:1
FNH:1
FNDA:89,(anonymous_0)
DA:5,89
DA:6,89
DA:7,89
DA:8,89
DA:9,89
DA:10,89
DA:11,89
DA:12,89
DA:13,89
LF:9
LH:9
BRF:0
BRH:0
end_of_record
TN:
SF:D:\Schooldocumenten\Masterproef_projects\geo_data_integration\src\utils\Integration\OpenLR\experimental\LinesDirectlyToLRPs.js
FN:14,LinesDirectlyToLRPs
FNF:1
FNH:1
FNDA:2,LinesDirectlyToLRPs
DA:15,2
DA:16,0
DA:18,2
DA:19,2
DA:20,2
DA:21,6
DA:23,2
LF:7
LH:6
BRDA:15,0,0,0
BRDA:15,0,1,2
BRDA:19,1,0,1
BRDA:19,1,1,1
BRF:4
BRH:3
end_of_record
TN:
SF:D:\Schooldocumenten\Masterproef_projects\geo_data_integration\src\utils\Integration\OpenLR\map\Enum.js
FNF:0
FNH:0
DA:1,18
DA:12,18
DA:23,18
DA:36,18
LF:4
LH:4
BRF:0
BRH:0
end_of_record
TN:
SF:D:\Schooldocumenten\Masterproef_projects\geo_data_integration\src\utils\Integration\OpenLR\map\Line.js
FN:12,(anonymous_0)
FN:27,(anonymous_1)
FN:31,(anonymous_2)
FN:35,(anonymous_3)
FN:39,(anonymous_4)
FN:43,(anonymous_5)
FN:66,(anonymous_6)
FN:70,(anonymous_7)
FN:74,(anonymous_8)
FN:110,(anonymous_9)
FN:124,(anonymous_10)
FN:137,(anonymous_11)
FN:157,(anonymous_12)
FNF:13
FNH:12
FNDA:1610750,(anonymous_0)
FNDA:4852055,(anonymous_1)
FNDA:4853608,(anonymous_2)
FNDA:233,(anonymous_3)
FNDA:1079,(anonymous_4)
FNDA:2475,(anonymous_5)
FNDA:74236,(anonymous_6)
FNDA:0,(anonymous_7)
FNDA:101,(anonymous_8)
FNDA:2404,(anonymous_9)
FNDA:293,(anonymous_10)
FNDA:327,(anonymous_11)
FNDA:256,(anonymous_12)
DA:13,1610750
DA:14,1610750
DA:15,1610750
DA:16,1610750
DA:17,1610750
DA:18,1610750
DA:19,1610750
DA:20,1610750
DA:21,1610750
DA:22,1610750
DA:23,1610750
DA:24,1610750
DA:28,4852055
DA:32,4853608
DA:36,233
DA:40,1079
DA:44,2475
DA:45,718
DA:49,718
DA:53,718
DA:54,708
DA:57,10
DA:59,718
DA:60,0
DA:63,2475
DA:67,74236
DA:71,0
DA:75,101
DA:76,0
DA:77,0
DA:78,0
DA:79,0
DA:85,0
DA:91,101
DA:96,101
DA:97,91
DA:100,10
DA:104,101
DA:111,2404
DA:112,2404
DA:116,2404
DA:117,2404
DA:120,0
DA:125,293
DA:126,293
DA:130,293
DA:131,293
DA:138,327
DA:139,274
DA:141,274
DA:142,208
DA:145,66
DA:146,66
DA:149,274
DA:151,274
DA:152,274
DA:154,327
DA:158,256
DA:159,199
DA:161,199
DA:162,164
DA:165,35
DA:166,35
DA:169,199
DA:171,199
DA:172,199
DA:174,256
LF:67
LH:59
BRDA:44,0,0,718
BRDA:44,0,1,1757
BRDA:44,1,0,2475
BRDA:44,1,1,718
BRDA:44,1,2,718
BRDA:53,2,0,708
BRDA:53,2,1,10
BRDA:59,3,0,0
BRDA:59,3,1,718
BRDA:75,4,0,0
BRDA:75,4,1,101
BRDA:77,5,0,0
BRDA:77,5,1,0
BRDA:78,6,0,0
BRDA:78,6,1,0
BRDA:96,7,0,91
BRDA:96,7,1,10
BRDA:116,8,0,2404
BRDA:116,8,1,0
BRDA:138,9,0,274
BRDA:138,9,1,53
BRDA:141,10,0,208
BRDA:141,10,1,66
BRDA:158,11,0,199
BRDA:158,11,1,57
BRDA:161,12,0,164
BRDA:161,12,1,35
BRF:27
BRH:20
end_of_record
TN:
SF:D:\Schooldocumenten\Masterproef_projects\geo_data_integration\src\utils\Integration\OpenLR\map\MapDataBase.js
FN:6,(anonymous_0)
FN:26,(anonymous_1)
FN:43,(anonymous_2)
FN:47,(anonymous_3)
FN:51,(anonymous_4)
FN:55,(anonymous_5)
FN:59,(anonymous_6)
FN:68,(anonymous_7)
FN:72,(anonymous_8)
FN:81,(anonymous_9)
FN:95,(anonymous_10)
FN:99,(anonymous_11)
FN:103,(anonymous_12)
FN:107,(anonymous_13)
FN:111,(anonymous_14)
FN:116,(anonymous_15)
FNF:16
FNH:13
FNDA:69,(anonymous_0)
FNDA:29,(anonymous_1)
FNDA:40,(anonymous_2)
FNDA:0,(anonymous_3)
FNDA:0,(anonymous_4)
FNDA:61,(anonymous_5)
FNDA:270,(anonymous_6)
FNDA:24,(anonymous_7)
FNDA:394,(anonymous_8)
FNDA:39,(anonymous_9)
FNDA:1,(anonymous_10)
FNDA:1,(anonymous_11)
FNDA:0,(anonymous_12)
FNDA:1,(anonymous_13)
FNDA:1,(anonymous_14)
FNDA:3,(anonymous_15)
DA:17,69
DA:18,69
DA:19,69
DA:20,69
DA:21,69
DA:22,69
DA:23,69
DA:35,29
DA:36,29
DA:37,29
DA:38,29
DA:39,29
DA:40,29
DA:44,40
DA:48,0
DA:52,0
DA:56,61
DA:57,61
DA:58,61
DA:59,61
DA:60,270
DA:61,270
DA:62,257
DA:65,61
DA:69,24
DA:70,24
DA:71,24
DA:72,24
DA:73,394
DA:74,394
DA:75,329
DA:78,24
DA:83,39
DA:85,39
DA:88,0
DA:89,0
DA:90,0
DA:92,0
DA:96,1
DA:100,1
DA:104,0
DA:108,1
DA:112,1
DA:124,3
DA:125,3
DA:126,3
DA:127,7015
DA:128,7015
DA:130,6997
DA:131,6997
DA:135,3
DA:136,16488
DA:137,16488
DA:139,16482
DA:140,16482
DA:143,22
DA:145,16482
DA:146,16482
DA:149,22
DA:151,16482
DA:152,16482
DA:156,3
DA:157,3
LF:63
LH:56
BRDA:7,0,0,31
BRDA:8,1,0,31
BRDA:9,2,0,69
BRDA:15,3,0,69
BRDA:27,4,0,0
BRDA:27,5,0,0
BRDA:27,6,0,29
BRDA:32,7,0,29
BRDA:61,8,0,257
BRDA:61,8,1,13
BRDA:74,9,0,329
BRDA:74,9,1,65
BRDA:83,10,0,39
BRDA:83,10,1,0
BRDA:89,11,0,0
BRDA:89,11,1,0
BRDA:116,12,0,0
BRDA:116,13,0,0
BRDA:116,14,0,3
BRDA:127,15,0,7015
BRDA:127,15,1,0
BRDA:128,16,0,6997
BRDA:128,16,1,18
BRDA:136,17,0,16488
BRDA:136,17,1,0
BRDA:137,18,0,16482
BRDA:137,18,1,6
BRDA:140,19,0,22
BRDA:140,19,1,16460
BRDA:146,20,0,22
BRDA:146,20,1,16460
BRF:31
BRH:22
end_of_record
TN:
SF:D:\Schooldocumenten\Masterproef_projects\geo_data_integration\src\utils\Integration\OpenLR\map\Node.js
FN:7,(anonymous_0)
FN:17,(anonymous_1)
FN:22,(anonymous_2)
FN:26,(anonymous_3)
FN:30,(anonymous_4)
FN:34,(anonymous_5)
FN:38,(anonymous_6)
FN:42,(anonymous_7)
FNF:8
FNH:8
FNDA:1039110,(anonymous_0)
FNDA:1039286,(anonymous_1)
FNDA:4874996,(anonymous_2)
FNDA:4874672,(anonymous_3)
FNDA:871,(anonymous_4)
FNDA:824,(anonymous_5)
FNDA:307136,(anonymous_6)
FNDA:1425,(anonymous_7)
DA:8,1039110
DA:9,1039110
DA:10,1039110
DA:11,1039110
DA:12,1039110
DA:13,1039110
DA:14,1039110
DA:18,1039286
DA:19,1039286
DA:23,4874996
DA:27,4874672
DA:31,871
DA:35,824
DA:39,307136
DA:43,1425
DA:47,1425
DA:51,1425
DA:52,1422
DA:55,3
LF:19
LH:19
BRDA:7,0,0,0
BRDA:7,1,0,3619
BRDA:7,2,0,3619
BRDA:7,3,0,1039110
BRDA:7,4,0,1039110
BRDA:51,5,0,1422
BRDA:51,5,1,3
BRF:7
BRH:6
end_of_record
TN:
SF:D:\Schooldocumenten\Masterproef_projects\geo_data_integration\src\utils\Integration\OpenLR\map\SlowMapDataBase.js
FN:2,(anonymous_0)
FN:21,(anonymous_1)
FN:38,(anonymous_2)
FN:42,(anonymous_3)
FN:46,(anonymous_4)
FN:51,(anonymous_5)
FN:65,(anonymous_6)
FN:78,(anonymous_7)
FN:92,(anonymous_8)
FN:96,(anonymous_9)
FN:100,(anonymous_10)
FN:104,(anonymous_11)
FN:108,(anonymous_12)
FN:114,(anonymous_13)
FN:118,(anonymous_14)
FNF:15
FNH:4
FNDA:6,(anonymous_0)
FNDA:6,(anonymous_1)
FNDA:0,(anonymous_2)
FNDA:0,(anonymous_3)
FNDA:0,(anonymous_4)
FNDA:3,(anonymous_5)
FNDA:3,(anonymous_6)
FNDA:0,(anonymous_7)
FNDA:0,(anonymous_8)
FNDA:0,(anonymous_9)
FNDA:0,(anonymous_10)
FNDA:0,(anonymous_11)
FNDA:0,(anonymous_12)
FNDA:0,(anonymous_13)
FNDA:0,(anonymous_14)
DA:13,6
DA:14,6
DA:15,6
DA:16,6
DA:17,6
DA:18,6
DA:30,6
DA:31,6
DA:32,6
DA:33,6
DA:34,6
DA:35,6
DA:39,0
DA:43,0
DA:47,0
DA:52,3
DA:53,3
DA:54,1134
DA:55,1134
DA:56,1134
DA:57,6
DA:61,3
DA:66,3
DA:67,3
DA:68,2010
DA:69,2010
DA:70,2010
DA:71,36
DA:75,3
DA:80,0
DA:82,0
DA:85,0
DA:86,0
DA:87,0
DA:89,0
DA:93,0
DA:97,0
DA:101,0
DA:105,0
DA:109,0
DA:115,0
DA:119,0
LF:42
LH:26
BRDA:3,0,0,6
BRDA:4,1,0,6
BRDA:5,2,0,6
BRDA:11,3,0,6
BRDA:22,4,0,0
BRDA:22,5,0,0
BRDA:22,6,0,6
BRDA:27,7,0,6
BRDA:54,8,0,1134
BRDA:54,8,1,0
BRDA:56,9,0,6
BRDA:56,9,1,1128
BRDA:68,10,0,2010
BRDA:68,10,1,0
BRDA:70,11,0,36
BRDA:70,11,1,1974
BRDA:80,12,0,0
BRDA:80,12,1,0
BRDA:86,13,0,0
BRDA:86,13,1,0
BRF:20
BRH:12
end_of_record
TN:
SF:D:\Schooldocumenten\Masterproef_projects\geo_data_integration\src\utils\Integration\OpenLR\test\Helperfunctions.js
FN:6,generateStraightLaneTestData
FN:52,mapNodesLinesToID
FN:56,(anonymous_2)
FN:61,(anonymous_3)
FN:72,generateTestNetwork
FN:117,generateRealisticLengthTestNetwork
FN:162,loadRTtestNetworkWithLoop
FNF:7
FNH:7
FNDA:29,generateStraightLaneTestData
FNDA:44,mapNodesLinesToID
FNDA:307,(anonymous_2)
FNDA:520,(anonymous_3)
FNDA:18,generateTestNetwork
FNDA:25,generateRealisticLengthTestNetwork
FNDA:2,loadRTtestNetworkWithLoop
DA:7,29
DA:8,29
DA:9,29
DA:10,29
DA:11,29
DA:12,29
DA:13,29
DA:15,29
DA:16,29
DA:17,29
DA:18,29
DA:19,29
DA:20,29
DA:21,29
DA:22,29
DA:23,29
DA:24,29
DA:26,29
DA:27,29
DA:29,29
DA:30,29
DA:32,29
DA:33,29
DA:35,29
DA:36,29
DA:38,29
DA:39,29
DA:41,29
DA:53,44
DA:54,44
DA:56,44
DA:57,307
DA:58,307
DA:61,44
DA:62,520
DA:63,505
DA:66,44
DA:73,18
DA:74,18
DA:75,18
DA:76,18
DA:77,18
DA:78,18
DA:79,18
DA:80,18
DA:81,18
DA:82,18
DA:84,18
DA:85,18
DA:86,18
DA:87,18
DA:88,18
DA:89,18
DA:90,18
DA:91,18
DA:92,18
DA:93,18
DA:94,18
DA:95,18
DA:96,18
DA:97,18
DA:98,18
DA:99,18
DA:100,18
DA:101,18
DA:102,18
DA:103,18
DA:104,18
DA:105,18
DA:106,18
DA:107,18
DA:108,18
DA:109,18
DA:111,18
DA:118,25
DA:119,25
DA:120,25
DA:121,25
DA:122,25
DA:123,25
DA:124,25
DA:125,25
DA:126,25
DA:127,25
DA:129,25
DA:130,25
DA:131,25
DA:132,25
DA:133,25
DA:134,25
DA:135,25
DA:136,25
DA:137,25
DA:138,25
DA:139,25
DA:140,25
DA:141,25
DA:142,25
DA:143,25
DA:144,25
DA:145,25
DA:146,25
DA:147,25
DA:148,25
DA:149,25
DA:150,25
DA:151,25
DA:152,25
DA:153,25
DA:154,25
DA:156,25
DA:163,2
DA:164,2
DA:165,2
DA:166,2
DA:167,2
DA:168,2
DA:169,2
DA:170,2
DA:171,2
DA:172,2
DA:173,2
DA:174,2
DA:175,2
DA:176,2
DA:177,2
DA:179,2
DA:180,2
DA:181,2
DA:182,2
DA:183,2
DA:184,2
DA:185,2
DA:186,2
DA:187,2
DA:188,2
DA:189,2
DA:190,2
DA:191,2
DA:192,2
DA:193,2
DA:195,2
LF:142
LH:142
BRDA:57,0,0,307
BRDA:57,0,1,0
BRDA:62,1,0,505
BRDA:62,1,1,15
BRF:4
BRH:3
end_of_record
TN:
SF:D:\Schooldocumenten\Masterproef_projects\geo_data_integration\src\utils\Integration\OpenLRIntegration\OSMIntegration.js
FN:8,(anonymous_0)
FN:13,(anonymous_1)
FN:73,(anonymous_2)
FN:78,(anonymous_3)
FN:116,(anonymous_4)
FN:126,(anonymous_5)
FN:147,(anonymous_6)
FNF:7
FNH:7
FNDA:28,(anonymous_0)
FNDA:28,(anonymous_1)
FNDA:2,(anonymous_2)
FNDA:2,(anonymous_3)
FNDA:18468,(anonymous_4)
FNDA:18468,(anonymous_5)
FNDA:36936,(anonymous_6)
DA:9,28
DA:10,28
DA:14,28
DA:15,28
DA:16,28
DA:17,28
DA:18,202356
DA:19,202356
DA:20,202356
DA:23,28
DA:24,2436
DA:25,2436
DA:28,11284
DA:29,11284
DA:30,11284
DA:31,11284
DA:34,11284
DA:35,11284
DA:36,9884
DA:37,9884
DA:38,9884
DA:39,41524
DA:40,6048
DA:41,6048
DA:42,5712
DA:45,41524
DA:48,1400
DA:49,0
DA:52,11284
DA:54,5572
DA:55,5572
DA:56,5572
DA:57,5572
DA:61,11284
DA:62,11284
DA:66,28
DA:74,2
DA:75,2
DA:79,2
DA:80,2
DA:81,2
DA:82,2
DA:83,14454
DA:84,14454
DA:85,14454
DA:88,2
DA:89,174
DA:90,174
DA:93,806
DA:94,806
DA:95,806
DA:96,806
DA:99,806
DA:100,806
DA:101,806
DA:102,806
DA:105,806
DA:106,806
DA:110,2
DA:117,18468
DA:118,18468
DA:119,14040
DA:122,4428
DA:127,18468
DA:136,18468
DA:137,0
DA:139,18468
DA:140,18468
DA:143,0
DA:148,36936
DA:149,36936
DA:150,30936
DA:151,30936
DA:152,132600
DA:153,30936
DA:154,0
DA:156,30936
DA:158,132600
DA:161,6000
DA:162,6000
DA:164,36936
LF:81
LH:77
BRDA:18,0,0,202356
BRDA:18,0,1,0
BRDA:24,1,0,2436
BRDA:24,1,1,0
BRDA:35,2,0,9884
BRDA:35,2,1,1400
BRDA:38,3,0,51408
BRDA:38,3,1,45360
BRDA:39,4,0,6048
BRDA:39,4,1,35476
BRDA:41,5,0,5712
BRDA:41,5,1,336
BRDA:48,6,0,0
BRDA:48,6,1,1400
BRDA:48,7,0,1400
BRDA:48,7,1,0
BRDA:52,8,0,5572
BRDA:52,8,1,5712
BRDA:83,9,0,14454
BRDA:83,9,1,0
BRDA:89,10,0,174
BRDA:89,10,1,0
BRDA:118,11,0,14040
BRDA:118,11,1,4428
BRDA:118,12,0,18468
BRDA:118,12,1,18468
BRDA:136,13,0,0
BRDA:136,13,1,18468
BRDA:136,14,0,18468
BRDA:136,14,1,0
BRDA:139,15,0,18468
BRDA:139,15,1,0
BRDA:139,16,0,18468
BRDA:139,16,1,18468
BRDA:149,17,0,30936
BRDA:149,17,1,6000
BRDA:152,18,0,30936
BRDA:152,18,1,101664
BRDA:153,19,0,0
BRDA:153,19,1,30936
BRDA:161,20,0,6000
BRDA:161,20,1,0
BRF:42
BRH:31
end_of_record
TN:
SF:D:\Schooldocumenten\Masterproef_projects\geo_data_integration\src\utils\Integration\OpenLRIntegration\RoutableTilesIntegration.js
FN:8,(anonymous_0)
FN:13,(anonymous_1)
FN:57,(anonymous_2)
FN:66,(anonymous_3)
FNF:4
FNH:4
FNDA:3,(anonymous_0)
FNDA:6,(anonymous_1)
FNDA:37752,(anonymous_2)
FNDA:37752,(anonymous_3)
DA:9,3
DA:10,3
DA:14,6
DA:15,6
DA:16,6
DA:17,6
DA:18,6
DA:19,19719
DA:20,19719
DA:21,19719
DA:22,19719
DA:23,30739
DA:27,6
DA:28,4790
DA:29,4790
DA:33,18876
DA:34,18876
DA:35,18876
DA:36,18876
DA:37,18876
DA:39,18876
DA:40,18876
DA:41,18876
DA:42,18876
DA:45,18876
DA:46,18876
DA:51,6
DA:58,37752
DA:59,0
DA:62,37752
DA:75,37752
DA:76,42
DA:78,37710
DA:79,35066
DA:82,2644
LF:35
LH:34
BRDA:19,0,0,19719
BRDA:19,0,1,0
BRDA:28,1,0,4790
BRDA:28,1,1,0
BRDA:37,2,0,18876
BRDA:37,2,1,0
BRDA:37,3,0,18876
BRDA:37,3,1,0
BRDA:58,4,0,0
BRDA:58,4,1,37752
BRDA:58,5,0,37752
BRDA:58,5,1,36046
BRDA:75,6,0,42
BRDA:75,6,1,37710
BRDA:75,7,0,37752
BRDA:75,7,1,42
BRDA:78,8,0,35066
BRDA:78,8,1,2644
BRDA:78,9,0,37710
BRDA:78,9,1,36004
BRF:20
BRH:15
end_of_record
TN:
SF:D:\Schooldocumenten\Masterproef_projects\geo_data_integration\src\utils\Integration\OpenLRIntegration\WegenregisterAntwerpenIntegration.js
FN:12,(anonymous_0)
FN:17,(anonymous_1)
FN:164,(anonymous_2)
FN:173,(anonymous_3)
FNF:4
FNH:4
FNDA:2,(anonymous_0)
FNDA:2,(anonymous_1)
FNDA:1553224,(anonymous_2)
FNDA:1553224,(anonymous_3)
DA:13,2
DA:14,2
DA:18,2
DA:19,2
DA:21,2
DA:22,122668
DA:24,122668
DA:26,122662
DA:27,122662
DA:28,122662
DA:29,122662
DA:30,44118
DA:33,122662
DA:34,835188
DA:35,835188
DA:36,835188
DA:37,757806
DA:39,835188
DA:40,835188
DA:43,835188
DA:44,773790
DA:46,773790
DA:47,773790
DA:49,835188
DA:50,779434
DA:52,779434
DA:53,779434
DA:60,2
DA:165,1553224
DA:166,1553224
DA:169,0
DA:174,1553224
DA:175,1553224
DA:178,0
LF:34
LH:32
BRDA:22,0,0,122668
BRDA:22,0,1,122668
BRDA:24,1,0,122662
BRDA:24,1,1,6
BRDA:26,2,0,122662
BRDA:26,2,1,0
BRDA:29,3,0,44118
BRDA:29,3,1,78544
BRDA:36,4,0,757806
BRDA:36,4,1,77382
BRDA:43,5,0,773790
BRDA:43,5,1,61398
BRDA:43,6,0,835188
BRDA:43,6,1,188248
BRDA:43,6,2,151298
BRDA:49,7,0,779434
BRDA:49,7,1,55754
BRDA:49,8,0,835188
BRDA:49,8,1,188248
BRDA:49,8,2,145654
BRDA:165,9,0,1553224
BRDA:165,9,1,0
BRDA:165,10,0,1553224
BRDA:165,10,1,1553224
BRDA:174,11,0,1553224
BRDA:174,11,1,0
BRDA:174,12,0,1553224
BRDA:174,12,1,1553224
BRF:28
BRH:25
end_of_record
TN:
SF:D:\Schooldocumenten\Masterproef_projects\geo_data_integration\src\utils\Integration\OpenLRIntegration\FOWmappings\OsmFowHighwayMapping.js
FNF:0
FNH:0
DA:5,6
LF:1
LH:1
BRF:0
BRH:0
end_of_record
TN:
SF:D:\Schooldocumenten\Masterproef_projects\geo_data_integration\src\utils\Integration\OpenLRIntegration\FOWmappings\WegenregisterAntwerpenFowMorfMapping.js
FNF:0
FNH:0
DA:5,5
LF:1
LH:1
BRF:0
BRH:0
end_of_record
TN:
SF:D:\Schooldocumenten\Masterproef_projects\geo_data_integration\src\utils\Integration\OpenLRIntegration\FRCmappings\OsmFrcHighwayMapping.js
FNF:0
FNH:0
DA:4,6
LF:1
LH:1
BRF:0
BRH:0
end_of_record
TN:
SF:D:\Schooldocumenten\Masterproef_projects\geo_data_integration\src\utils\Integration\OpenLRIntegration\FRCmappings\WegenregisterAntwerpenFrcWegcatMapping.js
FNF:0
FNH:0
DA:5,5
LF:1
LH:1
BRF:0
BRH:0
end_of_record
